[0.814s] DEBUG:colcon:Command line arguments: ['/usr/bin/colcon', 'build', '--packages-select', 'turtlebot_bringup']
[0.815s] DEBUG:colcon:Parsed command line arguments: Namespace(ament_cmake_args=None, base_paths='.', build_base='build', catkin_cmake_args=None, catkin_skip_building_tests=False, cmake_args=None, cmake_clean_cache=False, cmake_clean_first=False, cmake_force_configure=False, cmake_target=None, cmake_target_skip_unavailable=False, continue_on_error=False, event_handlers=None, executor='parallel', ignore_user_meta=False, install_base='install', log_base='log', log_level=None, main=<bound method BuildVerb.main of <colcon_core.verb.build.BuildVerb object at 0x7fd6f8014f28>>, merge_install=False, metas='./colcon.meta', packages_above=None, packages_above_depth=None, packages_end=None, packages_ignore=None, packages_ignore_regex=None, packages_select=['turtlebot_bringup'], packages_select_build_failed=False, packages_select_by_dep=None, packages_select_regex=None, packages_select_test_failures=False, packages_skip=None, packages_skip_build_finished=False, packages_skip_by_dep=None, packages_skip_regex=None, packages_skip_test_passed=False, packages_skip_up_to=None, packages_start=None, packages_up_to=None, parallel_workers=4, paths=None, symlink_install=False, test_result_base=None, verb_extension=<colcon_core.verb.build.BuildVerb object at 0x7fd6f8014f28>, verb_name='build', verb_parser=<colcon_defaults.argument_parser.defaults.DefaultArgumentsDecorator object at 0x7fd6f8022278>)
[1.022s] Level 1:colcon.colcon_core.package_discovery:discover_packages(colcon_meta) check parameters
[1.023s] Level 1:colcon.colcon_core.package_discovery:discover_packages(recursive) check parameters
[1.023s] Level 1:colcon.colcon_core.package_discovery:discover_packages(ignore) check parameters
[1.023s] Level 1:colcon.colcon_core.package_discovery:discover_packages(path) check parameters
[1.023s] Level 1:colcon.colcon_core.package_discovery:discover_packages(recursive) discover
[1.024s] INFO:colcon.colcon_core.package_discovery:Crawling recursively for packages in '/home/turtlebot2/Desktop/turtlebot2_ros2'
[1.025s] Level 1:colcon.colcon_core.package_identification:_identify(/home/turtlebot2/Desktop/turtlebot2_ros2) by extensions ['ignore', 'ignore_ament_install']
[1.025s] Level 1:colcon.colcon_core.package_identification:_identify(/home/turtlebot2/Desktop/turtlebot2_ros2) by extension 'ignore'
[1.026s] Level 1:colcon.colcon_core.package_identification:_identify(/home/turtlebot2/Desktop/turtlebot2_ros2) by extension 'ignore_ament_install'
[1.026s] Level 1:colcon.colcon_core.package_identification:_identify(/home/turtlebot2/Desktop/turtlebot2_ros2) by extensions ['colcon_pkg']
[1.027s] Level 1:colcon.colcon_core.package_identification:_identify(/home/turtlebot2/Desktop/turtlebot2_ros2) by extension 'colcon_pkg'
[1.027s] Level 1:colcon.colcon_core.package_identification:_identify(/home/turtlebot2/Desktop/turtlebot2_ros2) by extensions ['colcon_meta']
[1.027s] Level 1:colcon.colcon_core.package_identification:_identify(/home/turtlebot2/Desktop/turtlebot2_ros2) by extension 'colcon_meta'
[1.027s] Level 1:colcon.colcon_core.package_identification:_identify(/home/turtlebot2/Desktop/turtlebot2_ros2) by extensions ['ros']
[1.028s] Level 1:colcon.colcon_core.package_identification:_identify(/home/turtlebot2/Desktop/turtlebot2_ros2) by extension 'ros'
[1.076s] DEBUG:colcon.colcon_core.package_identification:Package '/home/turtlebot2/Desktop/turtlebot2_ros2' with type 'ros.ament_cmake' and name 'turtlebot_bringup'
[1.077s] Level 1:colcon.colcon_core.package_discovery:discover_packages(recursive) using defaults
[1.106s] Level 5:colcon.colcon_core.verb:set package 'turtlebot_bringup' build argument 'cmake_args' from command line to 'None'
[1.106s] Level 5:colcon.colcon_core.verb:set package 'turtlebot_bringup' build argument 'cmake_target' from command line to 'None'
[1.106s] Level 5:colcon.colcon_core.verb:set package 'turtlebot_bringup' build argument 'cmake_target_skip_unavailable' from command line to 'False'
[1.107s] Level 5:colcon.colcon_core.verb:set package 'turtlebot_bringup' build argument 'cmake_clean_cache' from command line to 'False'
[1.107s] Level 5:colcon.colcon_core.verb:set package 'turtlebot_bringup' build argument 'cmake_clean_first' from command line to 'False'
[1.107s] Level 5:colcon.colcon_core.verb:set package 'turtlebot_bringup' build argument 'cmake_force_configure' from command line to 'False'
[1.107s] Level 5:colcon.colcon_core.verb:set package 'turtlebot_bringup' build argument 'ament_cmake_args' from command line to 'None'
[1.107s] Level 5:colcon.colcon_core.verb:set package 'turtlebot_bringup' build argument 'catkin_cmake_args' from command line to 'None'
[1.108s] Level 5:colcon.colcon_core.verb:set package 'turtlebot_bringup' build argument 'catkin_skip_building_tests' from command line to 'False'
[1.108s] DEBUG:colcon.colcon_core.verb:Building package 'turtlebot_bringup' with the following arguments: {'ament_cmake_args': None, 'build_base': '/home/turtlebot2/Desktop/turtlebot2_ros2/build/turtlebot_bringup', 'catkin_cmake_args': None, 'catkin_skip_building_tests': False, 'cmake_args': None, 'cmake_clean_cache': False, 'cmake_clean_first': False, 'cmake_force_configure': False, 'cmake_target': None, 'cmake_target_skip_unavailable': False, 'install_base': '/home/turtlebot2/Desktop/turtlebot2_ros2/install/turtlebot_bringup', 'merge_install': False, 'path': '/home/turtlebot2/Desktop/turtlebot2_ros2', 'symlink_install': False, 'test_result_base': None}
[1.116s] INFO:colcon.colcon_core.executor:Executing jobs using 'parallel' executor
[1.118s] DEBUG:colcon.colcon_parallel_executor.executor.parallel:run_until_complete
[1.119s] INFO:colcon.colcon_ros.task.ament_cmake.build:Building ROS package in '/home/turtlebot2/Desktop/turtlebot2_ros2' with build type 'ament_cmake'
[1.168s] INFO:colcon.colcon_core.plugin_system:Skipping extension 'colcon_core.shell.bat': Not used on non-Windows systems
[1.169s] INFO:colcon.colcon_cmake.task.cmake.build:Building CMake package in '/home/turtlebot2/Desktop/turtlebot2_ros2'
[1.173s] INFO:colcon.colcon_core.shell:Skip shell extension 'powershell' for command environment: Not usable outside of PowerShell
[1.173s] DEBUG:colcon.colcon_core.shell:Skip shell extension 'dsv' for command environment
[1.201s] DEBUG:colcon.colcon_parallel_executor.executor.parallel:run_until_complete was interrupted
[1.201s] DEBUG:colcon.colcon_parallel_executor.executor.parallel:run_until_complete again
[1.203s] DEBUG:colcon.colcon_parallel_executor.executor.parallel:run_until_complete finished
[1.203s] DEBUG:colcon.colcon_parallel_executor.executor.parallel:closing loop
[1.203s] DEBUG:colcon.colcon_parallel_executor.executor.parallel:loop closed
[1.203s] DEBUG:colcon.colcon_core.event_reactor:joining thread
[1.240s] INFO:colcon.colcon_core.plugin_system:Skipping extension 'colcon_notification.desktop_notification.terminal_notifier': Not used on non-Darwin systems
[1.241s] INFO:colcon.colcon_core.plugin_system:Skipping extension 'colcon_notification.desktop_notification.win32': Not used on non-Windows systems
[1.241s] INFO:colcon.colcon_notification.desktop_notification:Sending desktop notification using 'notify2'
[1.250s] DEBUG:colcon.colcon_core.event_reactor:joined thread
[1.253s] INFO:colcon.colcon_core.shell:Creating prefix script '/home/turtlebot2/Desktop/turtlebot2_ros2/install/local_setup.ps1'
[1.258s] INFO:colcon.colcon_core.shell:Creating prefix chain script '/home/turtlebot2/Desktop/turtlebot2_ros2/install/setup.ps1'
[1.301s] INFO:colcon.colcon_core.shell:Creating prefix script '/home/turtlebot2/Desktop/turtlebot2_ros2/install/local_setup.sh'
[1.303s] INFO:colcon.colcon_core.shell:Creating prefix util module '/home/turtlebot2/Desktop/turtlebot2_ros2/install/_local_setup_util_sh.py'
[1.307s] INFO:colcon.colcon_core.shell:Creating prefix chain script '/home/turtlebot2/Desktop/turtlebot2_ros2/install/setup.sh'
[1.350s] INFO:colcon.colcon_core.shell:Creating prefix script '/home/turtlebot2/Desktop/turtlebot2_ros2/install/local_setup.bash'
[1.353s] INFO:colcon.colcon_core.shell:Creating prefix chain script '/home/turtlebot2/Desktop/turtlebot2_ros2/install/setup.bash'
[1.395s] INFO:colcon.colcon_core.shell:Creating prefix script '/home/turtlebot2/Desktop/turtlebot2_ros2/install/local_setup.zsh'
[1.397s] INFO:colcon.colcon_core.shell:Creating prefix chain script '/home/turtlebot2/Desktop/turtlebot2_ros2/install/setup.zsh'
