[0.818s] DEBUG:colcon:Command line arguments: ['/usr/bin/colcon', 'build', '--packages-select', 'turtlebot_bringup']
[0.818s] DEBUG:colcon:Parsed command line arguments: Namespace(ament_cmake_args=None, base_paths='.', build_base='build', catkin_cmake_args=None, catkin_skip_building_tests=False, cmake_args=None, cmake_clean_cache=False, cmake_clean_first=False, cmake_force_configure=False, cmake_target=None, cmake_target_skip_unavailable=False, continue_on_error=False, event_handlers=None, executor='parallel', ignore_user_meta=False, install_base='install', log_base='log', log_level=None, main=<bound method BuildVerb.main of <colcon_core.verb.build.BuildVerb object at 0x7f554f7f1f28>>, merge_install=False, metas='./colcon.meta', packages_above=None, packages_above_depth=None, packages_end=None, packages_ignore=None, packages_ignore_regex=None, packages_select=['turtlebot_bringup'], packages_select_build_failed=False, packages_select_by_dep=None, packages_select_regex=None, packages_select_test_failures=False, packages_skip=None, packages_skip_build_finished=False, packages_skip_by_dep=None, packages_skip_regex=None, packages_skip_test_passed=False, packages_skip_up_to=None, packages_start=None, packages_up_to=None, parallel_workers=4, paths=None, symlink_install=False, test_result_base=None, verb_extension=<colcon_core.verb.build.BuildVerb object at 0x7f554f7f1f28>, verb_name='build', verb_parser=<colcon_defaults.argument_parser.defaults.DefaultArgumentsDecorator object at 0x7f554f7ff278>)
[1.028s] Level 1:colcon.colcon_core.package_discovery:discover_packages(colcon_meta) check parameters
[1.029s] Level 1:colcon.colcon_core.package_discovery:discover_packages(recursive) check parameters
[1.030s] Level 1:colcon.colcon_core.package_discovery:discover_packages(ignore) check parameters
[1.030s] Level 1:colcon.colcon_core.package_discovery:discover_packages(path) check parameters
[1.030s] Level 1:colcon.colcon_core.package_discovery:discover_packages(recursive) discover
[1.031s] INFO:colcon.colcon_core.package_discovery:Crawling recursively for packages in '/home/turtlebot2/Desktop/turtlebot2_ros2'
[1.032s] Level 1:colcon.colcon_core.package_identification:_identify(/home/turtlebot2/Desktop/turtlebot2_ros2) by extensions ['ignore', 'ignore_ament_install']
[1.032s] Level 1:colcon.colcon_core.package_identification:_identify(/home/turtlebot2/Desktop/turtlebot2_ros2) by extension 'ignore'
[1.033s] Level 1:colcon.colcon_core.package_identification:_identify(/home/turtlebot2/Desktop/turtlebot2_ros2) by extension 'ignore_ament_install'
[1.033s] Level 1:colcon.colcon_core.package_identification:_identify(/home/turtlebot2/Desktop/turtlebot2_ros2) by extensions ['colcon_pkg']
[1.034s] Level 1:colcon.colcon_core.package_identification:_identify(/home/turtlebot2/Desktop/turtlebot2_ros2) by extension 'colcon_pkg'
[1.034s] Level 1:colcon.colcon_core.package_identification:_identify(/home/turtlebot2/Desktop/turtlebot2_ros2) by extensions ['colcon_meta']
[1.034s] Level 1:colcon.colcon_core.package_identification:_identify(/home/turtlebot2/Desktop/turtlebot2_ros2) by extension 'colcon_meta'
[1.035s] Level 1:colcon.colcon_core.package_identification:_identify(/home/turtlebot2/Desktop/turtlebot2_ros2) by extensions ['ros']
[1.035s] Level 1:colcon.colcon_core.package_identification:_identify(/home/turtlebot2/Desktop/turtlebot2_ros2) by extension 'ros'
[1.084s] DEBUG:colcon.colcon_core.package_identification:Package '/home/turtlebot2/Desktop/turtlebot2_ros2' with type 'ros.ament_cmake' and name 'turtlebot_bringup'
[1.084s] Level 1:colcon.colcon_core.package_discovery:discover_packages(recursive) using defaults
[1.112s] Level 5:colcon.colcon_core.verb:set package 'turtlebot_bringup' build argument 'cmake_args' from command line to 'None'
[1.113s] Level 5:colcon.colcon_core.verb:set package 'turtlebot_bringup' build argument 'cmake_target' from command line to 'None'
[1.113s] Level 5:colcon.colcon_core.verb:set package 'turtlebot_bringup' build argument 'cmake_target_skip_unavailable' from command line to 'False'
[1.113s] Level 5:colcon.colcon_core.verb:set package 'turtlebot_bringup' build argument 'cmake_clean_cache' from command line to 'False'
[1.113s] Level 5:colcon.colcon_core.verb:set package 'turtlebot_bringup' build argument 'cmake_clean_first' from command line to 'False'
[1.113s] Level 5:colcon.colcon_core.verb:set package 'turtlebot_bringup' build argument 'cmake_force_configure' from command line to 'False'
[1.114s] Level 5:colcon.colcon_core.verb:set package 'turtlebot_bringup' build argument 'ament_cmake_args' from command line to 'None'
[1.114s] Level 5:colcon.colcon_core.verb:set package 'turtlebot_bringup' build argument 'catkin_cmake_args' from command line to 'None'
[1.114s] Level 5:colcon.colcon_core.verb:set package 'turtlebot_bringup' build argument 'catkin_skip_building_tests' from command line to 'False'
[1.114s] DEBUG:colcon.colcon_core.verb:Building package 'turtlebot_bringup' with the following arguments: {'ament_cmake_args': None, 'build_base': '/home/turtlebot2/Desktop/turtlebot2_ros2/build/turtlebot_bringup', 'catkin_cmake_args': None, 'catkin_skip_building_tests': False, 'cmake_args': None, 'cmake_clean_cache': False, 'cmake_clean_first': False, 'cmake_force_configure': False, 'cmake_target': None, 'cmake_target_skip_unavailable': False, 'install_base': '/home/turtlebot2/Desktop/turtlebot2_ros2/install/turtlebot_bringup', 'merge_install': False, 'path': '/home/turtlebot2/Desktop/turtlebot2_ros2', 'symlink_install': False, 'test_result_base': None}
[1.121s] INFO:colcon.colcon_core.executor:Executing jobs using 'parallel' executor
[1.124s] DEBUG:colcon.colcon_parallel_executor.executor.parallel:run_until_complete
[1.125s] INFO:colcon.colcon_ros.task.ament_cmake.build:Building ROS package in '/home/turtlebot2/Desktop/turtlebot2_ros2' with build type 'ament_cmake'
[1.173s] INFO:colcon.colcon_core.plugin_system:Skipping extension 'colcon_core.shell.bat': Not used on non-Windows systems
[1.174s] INFO:colcon.colcon_cmake.task.cmake.build:Building CMake package in '/home/turtlebot2/Desktop/turtlebot2_ros2'
[1.176s] INFO:colcon.colcon_core.shell:Skip shell extension 'powershell' for command environment: Not usable outside of PowerShell
[1.176s] DEBUG:colcon.colcon_core.shell:Skip shell extension 'dsv' for command environment
[1.279s] DEBUG:colcon.colcon_core.event_handler.log_command:Invoking command in '/home/turtlebot2/Desktop/turtlebot2_ros2/build/turtlebot_bringup': CMAKE_PREFIX_PATH=${CMAKE_PREFIX_PATH}:/home/turtlebot2/ros2_ws/install/ros2bag:/home/turtlebot2/ros2_ws/install/topic_monitor:/home/turtlebot2/ros2_ws/install/sros2:/home/turtlebot2/ros2_ws/install/rqt:/home/turtlebot2/ros2_ws/install/rqt_graph:/home/turtlebot2/ros2_ws/install/rqt_gui_py:/home/turtlebot2/ros2_ws/install/rqt_gui:/home/turtlebot2/ros2_ws/install/ros2topic:/home/turtlebot2/ros2_ws/install/ros2test:/home/turtlebot2/ros2_ws/install/ros2component:/home/turtlebot2/ros2_ws/install/ros2param:/home/turtlebot2/ros2_ws/install/ros2lifecycle:/home/turtlebot2/ros2_ws/install/ros2service:/home/turtlebot2/ros2_ws/install/ros2srv:/home/turtlebot2/ros2_ws/install/ros2run:/home/turtlebot2/ros2_ws/install/ros2launch:/home/turtlebot2/ros2_ws/install/ros2pkg:/home/turtlebot2/ros2_ws/install/ros2node:/home/turtlebot2/ros2_ws/install/ros2multicast:/home/turtlebot2/ros2_ws/install/ros2msg:/home/turtlebot2/ros2_ws/install/ros2action:/home/turtlebot2/ros2_ws/install/ros2cli:/home/turtlebot2/ros2_ws/install/quality_of_service_demo_py:/home/turtlebot2/ros2_ws/install/launch_testing_ros:/home/turtlebot2/ros2_ws/install/launch_ros:/home/turtlebot2/ros2_ws/install/examples_rclpy_minimal_subscriber:/home/turtlebot2/ros2_ws/install/examples_rclpy_minimal_service:/home/turtlebot2/ros2_ws/install/examples_rclpy_minimal_publisher:/home/turtlebot2/ros2_ws/install/examples_rclpy_minimal_client:/home/turtlebot2/ros2_ws/install/examples_rclpy_minimal_action_server:/home/turtlebot2/ros2_ws/install/examples_rclpy_minimal_action_client:/home/turtlebot2/ros2_ws/install/examples_rclpy_executors:/home/turtlebot2/ros2_ws/install/demo_nodes_py:/home/turtlebot2/ros2_ws/install/ament_uncrustify:/home/turtlebot2/ros2_ws/install/test_launch_ros:/home/turtlebot2/ros2_ws/install/rosidl_runtime_py:/home/turtlebot2/ros2_ws/install/launch_testing:/home/turtlebot2/ros2_ws/install/launch:/home/turtlebot2/ros2_ws/install/osrf_pycommon:/home/turtlebot2/ros2_ws/install/ament_xmllint:/home/turtlebot2/ros2_ws/install/ament_pyflakes:/home/turtlebot2/ros2_ws/install/ament_pep8:/home/turtlebot2/ros2_ws/install/ament_pep257:/home/turtlebot2/ros2_ws/install/ament_pclint:/home/turtlebot2/ros2_ws/install/ament_package:/home/turtlebot2/ros2_ws/install/ament_lint_cmake:/home/turtlebot2/ros2_ws/install/ament_flake8:/home/turtlebot2/ros2_ws/install/ament_copyright:/home/turtlebot2/ros2_ws/install/ament_lint:/home/turtlebot2/ros2_ws/install/ament_index_python:/home/turtlebot2/ros2_ws/install/ament_cpplint:/home/turtlebot2/ros2_ws/install/ament_cppcheck:/home/turtlebot2/ros2_ws/install/ament_clang_tidy:/home/turtlebot2/ros2_ws/install/ament_clang_format /usr/bin/cmake --build /home/turtlebot2/Desktop/turtlebot2_ros2/build/turtlebot_bringup -- -j4 -l4
[10.592s] DEBUG:colcon.colcon_core.event_handler.log_command:Invoked command in '/home/turtlebot2/Desktop/turtlebot2_ros2/build/turtlebot_bringup' returned '2': CMAKE_PREFIX_PATH=${CMAKE_PREFIX_PATH}:/home/turtlebot2/ros2_ws/install/ros2bag:/home/turtlebot2/ros2_ws/install/topic_monitor:/home/turtlebot2/ros2_ws/install/sros2:/home/turtlebot2/ros2_ws/install/rqt:/home/turtlebot2/ros2_ws/install/rqt_graph:/home/turtlebot2/ros2_ws/install/rqt_gui_py:/home/turtlebot2/ros2_ws/install/rqt_gui:/home/turtlebot2/ros2_ws/install/ros2topic:/home/turtlebot2/ros2_ws/install/ros2test:/home/turtlebot2/ros2_ws/install/ros2component:/home/turtlebot2/ros2_ws/install/ros2param:/home/turtlebot2/ros2_ws/install/ros2lifecycle:/home/turtlebot2/ros2_ws/install/ros2service:/home/turtlebot2/ros2_ws/install/ros2srv:/home/turtlebot2/ros2_ws/install/ros2run:/home/turtlebot2/ros2_ws/install/ros2launch:/home/turtlebot2/ros2_ws/install/ros2pkg:/home/turtlebot2/ros2_ws/install/ros2node:/home/turtlebot2/ros2_ws/install/ros2multicast:/home/turtlebot2/ros2_ws/install/ros2msg:/home/turtlebot2/ros2_ws/install/ros2action:/home/turtlebot2/ros2_ws/install/ros2cli:/home/turtlebot2/ros2_ws/install/quality_of_service_demo_py:/home/turtlebot2/ros2_ws/install/launch_testing_ros:/home/turtlebot2/ros2_ws/install/launch_ros:/home/turtlebot2/ros2_ws/install/examples_rclpy_minimal_subscriber:/home/turtlebot2/ros2_ws/install/examples_rclpy_minimal_service:/home/turtlebot2/ros2_ws/install/examples_rclpy_minimal_publisher:/home/turtlebot2/ros2_ws/install/examples_rclpy_minimal_client:/home/turtlebot2/ros2_ws/install/examples_rclpy_minimal_action_server:/home/turtlebot2/ros2_ws/install/examples_rclpy_minimal_action_client:/home/turtlebot2/ros2_ws/install/examples_rclpy_executors:/home/turtlebot2/ros2_ws/install/demo_nodes_py:/home/turtlebot2/ros2_ws/install/ament_uncrustify:/home/turtlebot2/ros2_ws/install/test_launch_ros:/home/turtlebot2/ros2_ws/install/rosidl_runtime_py:/home/turtlebot2/ros2_ws/install/launch_testing:/home/turtlebot2/ros2_ws/install/launch:/home/turtlebot2/ros2_ws/install/osrf_pycommon:/home/turtlebot2/ros2_ws/install/ament_xmllint:/home/turtlebot2/ros2_ws/install/ament_pyflakes:/home/turtlebot2/ros2_ws/install/ament_pep8:/home/turtlebot2/ros2_ws/install/ament_pep257:/home/turtlebot2/ros2_ws/install/ament_pclint:/home/turtlebot2/ros2_ws/install/ament_package:/home/turtlebot2/ros2_ws/install/ament_lint_cmake:/home/turtlebot2/ros2_ws/install/ament_flake8:/home/turtlebot2/ros2_ws/install/ament_copyright:/home/turtlebot2/ros2_ws/install/ament_lint:/home/turtlebot2/ros2_ws/install/ament_index_python:/home/turtlebot2/ros2_ws/install/ament_cpplint:/home/turtlebot2/ros2_ws/install/ament_cppcheck:/home/turtlebot2/ros2_ws/install/ament_clang_tidy:/home/turtlebot2/ros2_ws/install/ament_clang_format /usr/bin/cmake --build /home/turtlebot2/Desktop/turtlebot2_ros2/build/turtlebot_bringup -- -j4 -l4
[10.600s] DEBUG:colcon.colcon_parallel_executor.executor.parallel:closing loop
[10.601s] DEBUG:colcon.colcon_parallel_executor.executor.parallel:loop closed
[10.601s] DEBUG:colcon.colcon_parallel_executor.executor.parallel:run_until_complete finished with '2'
[10.602s] DEBUG:colcon.colcon_core.event_reactor:joining thread
[10.640s] INFO:colcon.colcon_core.plugin_system:Skipping extension 'colcon_notification.desktop_notification.terminal_notifier': Not used on non-Darwin systems
[10.641s] INFO:colcon.colcon_core.plugin_system:Skipping extension 'colcon_notification.desktop_notification.win32': Not used on non-Windows systems
[10.641s] INFO:colcon.colcon_notification.desktop_notification:Sending desktop notification using 'notify2'
[10.654s] DEBUG:colcon.colcon_core.event_reactor:joined thread
[10.657s] INFO:colcon.colcon_core.shell:Creating prefix script '/home/turtlebot2/Desktop/turtlebot2_ros2/install/local_setup.ps1'
[10.662s] INFO:colcon.colcon_core.shell:Creating prefix chain script '/home/turtlebot2/Desktop/turtlebot2_ros2/install/setup.ps1'
[10.707s] INFO:colcon.colcon_core.shell:Creating prefix script '/home/turtlebot2/Desktop/turtlebot2_ros2/install/local_setup.sh'
[10.709s] INFO:colcon.colcon_core.shell:Creating prefix util module '/home/turtlebot2/Desktop/turtlebot2_ros2/install/_local_setup_util_sh.py'
[10.713s] INFO:colcon.colcon_core.shell:Creating prefix chain script '/home/turtlebot2/Desktop/turtlebot2_ros2/install/setup.sh'
[10.757s] INFO:colcon.colcon_core.shell:Creating prefix script '/home/turtlebot2/Desktop/turtlebot2_ros2/install/local_setup.bash'
[10.759s] INFO:colcon.colcon_core.shell:Creating prefix chain script '/home/turtlebot2/Desktop/turtlebot2_ros2/install/setup.bash'
[10.802s] INFO:colcon.colcon_core.shell:Creating prefix script '/home/turtlebot2/Desktop/turtlebot2_ros2/install/local_setup.zsh'
[10.804s] INFO:colcon.colcon_core.shell:Creating prefix chain script '/home/turtlebot2/Desktop/turtlebot2_ros2/install/setup.zsh'
