[  3%] Built target DockingController
[  7%] Built target Thread
[ 22%] Built target kobuki
[ 28%] Built target Transport
[ 38%] Built target KobukiBase
[ 42%] Built target SerialPort
[ 45%] Built target Translator
[ 59%] Built target Kobuki_impl
[35m[1mScanning dependencies of target Turtlebot[0m
[35m[1mScanning dependencies of target turtlebot2[0m
[ 77%] Built target kobukicwrapper
[ 78%] [32mBuilding CXX object CMakeFiles/Turtlebot.dir/src/Turtlebot.cpp.o[0m
[ 80%] [32mBuilding CXX object CMakeFiles/turtlebot2.dir/src/Turtlebot.cpp.o[0m
[ 82%] [32m[1mLinking CXX shared library lib/libTurtlebot.so[0m
[ 84%] [32m[1mLinking CXX executable bin/turtlebot2[0m
[ 84%] Built target Turtlebot
[100%] Built target turtlebot2
[ 15%] Built target kobuki
[ 21%] Built target Transport
[ 24%] Built target Thread
[ 28%] Built target DockingController
[ 38%] Built target KobukiBase
[ 42%] Built target SerialPort
[ 56%] Built target Kobuki_impl
[ 59%] Built target Translator
[ 77%] Built target kobukicwrapper
[ 80%] Built target Turtlebot
[100%] Built target turtlebot2
[36mInstall the project...[0m
-- Install configuration: ""
-- Installing: /home/turtlebot2/Desktop/turtlebot2_ros2/install/turtlebot_bringup/lib/turtlebot_bringup/turtlebot2
-- Set runtime path of "/home/turtlebot2/Desktop/turtlebot2_ros2/install/turtlebot_bringup/lib/turtlebot_bringup/turtlebot2" to ""
-- Up-to-date: /home/turtlebot2/Desktop/turtlebot2_ros2/install/turtlebot_bringup/share/turtlebot_bringup/launch
-- Up-to-date: /home/turtlebot2/Desktop/turtlebot2_ros2/install/turtlebot_bringup/share/turtlebot_bringup/launch/minimal.launch.py
-- Up-to-date: /home/turtlebot2/Desktop/turtlebot2_ros2/install/turtlebot_bringup/share/ament_index/resource_index/package_run_dependencies/turtlebot_bringup
-- Up-to-date: /home/turtlebot2/Desktop/turtlebot2_ros2/install/turtlebot_bringup/share/ament_index/resource_index/parent_prefix_path/turtlebot_bringup
-- Up-to-date: /home/turtlebot2/Desktop/turtlebot2_ros2/install/turtlebot_bringup/share/turtlebot_bringup/local_setup.bash
-- Up-to-date: /home/turtlebot2/Desktop/turtlebot2_ros2/install/turtlebot_bringup/share/turtlebot_bringup/local_setup.sh
-- Up-to-date: /home/turtlebot2/Desktop/turtlebot2_ros2/install/turtlebot_bringup/share/turtlebot_bringup/local_setup.zsh
-- Up-to-date: /home/turtlebot2/Desktop/turtlebot2_ros2/install/turtlebot_bringup/share/ament_index/resource_index/packages/turtlebot_bringup
-- Up-to-date: /home/turtlebot2/Desktop/turtlebot2_ros2/install/turtlebot_bringup/share/turtlebot_bringup/cmake/turtlebot_bringupConfig.cmake
-- Up-to-date: /home/turtlebot2/Desktop/turtlebot2_ros2/install/turtlebot_bringup/share/turtlebot_bringup/cmake/turtlebot_bringupConfig-version.cmake
-- Up-to-date: /home/turtlebot2/Desktop/turtlebot2_ros2/install/turtlebot_bringup/share/turtlebot_bringup/package.xml
