[  3%] Built target Thread
[  7%] Built target DockingController
[ 12%] Built target Transport
[ 28%] Built target kobuki
[ 38%] Built target KobukiBase
[ 52%] Built target Kobuki_impl
[ 56%] Built target SerialPort
[ 59%] Built target Translator
[35m[1mScanning dependencies of target Turtlebot[0m
[35m[1mScanning dependencies of target turtlebot2[0m
[ 77%] Built target kobukicwrapper
[ 78%] [32mBuilding CXX object CMakeFiles/Turtlebot.dir/src/Turtlebot.cpp.o[0m
[ 80%] [32mBuilding CXX object CMakeFiles/turtlebot2.dir/src/turtlebot2.cpp.o[0m
[ 82%] [32mBuilding CXX object CMakeFiles/turtlebot2.dir/src/Turtlebot.cpp.o[0m
In file included from [01m[K/home/turtlebot2/Desktop/turtlebot2_ros2/src/Turtlebot.cpp:3:0[m[K:
[01m[K/home/turtlebot2/Desktop/turtlebot2_ros2/src/Turtlebot.hpp:[m[K In constructor ‘[01m[KTurtlebot::Turtlebot()[m[K’:
[01m[K/home/turtlebot2/Desktop/turtlebot2_ros2/src/Turtlebot.hpp:104:5:[m[K [01;35m[Kwarning: [m[K‘[01m[Kstd::shared_ptr<SubscriptionT> rclcpp::Node::create_subscription(const string&, CallbackT&&, const rmw_qos_profile_t&, rclcpp::callback_group::CallbackGroup::SharedPtr, bool, typename rclcpp::message_memory_strategy::MessageMemoryStrategy<typename rclcpp::subscription_traits::has_message_type<CallbackT>::type, AllocatorT>::SharedPtr, std::shared_ptr<PublisherT>) [with MessageT = geometry_msgs::msg::Twist_<std::allocator<void> >; CallbackT = Turtlebot::Turtlebot()::<lambda(geometry_msgs::msg::Twist_<std::allocator<void> >::SharedPtr)>; Alloc = std::allocator<void>; SubscriptionT = rclcpp::Subscription<geometry_msgs::msg::Twist_<std::allocator<void> > >; std::__cxx11::string = std::__cxx11::basic_string<char>; rmw_qos_profile_t = rmw_qos_profile_t; rclcpp::callback_group::CallbackGroup::SharedPtr = std::shared_ptr<rclcpp::callback_group::CallbackGroup>; typename rclcpp::message_memory_strategy::MessageMemoryStrategy<typename rclcpp::subscription_traits::has_message_type<CallbackT>::type, AllocatorT>::SharedPtr = std::shared_ptr<rclcpp::message_memory_strategy::MessageMemoryStrategy<geometry_msgs::msg::Twist_<std::allocator<void> >, std::allocator<void> > >][m[K’ is deprecated: use create_subscription(const std::string &, const rclcpp::QoS &, CallbackT, ...) instead [[01;35m[K-Wdeprecated-declarations[m[K]
     [01;35m[K)[m[K;
     [01;35m[K^[m[K
In file included from [01m[K/home/turtlebot2/ros2_ws/install/rclcpp/include/rclcpp/node.hpp:1206:0[m[K,
                 from [01m[K/home/turtlebot2/ros2_ws/install/rclcpp/include/rclcpp/executors/single_threaded_executor.hpp:28[m[K,
                 from [01m[K/home/turtlebot2/ros2_ws/install/rclcpp/include/rclcpp/executors.hpp:22[m[K,
                 from [01m[K/home/turtlebot2/ros2_ws/install/rclcpp/include/rclcpp/rclcpp.hpp:144[m[K,
                 from [01m[K/home/turtlebot2/Desktop/turtlebot2_ros2/src/Turtlebot.hpp:2[m[K,
                 from [01m[K/home/turtlebot2/Desktop/turtlebot2_ros2/src/Turtlebot.cpp:3[m[K:
[01m[K/home/turtlebot2/ros2_ws/install/rclcpp/include/rclcpp/node_impl.hpp:139:1:[m[K [01;36m[Knote: [m[Kdeclared here
 [01;36m[KNode[m[K::create_subscription(
 [01;36m[K^~~~[m[K
In file included from [01m[K/home/turtlebot2/Desktop/turtlebot2_ros2/src/Turtlebot.cpp:3:0[m[K:
[01m[K/home/turtlebot2/Desktop/turtlebot2_ros2/src/Turtlebot.hpp:106:66:[m[K [01;35m[Kwarning: [m[K‘[01m[Kstd::shared_ptr<PublisherT> rclcpp::Node::create_publisher(const string&, const rmw_qos_profile_t&, std::shared_ptr<_Up>) [with MessageT = nav_msgs::msg::Odometry_<std::allocator<void> >; AllocatorT = std::allocator<void>; PublisherT = rclcpp::Publisher<nav_msgs::msg::Odometry_<std::allocator<void> > >; std::__cxx11::string = std::__cxx11::basic_string<char>; rmw_qos_profile_t = rmw_qos_profile_t][m[K’ is deprecated: use create_publisher(const std::string &, const rclcpp::QoS &, ...) instead [[01;35m[K-Wdeprecated-declarations[m[K]
     odom = this->create_publisher<nav_msgs::msg::Odometry>("odom"[01;35m[K)[m[K;
                                                                  [01;35m[K^[m[K
In file included from [01m[K/home/turtlebot2/ros2_ws/install/rclcpp/include/rclcpp/node.hpp:1206:0[m[K,
                 from [01m[K/home/turtlebot2/ros2_ws/install/rclcpp/include/rclcpp/executors/single_threaded_executor.hpp:28[m[K,
                 from [01m[K/home/turtlebot2/ros2_ws/install/rclcpp/include/rclcpp/executors.hpp:22[m[K,
                 from [01m[K/home/turtlebot2/ros2_ws/install/rclcpp/include/rclcpp/rclcpp.hpp:144[m[K,
                 from [01m[K/home/turtlebot2/Desktop/turtlebot2_ros2/src/Turtlebot.hpp:2[m[K,
                 from [01m[K/home/turtlebot2/Desktop/turtlebot2_ros2/src/Turtlebot.cpp:3[m[K:
[01m[K/home/turtlebot2/ros2_ws/install/rclcpp/include/rclcpp/node_impl.hpp:96:1:[m[K [01;36m[Knote: [m[Kdeclared here
 [01;36m[KNode[m[K::create_publisher(
 [01;36m[K^~~~[m[K
In file included from [01m[K/home/turtlebot2/Desktop/turtlebot2_ros2/src/Turtlebot.cpp:3:0[m[K:
[01m[K/home/turtlebot2/Desktop/turtlebot2_ros2/src/Turtlebot.hpp:[m[K In constructor ‘[01m[KTurtlebot::Turtlebot()[m[K’:
[01m[K/home/turtlebot2/Desktop/turtlebot2_ros2/src/Turtlebot.hpp:104:5:[m[K [01;35m[Kwarning: [m[K‘[01m[Kstd::shared_ptr<SubscriptionT> rclcpp::Node::create_subscription(const string&, CallbackT&&, const rmw_qos_profile_t&, rclcpp::callback_group::CallbackGroup::SharedPtr, bool, typename rclcpp::message_memory_strategy::MessageMemoryStrategy<typename rclcpp::subscription_traits::has_message_type<CallbackT>::type, AllocatorT>::SharedPtr, std::shared_ptr<PublisherT>) [with MessageT = geometry_msgs::msg::Twist_<std::allocator<void> >; CallbackT = Turtlebot::Turtlebot()::<lambda(geometry_msgs::msg::Twist_<std::allocator<void> >::SharedPtr)>; Alloc = std::allocator<void>; SubscriptionT = rclcpp::Subscription<geometry_msgs::msg::Twist_<std::allocator<void> > >; std::__cxx11::string = std::__cxx11::basic_string<char>; rmw_qos_profile_t = rmw_qos_profile_t; rclcpp::callback_group::CallbackGroup::SharedPtr = std::shared_ptr<rclcpp::callback_group::CallbackGroup>; typename rclcpp::message_memory_strategy::MessageMemoryStrategy<typename rclcpp::subscription_traits::has_message_type<CallbackT>::type, AllocatorT>::SharedPtr = std::shared_ptr<rclcpp::message_memory_strategy::MessageMemoryStrategy<geometry_msgs::msg::Twist_<std::allocator<void> >, std::allocator<void> > >][m[K’ is deprecated: use create_subscription(const std::string &, const rclcpp::QoS &, CallbackT, ...) instead [[01;35m[K-Wdeprecated-declarations[m[K]
     [01;35m[K)[m[K;
     [01;35m[K^[m[K
In file included from [01m[K/home/turtlebot2/ros2_ws/install/rclcpp/include/rclcpp/node.hpp:1206:0[m[K,
                 from [01m[K/home/turtlebot2/ros2_ws/install/rclcpp/include/rclcpp/executors/single_threaded_executor.hpp:28[m[K,
                 from [01m[K/home/turtlebot2/ros2_ws/install/rclcpp/include/rclcpp/executors.hpp:22[m[K,
                 from [01m[K/home/turtlebot2/ros2_ws/install/rclcpp/include/rclcpp/rclcpp.hpp:144[m[K,
                 from [01m[K/home/turtlebot2/Desktop/turtlebot2_ros2/src/Turtlebot.hpp:2[m[K,
                 from [01m[K/home/turtlebot2/Desktop/turtlebot2_ros2/src/Turtlebot.cpp:3[m[K:
[01m[K/home/turtlebot2/ros2_ws/install/rclcpp/include/rclcpp/node_impl.hpp:139:1:[m[K [01;36m[Knote: [m[Kdeclared here
 [01;36m[KNode[m[K::create_subscription(
 [01;36m[K^~~~[m[K
In file included from [01m[K/home/turtlebot2/Desktop/turtlebot2_ros2/src/Turtlebot.cpp:3:0[m[K:
[01m[K/home/turtlebot2/Desktop/turtlebot2_ros2/src/Turtlebot.hpp:106:66:[m[K [01;35m[Kwarning: [m[K‘[01m[Kstd::shared_ptr<PublisherT> rclcpp::Node::create_publisher(const string&, const rmw_qos_profile_t&, std::shared_ptr<_Up>) [with MessageT = nav_msgs::msg::Odometry_<std::allocator<void> >; AllocatorT = std::allocator<void>; PublisherT = rclcpp::Publisher<nav_msgs::msg::Odometry_<std::allocator<void> > >; std::__cxx11::string = std::__cxx11::basic_string<char>; rmw_qos_profile_t = rmw_qos_profile_t][m[K’ is deprecated: use create_publisher(const std::string &, const rclcpp::QoS &, ...) instead [[01;35m[K-Wdeprecated-declarations[m[K]
     odom = this->create_publisher<nav_msgs::msg::Odometry>("odom"[01;35m[K)[m[K;
                                                                  [01;35m[K^[m[K
In file included from [01m[K/home/turtlebot2/ros2_ws/install/rclcpp/include/rclcpp/node.hpp:1206:0[m[K,
                 from [01m[K/home/turtlebot2/ros2_ws/install/rclcpp/include/rclcpp/executors/single_threaded_executor.hpp:28[m[K,
                 from [01m[K/home/turtlebot2/ros2_ws/install/rclcpp/include/rclcpp/executors.hpp:22[m[K,
                 from [01m[K/home/turtlebot2/ros2_ws/install/rclcpp/include/rclcpp/rclcpp.hpp:144[m[K,
                 from [01m[K/home/turtlebot2/Desktop/turtlebot2_ros2/src/Turtlebot.hpp:2[m[K,
                 from [01m[K/home/turtlebot2/Desktop/turtlebot2_ros2/src/Turtlebot.cpp:3[m[K:
[01m[K/home/turtlebot2/ros2_ws/install/rclcpp/include/rclcpp/node_impl.hpp:96:1:[m[K [01;36m[Knote: [m[Kdeclared here
 [01;36m[KNode[m[K::create_publisher(
 [01;36m[K^~~~[m[K
In file included from [01m[K/home/turtlebot2/Desktop/turtlebot2_ros2/src/Turtlebot.cpp:3:0[m[K:
[01m[K/home/turtlebot2/Desktop/turtlebot2_ros2/src/Turtlebot.hpp:109:67:[m[K [01;35m[Kwarning: [m[K‘[01m[Kstd::shared_ptr<PublisherT> rclcpp::Node::create_publisher(const string&, const rmw_qos_profile_t&, std::shared_ptr<_Up>) [with MessageT = sensor_msgs::msg::Imu_<std::allocator<void> >; AllocatorT = std::allocator<void>; PublisherT = rclcpp::Publisher<sensor_msgs::msg::Imu_<std::allocator<void> > >; std::__cxx11::string = std::__cxx11::basic_string<char>; rmw_qos_profile_t = rmw_qos_profile_t][m[K’ is deprecated: use create_publisher(const std::string &, const rclcpp::QoS &, ...) instead [[01;35m[K-Wdeprecated-declarations[m[K]
     inertial = this->create_publisher<sensor_msgs::msg::Imu>("imu"[01;35m[K)[m[K;
                                                                   [01;35m[K^[m[K
In file included from [01m[K/home/turtlebot2/ros2_ws/install/rclcpp/include/rclcpp/node.hpp:1206:0[m[K,
                 from [01m[K/home/turtlebot2/ros2_ws/install/rclcpp/include/rclcpp/executors/single_threaded_executor.hpp:28[m[K,
                 from [01m[K/home/turtlebot2/ros2_ws/install/rclcpp/include/rclcpp/executors.hpp:22[m[K,
                 from [01m[K/home/turtlebot2/ros2_ws/install/rclcpp/include/rclcpp/rclcpp.hpp:144[m[K,
                 from [01m[K/home/turtlebot2/Desktop/turtlebot2_ros2/src/Turtlebot.hpp:2[m[K,
                 from [01m[K/home/turtlebot2/Desktop/turtlebot2_ros2/src/Turtlebot.cpp:3[m[K:
[01m[K/home/turtlebot2/ros2_ws/install/rclcpp/include/rclcpp/node_impl.hpp:96:1:[m[K [01;36m[Knote: [m[Kdeclared here
 [01;36m[KNode[m[K::create_publisher(
 [01;36m[K^~~~[m[K
In file included from [01m[K/home/turtlebot2/Desktop/turtlebot2_ros2/src/Turtlebot.cpp:3:0[m[K:
[01m[K/home/turtlebot2/Desktop/turtlebot2_ros2/src/Turtlebot.hpp:112:91:[m[K [01;35m[Kwarning: [m[K‘[01m[Kstd::shared_ptr<PublisherT> rclcpp::Node::create_publisher(const string&, const rmw_qos_profile_t&, std::shared_ptr<_Up>) [with MessageT = sensor_msgs::msg::BatteryState_<std::allocator<void> >; AllocatorT = std::allocator<void>; PublisherT = rclcpp::Publisher<sensor_msgs::msg::BatteryState_<std::allocator<void> > >; std::__cxx11::string = std::__cxx11::basic_string<char>; rmw_qos_profile_t = rmw_qos_profile_t][m[K’ is deprecated: use create_publisher(const std::string &, const rclcpp::QoS &, ...) instead [[01;35m[K-Wdeprecated-declarations[m[K]
     battery_state = this->create_publisher<sensor_msgs::msg::BatteryState>("battery_state"[01;35m[K)[m[K;
                                                                                           [01;35m[K^[m[K
In file included from [01m[K/home/turtlebot2/ros2_ws/install/rclcpp/include/rclcpp/node.hpp:1206:0[m[K,
                 from [01m[K/home/turtlebot2/ros2_ws/install/rclcpp/include/rclcpp/executors/single_threaded_executor.hpp:28[m[K,
                 from [01m[K/home/turtlebot2/ros2_ws/install/rclcpp/include/rclcpp/executors.hpp:22[m[K,
                 from [01m[K/home/turtlebot2/ros2_ws/install/rclcpp/include/rclcpp/rclcpp.hpp:144[m[K,
                 from [01m[K/home/turtlebot2/Desktop/turtlebot2_ros2/src/Turtlebot.hpp:2[m[K,
                 from [01m[K/home/turtlebot2/Desktop/turtlebot2_ros2/src/Turtlebot.cpp:3[m[K:
[01m[K/home/turtlebot2/ros2_ws/install/rclcpp/include/rclcpp/node_impl.hpp:96:1:[m[K [01;36m[Knote: [m[Kdeclared here
 [01;36m[KNode[m[K::create_publisher(
 [01;36m[K^~~~[m[K
In file included from [01m[K/home/turtlebot2/Desktop/turtlebot2_ros2/src/Turtlebot.cpp:3:0[m[K:
[01m[K/home/turtlebot2/Desktop/turtlebot2_ros2/src/Turtlebot.hpp:115:5:[m[K [01;31m[Kerror: [m[K‘[01m[Kjoint_state[m[K’ was not declared in this scope
     [01;31m[Kjoint_state[m[K = this->create_publisher<sensor_msgs::msg::JointState>("battery_state");
     [01;31m[K^~~~~~~~~~~[m[K
[01m[K/home/turtlebot2/Desktop/turtlebot2_ros2/src/Turtlebot.hpp:115:5:[m[K [01;36m[Knote: [m[Ksuggested alternative: ‘[01m[Kjoint_states[m[K’
     [01;36m[Kjoint_state[m[K = this->create_publisher<sensor_msgs::msg::JointState>("battery_state");
     [01;36m[K^~~~~~~~~~~[m[K
     [32m[Kjoint_states[m[K
[01m[K/home/turtlebot2/Desktop/turtlebot2_ros2/src/Turtlebot.hpp:115:87:[m[K [01;35m[Kwarning: [m[K‘[01m[Kstd::shared_ptr<PublisherT> rclcpp::Node::create_publisher(const string&, const rmw_qos_profile_t&, std::shared_ptr<_Up>) [with MessageT = sensor_msgs::msg::JointState_<std::allocator<void> >; AllocatorT = std::allocator<void>; PublisherT = rclcpp::Publisher<sensor_msgs::msg::JointState_<std::allocator<void> > >; std::__cxx11::string = std::__cxx11::basic_string<char>; rmw_qos_profile_t = rmw_qos_profile_t][m[K’ is deprecated: use create_publisher(const std::string &, const rclcpp::QoS &, ...) instead [[01;35m[K-Wdeprecated-declarations[m[K]
     joint_state = this->create_publisher<sensor_msgs::msg::JointState>("battery_state"[01;35m[K)[m[K;
                                                                                       [01;35m[K^[m[K
In file included from [01m[K/home/turtlebot2/ros2_ws/install/rclcpp/include/rclcpp/node.hpp:1206:0[m[K,
                 from [01m[K/home/turtlebot2/ros2_ws/install/rclcpp/include/rclcpp/executors/single_threaded_executor.hpp:28[m[K,
                 from [01m[K/home/turtlebot2/ros2_ws/install/rclcpp/include/rclcpp/executors.hpp:22[m[K,
                 from [01m[K/home/turtlebot2/ros2_ws/install/rclcpp/include/rclcpp/rclcpp.hpp:144[m[K,
                 from [01m[K/home/turtlebot2/Desktop/turtlebot2_ros2/src/Turtlebot.hpp:2[m[K,
                 from [01m[K/home/turtlebot2/Desktop/turtlebot2_ros2/src/Turtlebot.cpp:3[m[K:
[01m[K/home/turtlebot2/ros2_ws/install/rclcpp/include/rclcpp/node_impl.hpp:96:1:[m[K [01;36m[Knote: [m[Kdeclared here
 [01;36m[KNode[m[K::create_publisher(
 [01;36m[K^~~~[m[K
In file included from [01m[K/home/turtlebot2/Desktop/turtlebot2_ros2/src/Turtlebot.cpp:3:0[m[K:
[01m[K/home/turtlebot2/Desktop/turtlebot2_ros2/src/Turtlebot.hpp:116:5:[m[K [01;31m[Kerror: [m[K‘[01m[Kjoint_state_timer[m[K’ was not declared in this scope
     [01;31m[Kjoint_state_timer[m[K = this->create_wall_timer(20ms, bind(&Turtlebot::publishJointStates, this));
     [01;31m[K^~~~~~~~~~~~~~~~~[m[K
In file included from [01m[K/home/turtlebot2/Desktop/turtlebot2_ros2/src/turtlebot2.cpp:1:0[m[K:
[01m[K/home/turtlebot2/Desktop/turtlebot2_ros2/src/Turtlebot.hpp:[m[K In constructor ‘[01m[KTurtlebot::Turtlebot()[m[K’:
[01m[K/home/turtlebot2/Desktop/turtlebot2_ros2/src/Turtlebot.hpp:104:5:[m[K [01;35m[Kwarning: [m[K‘[01m[Kstd::shared_ptr<SubscriptionT> rclcpp::Node::create_subscription(const string&, CallbackT&&, const rmw_qos_profile_t&, rclcpp::callback_group::CallbackGroup::SharedPtr, bool, typename rclcpp::message_memory_strategy::MessageMemoryStrategy<typename rclcpp::subscription_traits::has_message_type<CallbackT>::type, AllocatorT>::SharedPtr, std::shared_ptr<PublisherT>) [with MessageT = geometry_msgs::msg::Twist_<std::allocator<void> >; CallbackT = Turtlebot::Turtlebot()::<lambda(geometry_msgs::msg::Twist_<std::allocator<void> >::SharedPtr)>; Alloc = std::allocator<void>; SubscriptionT = rclcpp::Subscription<geometry_msgs::msg::Twist_<std::allocator<void> > >; std::__cxx11::string = std::__cxx11::basic_string<char>; rmw_qos_profile_t = rmw_qos_profile_t; rclcpp::callback_group::CallbackGroup::SharedPtr = std::shared_ptr<rclcpp::callback_group::CallbackGroup>; typename rclcpp::message_memory_strategy::MessageMemoryStrategy<typename rclcpp::subscription_traits::has_message_type<CallbackT>::type, AllocatorT>::SharedPtr = std::shared_ptr<rclcpp::message_memory_strategy::MessageMemoryStrategy<geometry_msgs::msg::Twist_<std::allocator<void> >, std::allocator<void> > >][m[K’ is deprecated: use create_subscription(const std::string &, const rclcpp::QoS &, CallbackT, ...) instead [[01;35m[K-Wdeprecated-declarations[m[K]
     [01;35m[K)[m[K;
     [01;35m[K^[m[K
In file included from [01m[K/home/turtlebot2/ros2_ws/install/rclcpp/include/rclcpp/node.hpp:1206:0[m[K,
                 from [01m[K/home/turtlebot2/ros2_ws/install/rclcpp/include/rclcpp/executors/single_threaded_executor.hpp:28[m[K,
                 from [01m[K/home/turtlebot2/ros2_ws/install/rclcpp/include/rclcpp/executors.hpp:22[m[K,
                 from [01m[K/home/turtlebot2/ros2_ws/install/rclcpp/include/rclcpp/rclcpp.hpp:144[m[K,
                 from [01m[K/home/turtlebot2/Desktop/turtlebot2_ros2/src/Turtlebot.hpp:2[m[K,
                 from [01m[K/home/turtlebot2/Desktop/turtlebot2_ros2/src/turtlebot2.cpp:1[m[K:
[01m[K/home/turtlebot2/ros2_ws/install/rclcpp/include/rclcpp/node_impl.hpp:139:1:[m[K [01;36m[Knote: [m[Kdeclared here
 [01;36m[KNode[m[K::create_subscription(
 [01;36m[K^~~~[m[K
[01m[K/home/turtlebot2/Desktop/turtlebot2_ros2/src/Turtlebot.hpp:116:5:[m[K [01;36m[Knote: [m[Ksuggested alternative: ‘[01m[Kjoint_states_timer[m[K’
     [01;36m[Kjoint_state_timer[m[K = this->create_wall_timer(20ms, bind(&Turtlebot::publishJointStates, this));
     [01;36m[K^~~~~~~~~~~~~~~~~[m[K
     [32m[Kjoint_states_timer[m[K
In file included from [01m[K/home/turtlebot2/Desktop/turtlebot2_ros2/src/turtlebot2.cpp:1:0[m[K:
[01m[K/home/turtlebot2/Desktop/turtlebot2_ros2/src/Turtlebot.hpp:106:66:[m[K [01;35m[Kwarning: [m[K‘[01m[Kstd::shared_ptr<PublisherT> rclcpp::Node::create_publisher(const string&, const rmw_qos_profile_t&, std::shared_ptr<_Up>) [with MessageT = nav_msgs::msg::Odometry_<std::allocator<void> >; AllocatorT = std::allocator<void>; PublisherT = rclcpp::Publisher<nav_msgs::msg::Odometry_<std::allocator<void> > >; std::__cxx11::string = std::__cxx11::basic_string<char>; rmw_qos_profile_t = rmw_qos_profile_t][m[K’ is deprecated: use create_publisher(const std::string &, const rclcpp::QoS &, ...) instead [[01;35m[K-Wdeprecated-declarations[m[K]
     odom = this->create_publisher<nav_msgs::msg::Odometry>("odom"[01;35m[K)[m[K;
                                                                  [01;35m[K^[m[K
In file included from [01m[K/home/turtlebot2/ros2_ws/install/rclcpp/include/rclcpp/node.hpp:1206:0[m[K,
                 from [01m[K/home/turtlebot2/ros2_ws/install/rclcpp/include/rclcpp/executors/single_threaded_executor.hpp:28[m[K,
                 from [01m[K/home/turtlebot2/ros2_ws/install/rclcpp/include/rclcpp/executors.hpp:22[m[K,
                 from [01m[K/home/turtlebot2/ros2_ws/install/rclcpp/include/rclcpp/rclcpp.hpp:144[m[K,
                 from [01m[K/home/turtlebot2/Desktop/turtlebot2_ros2/src/Turtlebot.hpp:2[m[K,
                 from [01m[K/home/turtlebot2/Desktop/turtlebot2_ros2/src/turtlebot2.cpp:1[m[K:
[01m[K/home/turtlebot2/ros2_ws/install/rclcpp/include/rclcpp/node_impl.hpp:96:1:[m[K [01;36m[Knote: [m[Kdeclared here
 [01;36m[KNode[m[K::create_publisher(
 [01;36m[K^~~~[m[K
In file included from [01m[K/home/turtlebot2/Desktop/turtlebot2_ros2/src/Turtlebot.cpp:3:0[m[K:
[01m[K/home/turtlebot2/Desktop/turtlebot2_ros2/src/Turtlebot.hpp:109:67:[m[K [01;35m[Kwarning: [m[K‘[01m[Kstd::shared_ptr<PublisherT> rclcpp::Node::create_publisher(const string&, const rmw_qos_profile_t&, std::shared_ptr<_Up>) [with MessageT = sensor_msgs::msg::Imu_<std::allocator<void> >; AllocatorT = std::allocator<void>; PublisherT = rclcpp::Publisher<sensor_msgs::msg::Imu_<std::allocator<void> > >; std::__cxx11::string = std::__cxx11::basic_string<char>; rmw_qos_profile_t = rmw_qos_profile_t][m[K’ is deprecated: use create_publisher(const std::string &, const rclcpp::QoS &, ...) instead [[01;35m[K-Wdeprecated-declarations[m[K]
     inertial = this->create_publisher<sensor_msgs::msg::Imu>("imu"[01;35m[K)[m[K;
                                                                   [01;35m[K^[m[K
In file included from [01m[K/home/turtlebot2/ros2_ws/install/rclcpp/include/rclcpp/node.hpp:1206:0[m[K,
                 from [01m[K/home/turtlebot2/ros2_ws/install/rclcpp/include/rclcpp/executors/single_threaded_executor.hpp:28[m[K,
                 from [01m[K/home/turtlebot2/ros2_ws/install/rclcpp/include/rclcpp/executors.hpp:22[m[K,
                 from [01m[K/home/turtlebot2/ros2_ws/install/rclcpp/include/rclcpp/rclcpp.hpp:144[m[K,
                 from [01m[K/home/turtlebot2/Desktop/turtlebot2_ros2/src/Turtlebot.hpp:2[m[K,
                 from [01m[K/home/turtlebot2/Desktop/turtlebot2_ros2/src/Turtlebot.cpp:3[m[K:
[01m[K/home/turtlebot2/ros2_ws/install/rclcpp/include/rclcpp/node_impl.hpp:96:1:[m[K [01;36m[Knote: [m[Kdeclared here
 [01;36m[KNode[m[K::create_publisher(
 [01;36m[K^~~~[m[K
In file included from [01m[K/home/turtlebot2/Desktop/turtlebot2_ros2/src/Turtlebot.cpp:3:0[m[K:
[01m[K/home/turtlebot2/Desktop/turtlebot2_ros2/src/Turtlebot.hpp:112:91:[m[K [01;35m[Kwarning: [m[K‘[01m[Kstd::shared_ptr<PublisherT> rclcpp::Node::create_publisher(const string&, const rmw_qos_profile_t&, std::shared_ptr<_Up>) [with MessageT = sensor_msgs::msg::BatteryState_<std::allocator<void> >; AllocatorT = std::allocator<void>; PublisherT = rclcpp::Publisher<sensor_msgs::msg::BatteryState_<std::allocator<void> > >; std::__cxx11::string = std::__cxx11::basic_string<char>; rmw_qos_profile_t = rmw_qos_profile_t][m[K’ is deprecated: use create_publisher(const std::string &, const rclcpp::QoS &, ...) instead [[01;35m[K-Wdeprecated-declarations[m[K]
 tate = this->create_publisher<sensor_msgs::msg::BatteryState>("battery_state"[01;35m[K)[m[K;
                                                                              [01;35m[K^[m[K
In file included from [01m[K/home/turtlebot2/ros2_ws/install/rclcpp/include/rclcpp/node.hpp:1206:0[m[K,
                 from [01m[K/home/turtlebot2/ros2_ws/install/rclcpp/include/rclcpp/executors/single_threaded_executor.hpp:28[m[K,
                 from [01m[K/home/turtlebot2/ros2_ws/install/rclcpp/include/rclcpp/executors.hpp:22[m[K,
                 from [01m[K/home/turtlebot2/ros2_ws/install/rclcpp/include/rclcpp/rclcpp.hpp:144[m[K,
                 from [01m[K/home/turtlebot2/Desktop/turtlebot2_ros2/src/Turtlebot.hpp:2[m[K,
                 from [01m[K/home/turtlebot2/Desktop/turtlebot2_ros2/src/Turtlebot.cpp:3[m[K:
[01m[K/home/turtlebot2/ros2_ws/install/rclcpp/include/rclcpp/node_impl.hpp:96:1:[m[K [01;36m[Knote: [m[Kdeclared here
 [01;36m[KNode[m[K::create_publisher(
 [01;36m[K^~~~[m[K
In file included from [01m[K/home/turtlebot2/Desktop/turtlebot2_ros2/src/Turtlebot.cpp:3:0[m[K:
[01m[K/home/turtlebot2/Desktop/turtlebot2_ros2/src/Turtlebot.hpp:115:5:[m[K [01;31m[Kerror: [m[K‘[01m[Kjoint_state[m[K’ was not declared in this scope
     [01;31m[Kjoint_state[m[K = this->create_publisher<sensor_msgs::msg::JointState>("battery_state");
     [01;31m[K^~~~~~~~~~~[m[K
[01m[K/home/turtlebot2/Desktop/turtlebot2_ros2/src/Turtlebot.hpp:115:5:[m[K [01;36m[Knote: [m[Ksuggested alternative: ‘[01m[Kjoint_states[m[K’
     [01;36m[Kjoint_state[m[K = this->create_publisher<sensor_msgs::msg::JointState>("battery_state");
     [01;36m[K^~~~~~~~~~~[m[K
     [32m[Kjoint_states[m[K
[01m[K/home/turtlebot2/Desktop/turtlebot2_ros2/src/Turtlebot.hpp:115:87:[m[K [01;35m[Kwarning: [m[K‘[01m[Kstd::shared_ptr<PublisherT> rclcpp::Node::create_publisher(const string&, const rmw_qos_profile_t&, std::shared_ptr<_Up>) [with MessageT = sensor_msgs::msg::JointState_<std::allocator<void> >; AllocatorT = std::allocator<void>; PublisherT = rclcpp::Publisher<sensor_msgs::msg::JointState_<std::allocator<void> > >; std::__cxx11::string = std::__cxx11::basic_string<char>; rmw_qos_profile_t = rmw_qos_profile_t][m[K’ is deprecated: use create_publisher(const std::string &, const rclcpp::QoS &, ...) instead [[01;35m[K-Wdeprecated-declarations[m[K]
 _state = this->create_publisher<sensor_msgs::msg::JointState>("battery_state"[01;35m[K)[m[K;
                                                                              [01;35m[K^[m[K
In file included from [01m[K/home/turtlebot2/ros2_ws/install/rclcpp/include/rclcpp/node.hpp:1206:0[m[K,
                 from [01m[K/home/turtlebot2/ros2_ws/install/rclcpp/include/rclcpp/executors/single_threaded_executor.hpp:28[m[K,
                 from [01m[K/home/turtlebot2/ros2_ws/install/rclcpp/include/rclcpp/executors.hpp:22[m[K,
                 from [01m[K/home/turtlebot2/ros2_ws/install/rclcpp/include/rclcpp/rclcpp.hpp:144[m[K,
                 from [01m[K/home/turtlebot2/Desktop/turtlebot2_ros2/src/Turtlebot.hpp:2[m[K,
                 from [01m[K/home/turtlebot2/Desktop/turtlebot2_ros2/src/Turtlebot.cpp:3[m[K:
[01m[K/home/turtlebot2/ros2_ws/install/rclcpp/include/rclcpp/node_impl.hpp:96:1:[m[K [01;36m[Knote: [m[Kdeclared here
 [01;36m[KNode[m[K::create_publisher(
 [01;36m[K^~~~[m[K
In file included from [01m[K/home/turtlebot2/Desktop/turtlebot2_ros2/src/Turtlebot.cpp:3:0[m[K:
[01m[K/home/turtlebot2/Desktop/turtlebot2_ros2/src/Turtlebot.hpp:116:5:[m[K [01;31m[Kerror: [m[K‘[01m[Kjoint_state_timer[m[K’ was not declared in this scope
     [01;31m[Kjoint_state_timer[m[K = this->create_wall_timer(20ms, bind(&Turtlebot::publishJointStates, this));
     [01;31m[K^~~~~~~~~~~~~~~~~[m[K
[01m[K/home/turtlebot2/Desktop/turtlebot2_ros2/src/Turtlebot.hpp:116:5:[m[K [01;36m[Knote: [m[Ksuggested alternative: ‘[01m[Kjoint_states_timer[m[K’
     [01;36m[Kjoint_state_timer[m[K = this->create_wall_timer(20ms, bind(&Turtlebot::publishJointStates, this));
     [01;36m[K^~~~~~~~~~~~~~~~~[m[K
     [32m[Kjoint_states_timer[m[K
In file included from [01m[K/home/turtlebot2/Desktop/turtlebot2_ros2/src/turtlebot2.cpp:1:0[m[K:
[01m[K/home/turtlebot2/Desktop/turtlebot2_ros2/src/Turtlebot.hpp:109:67:[m[K [01;35m[Kwarning: [m[K‘[01m[Kstd::shared_ptr<PublisherT> rclcpp::Node::create_publisher(const string&, const rmw_qos_profile_t&, std::shared_ptr<_Up>) [with MessageT = sensor_msgs::msg::Imu_<std::allocator<void> >; AllocatorT = std::allocator<void>; PublisherT = rclcpp::Publisher<sensor_msgs::msg::Imu_<std::allocator<void> > >; std::__cxx11::string = std::__cxx11::basic_string<char>; rmw_qos_profile_t = rmw_qos_profile_t][m[K’ is deprecated: use create_publisher(const std::string &, const rclcpp::QoS &, ...) instead [[01;35m[K-Wdeprecated-declarations[m[K]
     inertial = this->create_publisher<sensor_msgs::msg::Imu>("imu"[01;35m[K)[m[K;
                                                                   [01;35m[K^[m[K
In file included from [01m[K/home/turtlebot2/ros2_ws/install/rclcpp/include/rclcpp/node.hpp:1206:0[m[K,
                 from [01m[K/home/turtlebot2/ros2_ws/install/rclcpp/include/rclcpp/executors/single_threaded_executor.hpp:28[m[K,
                 from [01m[K/home/turtlebot2/ros2_ws/install/rclcpp/include/rclcpp/executors.hpp:22[m[K,
                 from [01m[K/home/turtlebot2/ros2_ws/install/rclcpp/include/rclcpp/rclcpp.hpp:144[m[K,
                 from [01m[K/home/turtlebot2/Desktop/turtlebot2_ros2/src/Turtlebot.hpp:2[m[K,
                 from [01m[K/home/turtlebot2/Desktop/turtlebot2_ros2/src/turtlebot2.cpp:1[m[K:
[01m[K/home/turtlebot2/ros2_ws/install/rclcpp/include/rclcpp/node_impl.hpp:96:1:[m[K [01;36m[Knote: [m[Kdeclared here
 [01;36m[KNode[m[K::create_publisher(
 [01;36m[K^~~~[m[K
In file included from [01m[K/home/turtlebot2/Desktop/turtlebot2_ros2/src/turtlebot2.cpp:1:0[m[K:
[01m[K/home/turtlebot2/Desktop/turtlebot2_ros2/src/Turtlebot.hpp:112:91:[m[K [01;35m[Kwarning: [m[K‘[01m[Kstd::shared_ptr<PublisherT> rclcpp::Node::create_publisher(const string&, const rmw_qos_profile_t&, std::shared_ptr<_Up>) [with MessageT = sensor_msgs::msg::BatteryState_<std::allocator<void> >; AllocatorT = std::allocator<void>; PublisherT = rclcpp::Publisher<sensor_msgs::msg::BatteryState_<std::allocator<void> > >; std::__cxx11::string = std::__cxx11::basic_string<char>; rmw_qos_profile_t = rmw_qos_profile_t][m[K’ is deprecated: use create_publisher(const std::string &, const rclcpp::QoS &, ...) instead [[01;35m[K-Wdeprecated-declarations[m[K]
     battery_state = this->create_publisher<sensor_msgs::msg::BatteryState>("battery_state"[01;35m[K)[m[K;
                                                                                           [01;35m[K^[m[K
In file included from [01m[K/home/turtlebot2/ros2_ws/install/rclcpp/include/rclcpp/node.hpp:1206:0[m[K,
                 from [01m[K/home/turtlebot2/ros2_ws/install/rclcpp/include/rclcpp/executors/single_threaded_executor.hpp:28[m[K,
                 from [01m[K/home/turtlebot2/ros2_ws/install/rclcpp/include/rclcpp/executors.hpp:22[m[K,
                 from [01m[K/home/turtlebot2/ros2_ws/install/rclcpp/include/rclcpp/rclcpp.hpp:144[m[K,
                 from [01m[K/home/turtlebot2/Desktop/turtlebot2_ros2/src/Turtlebot.hpp:2[m[K,
                 from [01m[K/home/turtlebot2/Desktop/turtlebot2_ros2/src/turtlebot2.cpp:1[m[K:
[01m[K/home/turtlebot2/ros2_ws/install/rclcpp/include/rclcpp/node_impl.hpp:96:1:[m[K [01;36m[Knote: [m[Kdeclared here
 [01;36m[KNode[m[K::create_publisher(
 [01;36m[K^~~~[m[K
In file included from [01m[K/home/turtlebot2/Desktop/turtlebot2_ros2/src/turtlebot2.cpp:1:0[m[K:
[01m[K/home/turtlebot2/Desktop/turtlebot2_ros2/src/Turtlebot.hpp:115:5:[m[K [01;31m[Kerror: [m[K‘[01m[Kjoint_state[m[K’ was not declared in this scope
     [01;31m[Kjoint_state[m[K = this->create_publisher<sensor_msgs::msg::JointState>("battery_state");
     [01;31m[K^~~~~~~~~~~[m[K
[01m[K/home/turtlebot2/Desktop/turtlebot2_ros2/src/Turtlebot.hpp:115:5:[m[K [01;36m[Knote: [m[Ksuggested alternative: ‘[01m[Kjoint_states[m[K’
     [01;36m[Kjoint_state[m[K = this->create_publisher<sensor_msgs::msg::JointState>("battery_state");
     [01;36m[K^~~~~~~~~~~[m[K
     [32m[Kjoint_states[m[K
[01m[K/home/turtlebot2/Desktop/turtlebot2_ros2/src/Turtlebot.hpp:115:87:[m[K [01;35m[Kwarning: [m[K‘[01m[Kstd::shared_ptr<PublisherT> rclcpp::Node::create_publisher(const string&, const rmw_qos_profile_t&, std::shared_ptr<_Up>) [with MessageT = sensor_msgs::msg::JointState_<std::allocator<void> >; AllocatorT = std::allocator<void>; PublisherT = rclcpp::Publisher<sensor_msgs::msg::JointState_<std::allocator<void> > >; std::__cxx11::string = std::__cxx11::basic_string<char>; rmw_qos_profile_t = rmw_qos_profile_t][m[K’ is deprecated: use create_publisher(const std::string &, const rclcpp::QoS &, ...) instead [[01;35m[K-Wdeprecated-declarations[m[K]
     joint_state = this->create_publisher<sensor_msgs::msg::JointState>("battery_state"[01;35m[K)[m[K;
                                                                                       [01;35m[K^[m[K
In file included from [01m[K/home/turtlebot2/ros2_ws/install/rclcpp/include/rclcpp/node.hpp:1206:0[m[K,
                 from [01m[K/home/turtlebot2/ros2_ws/install/rclcpp/include/rclcpp/executors/single_threaded_executor.hpp:28[m[K,
                 from [01m[K/home/turtlebot2/ros2_ws/install/rclcpp/include/rclcpp/executors.hpp:22[m[K,
                 from [01m[K/home/turtlebot2/ros2_ws/install/rclcpp/include/rclcpp/rclcpp.hpp:144[m[K,
                 from [01m[K/home/turtlebot2/Desktop/turtlebot2_ros2/src/Turtlebot.hpp:2[m[K,
                 from [01m[K/home/turtlebot2/Desktop/turtlebot2_ros2/src/turtlebot2.cpp:1[m[K:
[01m[K/home/turtlebot2/ros2_ws/install/rclcpp/include/rclcpp/node_impl.hpp:96:1:[m[K [01;36m[Knote: [m[Kdeclared here
 [01;36m[KNode[m[K::create_publisher(
 [01;36m[K^~~~[m[K
In file included from [01m[K/home/turtlebot2/Desktop/turtlebot2_ros2/src/turtlebot2.cpp:1:0[m[K:
[01m[K/home/turtlebot2/Desktop/turtlebot2_ros2/src/Turtlebot.hpp:116:5:[m[K [01;31m[Kerror: [m[K‘[01m[Kjoint_state_timer[m[K’ was not declared in this scope
     [01;31m[Kjoint_state_timer[m[K = this->create_wall_timer(20ms, bind(&Turtlebot::publishJointStates, this));
     [01;31m[K^~~~~~~~~~~~~~~~~[m[K
[01m[K/home/turtlebot2/Desktop/turtlebot2_ros2/src/Turtlebot.hpp:116:5:[m[K [01;36m[Knote: [m[Ksuggested alternative: ‘[01m[Kjoint_states_timer[m[K’
     [01;36m[Kjoint_state_timer[m[K = this->create_wall_timer(20ms, bind(&Turtlebot::publishJointStates, this));
     [01;36m[K^~~~~~~~~~~~~~~~~[m[K
     [32m[Kjoint_states_timer[m[K
[01m[K/home/turtlebot2/Desktop/turtlebot2_ros2/src/Turtlebot.cpp:[m[K In member function ‘[01m[Kvoid Turtlebot::publishInertial()[m[K’:
[01m[K/home/turtlebot2/Desktop/turtlebot2_ros2/src/Turtlebot.cpp:126:7:[m[K [01;35m[Kwarning: [m[Kunused variable ‘[01m[Kflag[m[K’ [[01;35m[K-Wunused-variable[m[K]
  bool [01;35m[Kflag[m[K = (int)InertialAngleRate;
       [01;35m[K^~~~[m[K
[01m[K/home/turtlebot2/Desktop/turtlebot2_ros2/src/Turtlebot.cpp:[m[K In member function ‘[01m[Kvoid Turtlebot::publishInertial()[m[K’:
[01m[K/home/turtlebot2/Desktop/turtlebot2_ros2/src/Turtlebot.cpp:126:7:[m[K [01;35m[Kwarning: [m[Kunused variable ‘[01m[Kflag[m[K’ [[01;35m[K-Wunused-variable[m[K]
  bool [01;35m[Kflag[m[K = (int)InertialAngleRate;
       [01;35m[K^~~~[m[K
CMakeFiles/turtlebot2.dir/build.make:86: recipe for target 'CMakeFiles/turtlebot2.dir/src/Turtlebot.cpp.o' failed
make[2]: *** [CMakeFiles/turtlebot2.dir/src/Turtlebot.cpp.o] Error 1
make[2]: *** Waiting for unfinished jobs....
CMakeFiles/Turtlebot.dir/build.make:62: recipe for target 'CMakeFiles/Turtlebot.dir/src/Turtlebot.cpp.o' failed
make[2]: *** [CMakeFiles/Turtlebot.dir/src/Turtlebot.cpp.o] Error 1
make[1]: *** [CMakeFiles/Turtlebot.dir/all] Error 2
make[1]: *** Waiting for unfinished jobs....
CMakeFiles/Makefile2:432: recipe for target 'CMakeFiles/Turtlebot.dir/all' failed
make[2]: *** [CMakeFiles/turtlebot2.dir/src/turtlebot2.cpp.o] Error 1
CMakeFiles/turtlebot2.dir/build.make:62: recipe for target 'CMakeFiles/turtlebot2.dir/src/turtlebot2.cpp.o' failed
make[1]: *** [CMakeFiles/turtlebot2.dir/all] Error 2
make: *** [all] Error 2
CMakeFiles/Makefile2:469: recipe for target 'CMakeFiles/turtlebot2.dir/all' failed
Makefile:140: recipe for target 'all' failed
