In file included from [01m[K/home/turtlebot2/Desktop/turtlebot2_ros2/kobuki/Thread.cpp:2:0[m[K:
[01m[K/home/turtlebot2/Desktop/turtlebot2_ros2/include/Thread.h:109:3:[m[K [01;35m[Kwarning: [m[Kextra ‘[01m[K;[m[K’ [[01;35m[K-Wpedantic[m[K]
  }[01;35m[K;[m[K

   [01;35m[K^[m[K
[01m[K/home/turtlebot2/Desktop/turtlebot2_ros2/include/Thread.h:110:2:[m[K [01;35m[Kwarning: [m[Kextra ‘[01m[K;[m[K’ [[01;35m[K-Wpedantic[m[K]
 }[01;35m[K;[m[K

  [01;35m[K^[m[K
[01m[K/home/turtlebot2/Desktop/turtlebot2_ros2/kobuki/Thread.cpp:[m[K In member function ‘[01m[Kvoid net::ysuga::Thread::Exit(long unsigned int)[m[K’:
[01m[K/home/turtlebot2/Desktop/turtlebot2_ros2/kobuki/Thread.cpp:72:33:[m[K [01;35m[Kwarning: [m[Kunused parameter ‘[01m[KexitCode[m[K’ [[01;35m[K-Wunused-parameter[m[K]
 void Thread::Exit(unsigned long [01;35m[KexitCode[m[K) {

                                 [01;35m[K^~~~~~~~[m[K
In file included from [01m[K/home/turtlebot2/Desktop/turtlebot2_ros2/include/Transport.h:3:0[m[K,
                 from [01m[K/home/turtlebot2/Desktop/turtlebot2_ros2/kobuki/Transport.cpp:2[m[K:
[01m[K/home/turtlebot2/Desktop/turtlebot2_ros2/include/SerialPort.h:165:4:[m[K [01;35m[Kwarning: [m[Kextra ‘[01m[K;[m[K’ [[01;35m[K-Wpedantic[m[K]
   }[01;35m[K;[m[K//namespace ysuga

    [01;35m[K^[m[K
In file included from [01m[K/home/turtlebot2/Desktop/turtlebot2_ros2/include/KobukiBase.h:4:0[m[K,
                 from [01m[K/home/turtlebot2/Desktop/turtlebot2_ros2/include/Kobuki_impl.h:5[m[K,
                 from [01m[K/home/turtlebot2/Desktop/turtlebot2_ros2/kobuki/libkobuki.cpp:2[m[K:
[01m[K/home/turtlebot2/Desktop/turtlebot2_ros2/include/Thread.h:109:3:[m[K [01;35m[Kwarning: [m[Kextra ‘[01m[K;[m[K’ [[01;35m[K-Wpedantic[m[K]
  }[01;35m[K;[m[K

   [01;35m[K^[m[K
[01m[K/home/turtlebot2/Desktop/turtlebot2_ros2/include/Thread.h:110:2:[m[K [01;35m[Kwarning: [m[Kextra ‘[01m[K;[m[K’ [[01;35m[K-Wpedantic[m[K]
 }[01;35m[K;[m[K

  [01;35m[K^[m[K
In file included from [01m[K/home/turtlebot2/Desktop/turtlebot2_ros2/include/KobukiBase.h:6:0[m[K,
                 from [01m[K/home/turtlebot2/Desktop/turtlebot2_ros2/include/Kobuki_impl.h:5[m[K,
                 from [01m[K/home/turtlebot2/Desktop/turtlebot2_ros2/kobuki/libkobuki.cpp:2[m[K:
[01m[K/home/turtlebot2/Desktop/turtlebot2_ros2/include/SerialPort.h:165:4:[m[K [01;35m[Kwarning: [m[Kextra ‘[01m[K;[m[K’ [[01;35m[K-Wpedantic[m[K]
   }[01;35m[K;[m[K//namespace ysuga

    [01;35m[K^[m[K
In file included from [01m[K/home/turtlebot2/Desktop/turtlebot2_ros2/include/KobukiBase.h:4:0[m[K,
                 from [01m[K/home/turtlebot2/Desktop/turtlebot2_ros2/include/Kobuki_impl.h:5[m[K,
                 from [01m[K/home/turtlebot2/Desktop/turtlebot2_ros2/include/DockingController.h:4[m[K,
                 from [01m[K/home/turtlebot2/Desktop/turtlebot2_ros2/kobuki/DockingController.cpp:1[m[K:
[01m[K/home/turtlebot2/Desktop/turtlebot2_ros2/include/Thread.h:109:3:[m[K [01;35m[Kwarning: [m[Kextra ‘[01m[K;[m[K’ [[01;35m[K-Wpedantic[m[K]
  }[01;35m[K;[m[K

   [01;35m[K^[m[K
In file included from [01m[K/home/turtlebot2/Desktop/turtlebot2_ros2/include/Kobuki_impl.h:5:0[m[K,
                 from [01m[K/home/turtlebot2/Desktop/turtlebot2_ros2/kobuki/libkobuki.cpp:2[m[K:
[01m[K/home/turtlebot2/Desktop/turtlebot2_ros2/include/KobukiBase.h:[m[K In member function ‘[01m[Kvoid rt_net::KobukiBase::setLED(uint8_t, uint8_t, bool)[m[K’:
[01m[K/home/turtlebot2/Desktop/turtlebot2_ros2/include/KobukiBase.h:115:15:[m[K [01;35m[Kwarning: [m[Kunused variable ‘[01m[KNNNNXotemp[m[K’ [[01;35m[K-Wunused-variable[m[K]
       uint8_t [01;35m[KNNNNXotemp[m[K = m_LED;

               [01;35m[K^~~~~~~~~~[m[K
[01m[K/home/turtlebot2/Desktop/turtlebot2_ros2/include/Thread.h:110:2:[m[K [01;35m[Kwarning: [m[Kextra ‘[01m[K;[m[K’ [[01;35m[K-Wpedantic[m[K]
 }[01;35m[K;[m[K

  [01;35m[K^[m[K
In file included from [01m[K/home/turtlebot2/Desktop/turtlebot2_ros2/include/KobukiBase.h:6:0[m[K,
                 from [01m[K/home/turtlebot2/Desktop/turtlebot2_ros2/include/Kobuki_impl.h:5[m[K,
                 from [01m[K/home/turtlebot2/Desktop/turtlebot2_ros2/include/DockingController.h:4[m[K,
                 from [01m[K/home/turtlebot2/Desktop/turtlebot2_ros2/kobuki/DockingController.cpp:1[m[K:
[01m[K/home/turtlebot2/Desktop/turtlebot2_ros2/include/SerialPort.h:165:4:[m[K [01;35m[Kwarning: [m[Kextra ‘[01m[K;[m[K’ [[01;35m[K-Wpedantic[m[K]
   }[01;35m[K;[m[K//namespace ysuga

    [01;35m[K^[m[K
In file included from [01m[K/home/turtlebot2/Desktop/turtlebot2_ros2/include/Kobuki_impl.h:5:0[m[K,
                 from [01m[K/home/turtlebot2/Desktop/turtlebot2_ros2/include/DockingController.h:4[m[K,
                 from [01m[K/home/turtlebot2/Desktop/turtlebot2_ros2/kobuki/DockingController.cpp:1[m[K:
[01m[K/home/turtlebot2/Desktop/turtlebot2_ros2/include/KobukiBase.h:[m[K In member function ‘[01m[Kvoid rt_net::KobukiBase::setLED(uint8_t, uint8_t, bool)[m[K’:
[01m[K/home/turtlebot2/Desktop/turtlebot2_ros2/include/KobukiBase.h:115:15:[m[K [01;35m[Kwarning: [m[Kunused variable ‘[01m[KNNNNXotemp[m[K’ [[01;35m[K-Wunused-variable[m[K]
       uint8_t [01;35m[KNNNNXotemp[m[K = m_LED;

               [01;35m[K^~~~~~~~~~[m[K
In file included from [01m[K/home/turtlebot2/Desktop/turtlebot2_ros2/kobuki/DockingController.cpp:1:0[m[K:
[01m[K/home/turtlebot2/Desktop/turtlebot2_ros2/include/DockingController.h:[m[K In constructor ‘[01m[Krt_net::DockingController::DockingController(rt_net::Kobuki_impl*)[m[K’:
[01m[K/home/turtlebot2/Desktop/turtlebot2_ros2/include/DockingController.h:33:18:[m[K [01;35m[Kwarning: [m[K‘[01m[Krt_net::DockingController::m_pKobuki[m[K’ will be initialized after [[01;35m[K-Wreorder[m[K]
     Kobuki_impl *[01;35m[Km_pKobuki[m[K;

                  [01;35m[K^~~~~~~~~[m[K
[01m[K/home/turtlebot2/Desktop/turtlebot2_ros2/include/DockingController.h:29:10:[m[K [01;35m[Kwarning: [m[K  ‘[01m[Krt_net::DockingController::MODE rt_net::DockingController::m_Mode[m[K’ [[01;35m[K-Wreorder[m[K]
     MODE [01;35m[Km_Mode[m[K;

          [01;35m[K^~~~~~[m[K
[01m[K/home/turtlebot2/Desktop/turtlebot2_ros2/kobuki/DockingController.cpp:7:1:[m[K [01;35m[Kwarning: [m[K  when initialized here [[01;35m[K-Wreorder[m[K]
 [01;35m[KDockingController[m[K::DockingController(Kobuki_impl *pKobuki) :

 [01;35m[K^~~~~~~~~~~~~~~~~[m[K
In file included from [01m[K/home/turtlebot2/Desktop/turtlebot2_ros2/kobuki/DockingController.cpp:1:0[m[K:
[01m[K/home/turtlebot2/Desktop/turtlebot2_ros2/include/DockingController.h:31:13:[m[K [01;35m[Kwarning: [m[K‘[01m[Krt_net::DockingController::m_ApproachSide[m[K’ will be initialized after [[01;35m[K-Wreorder[m[K]
     int32_t [01;35m[Km_ApproachSide[m[K;

             [01;35m[K^~~~~~~~~~~~~~[m[K
[01m[K/home/turtlebot2/Desktop/turtlebot2_ros2/include/DockingController.h:27:13:[m[K [01;35m[Kwarning: [m[K  ‘[01m[Kint32_t rt_net::DockingController::m_BumpCount[m[K’ [[01;35m[K-Wreorder[m[K]
     int32_t [01;35m[Km_BumpCount[m[K;

             [01;35m[K^~~~~~~~~~~[m[K
[01m[K/home/turtlebot2/Desktop/turtlebot2_ros2/kobuki/DockingController.cpp:7:1:[m[K [01;35m[Kwarning: [m[K  when initialized here [[01;35m[K-Wreorder[m[K]
 [01;35m[KDockingController[m[K::DockingController(Kobuki_impl *pKobuki) :

 [01;35m[K^~~~~~~~~~~~~~~~~[m[K
In file included from [01m[K/home/turtlebot2/Desktop/turtlebot2_ros2/include/KobukiBase.h:4:0[m[K,
                 from [01m[K/home/turtlebot2/Desktop/turtlebot2_ros2/kobuki/KobukiBase.cpp:3[m[K:
[01m[K/home/turtlebot2/Desktop/turtlebot2_ros2/include/Thread.h:109:3:[m[K [01;35m[Kwarning: [m[Kextra ‘[01m[K;[m[K’ [[01;35m[K-Wpedantic[m[K]
  }[01;35m[K;[m[K

   [01;35m[K^[m[K
[01m[K/home/turtlebot2/Desktop/turtlebot2_ros2/include/Thread.h:110:2:[m[K [01;35m[Kwarning: [m[Kextra ‘[01m[K;[m[K’ [[01;35m[K-Wpedantic[m[K]
 }[01;35m[K;[m[K

  [01;35m[K^[m[K
In file included from [01m[K/home/turtlebot2/Desktop/turtlebot2_ros2/include/KobukiBase.h:6:0[m[K,
                 from [01m[K/home/turtlebot2/Desktop/turtlebot2_ros2/kobuki/KobukiBase.cpp:3[m[K:
[01m[K/home/turtlebot2/Desktop/turtlebot2_ros2/include/SerialPort.h:165:4:[m[K [01;35m[Kwarning: [m[Kextra ‘[01m[K;[m[K’ [[01;35m[K-Wpedantic[m[K]
   }[01;35m[K;[m[K//namespace ysuga

    [01;35m[K^[m[K
In file included from [01m[K/home/turtlebot2/Desktop/turtlebot2_ros2/kobuki/KobukiBase.cpp:3:0[m[K:
[01m[K/home/turtlebot2/Desktop/turtlebot2_ros2/include/KobukiBase.h:[m[K In member function ‘[01m[Kvoid rt_net::KobukiBase::setLED(uint8_t, uint8_t, bool)[m[K’:
[01m[K/home/turtlebot2/Desktop/turtlebot2_ros2/include/KobukiBase.h:115:15:[m[K [01;35m[Kwarning: [m[Kunused variable ‘[01m[KNNNNXotemp[m[K’ [[01;35m[K-Wunused-variable[m[K]
       uint8_t [01;35m[KNNNNXotemp[m[K = m_LED;

               [01;35m[K^~~~~~~~~~[m[K
In file included from [01m[K/home/turtlebot2/Desktop/turtlebot2_ros2/kobuki/SerialPort.cpp:31:0[m[K:
[01m[K/home/turtlebot2/Desktop/turtlebot2_ros2/include/SerialPort.h:165:4:[m[K [01;35m[Kwarning: [m[Kextra ‘[01m[K;[m[K’ [[01;35m[K-Wpedantic[m[K]
   }[01;35m[K;[m[K//namespace ysuga

    [01;35m[K^[m[K
In file included from [01m[K/home/turtlebot2/Desktop/turtlebot2_ros2/include/KobukiBase.h:4:0[m[K,
                 from [01m[K/home/turtlebot2/Desktop/turtlebot2_ros2/include/Kobuki_impl.h:5[m[K,
                 from [01m[K/home/turtlebot2/Desktop/turtlebot2_ros2/kobuki/Kobuki_impl.cpp:6[m[K:
[01m[K/home/turtlebot2/Desktop/turtlebot2_ros2/include/Thread.h:109:3:[m[K [01;35m[Kwarning: [m[Kextra ‘[01m[K;[m[K’ [[01;35m[K-Wpedantic[m[K]
  }[01;35m[K;[m[K

   [01;35m[K^[m[K
[01m[K/home/turtlebot2/Desktop/turtlebot2_ros2/include/Thread.h:110:2:[m[K [01;35m[Kwarning: [m[Kextra ‘[01m[K;[m[K’ [[01;35m[K-Wpedantic[m[K]
 }[01;35m[K;[m[K

  [01;35m[K^[m[K
In file included from [01m[K/home/turtlebot2/Desktop/turtlebot2_ros2/include/KobukiBase.h:6:0[m[K,
                 from [01m[K/home/turtlebot2/Desktop/turtlebot2_ros2/include/Kobuki_impl.h:5[m[K,
                 from [01m[K/home/turtlebot2/Desktop/turtlebot2_ros2/kobuki/Kobuki_impl.cpp:6[m[K:
[01m[K/home/turtlebot2/Desktop/turtlebot2_ros2/include/SerialPort.h:165:4:[m[K [01;35m[Kwarning: [m[Kextra ‘[01m[K;[m[K’ [[01;35m[K-Wpedantic[m[K]
   }[01;35m[K;[m[K//namespace ysuga

    [01;35m[K^[m[K
In file included from [01m[K/home/turtlebot2/Desktop/turtlebot2_ros2/include/Kobuki_impl.h:5:0[m[K,
                 from [01m[K/home/turtlebot2/Desktop/turtlebot2_ros2/kobuki/Kobuki_impl.cpp:6[m[K:
[01m[K/home/turtlebot2/Desktop/turtlebot2_ros2/include/KobukiBase.h:[m[K In member function ‘[01m[Kvoid rt_net::KobukiBase::setLED(uint8_t, uint8_t, bool)[m[K’:
[01m[K/home/turtlebot2/Desktop/turtlebot2_ros2/include/KobukiBase.h:115:15:[m[K [01;35m[Kwarning: [m[Kunused variable ‘[01m[KNNNNXotemp[m[K’ [[01;35m[K-Wunused-variable[m[K]
       uint8_t [01;35m[KNNNNXotemp[m[K = m_LED;

               [01;35m[K^~~~~~~~~~[m[K
In file included from [01m[K/home/turtlebot2/Desktop/turtlebot2_ros2/kobuki/SerialPort.cpp:31:0[m[K:
[01m[K/home/turtlebot2/Desktop/turtlebot2_ros2/include/SerialPort.h:165:4:[m[K [01;35m[Kwarning: [m[Kextra ‘[01m[K;[m[K’ [[01;35m[K-Wpedantic[m[K]
   }[01;35m[K;[m[K//namespace ysuga

    [01;35m[K^[m[K
In file included from [01m[K/home/turtlebot2/Desktop/turtlebot2_ros2/kobuki/SerialPort.cpp:31:0[m[K:
[01m[K/home/turtlebot2/Desktop/turtlebot2_ros2/include/SerialPort.h:165:4:[m[K [01;35m[Kwarning: [m[Kextra ‘[01m[K;[m[K’ [[01;35m[K-Wpedantic[m[K]
   }[01;35m[K;[m[K//namespace ysuga

    [01;35m[K^[m[K
In file included from [01m[K/home/turtlebot2/Desktop/turtlebot2_ros2/kobuki/Thread.cpp:2:0[m[K:
[01m[K/home/turtlebot2/Desktop/turtlebot2_ros2/include/Thread.h:109:3:[m[K [01;35m[Kwarning: [m[Kextra ‘[01m[K;[m[K’ [[01;35m[K-Wpedantic[m[K]
  }[01;35m[K;[m[K

   [01;35m[K^[m[K
[01m[K/home/turtlebot2/Desktop/turtlebot2_ros2/include/Thread.h:110:2:[m[K [01;35m[Kwarning: [m[Kextra ‘[01m[K;[m[K’ [[01;35m[K-Wpedantic[m[K]
 }[01;35m[K;[m[K

  [01;35m[K^[m[K
In file included from [01m[K/home/turtlebot2/Desktop/turtlebot2_ros2/kobuki/Thread.cpp:2:0[m[K:
[01m[K/home/turtlebot2/Desktop/turtlebot2_ros2/include/Thread.h:109:3:[m[K [01;35m[Kwarning: [m[Kextra ‘[01m[K;[m[K’ [[01;35m[K-Wpedantic[m[K]
  }[01;35m[K;[m[K

   [01;35m[K^[m[K
[01m[K/home/turtlebot2/Desktop/turtlebot2_ros2/include/Thread.h:110:2:[m[K [01;35m[Kwarning: [m[Kextra ‘[01m[K;[m[K’ [[01;35m[K-Wpedantic[m[K]
 }[01;35m[K;[m[K

  [01;35m[K^[m[K
[01m[K/home/turtlebot2/Desktop/turtlebot2_ros2/kobuki/Thread.cpp:[m[K In member function ‘[01m[Kvoid net::ysuga::Thread::Exit(long unsigned int)[m[K’:
[01m[K/home/turtlebot2/Desktop/turtlebot2_ros2/kobuki/Thread.cpp:72:33:[m[K [01;35m[Kwarning: [m[Kunused parameter ‘[01m[KexitCode[m[K’ [[01;35m[K-Wunused-parameter[m[K]
 void Thread::Exit(unsigned long [01;35m[KexitCode[m[K) {

                                 [01;35m[K^~~~~~~~[m[K
[01m[K/home/turtlebot2/Desktop/turtlebot2_ros2/kobuki/Thread.cpp:[m[K In member function ‘[01m[Kvoid net::ysuga::Thread::Exit(long unsigned int)[m[K’:
[01m[K/home/turtlebot2/Desktop/turtlebot2_ros2/kobuki/Thread.cpp:72:33:[m[K [01;35m[Kwarning: [m[Kunused parameter ‘[01m[KexitCode[m[K’ [[01;35m[K-Wunused-parameter[m[K]
 void Thread::Exit(unsigned long [01;35m[KexitCode[m[K) {

                                 [01;35m[K^~~~~~~~[m[K
In file included from [01m[K/home/turtlebot2/Desktop/turtlebot2_ros2/include/KobukiBase.h:4:0[m[K,
                 from [01m[K/home/turtlebot2/Desktop/turtlebot2_ros2/include/Kobuki_impl.h:5[m[K,
                 from [01m[K/home/turtlebot2/Desktop/turtlebot2_ros2/kobuki/Kobuki_impl.cpp:6[m[K:
[01m[K/home/turtlebot2/Desktop/turtlebot2_ros2/include/Thread.h:109:3:[m[K [01;35m[Kwarning: [m[Kextra ‘[01m[K;[m[K’ [[01;35m[K-Wpedantic[m[K]
  }[01;35m[K;[m[K

   [01;35m[K^[m[K
[01m[K/home/turtlebot2/Desktop/turtlebot2_ros2/include/Thread.h:110:2:[m[K [01;35m[Kwarning: [m[Kextra ‘[01m[K;[m[K’ [[01;35m[K-Wpedantic[m[K]
 }[01;35m[K;[m[K

  [01;35m[K^[m[K
In file included from [01m[K/home/turtlebot2/Desktop/turtlebot2_ros2/include/KobukiBase.h:6:0[m[K,
                 from [01m[K/home/turtlebot2/Desktop/turtlebot2_ros2/include/Kobuki_impl.h:5[m[K,
                 from [01m[K/home/turtlebot2/Desktop/turtlebot2_ros2/kobuki/Kobuki_impl.cpp:6[m[K:
[01m[K/home/turtlebot2/Desktop/turtlebot2_ros2/include/SerialPort.h:165:4:[m[K [01;35m[Kwarning: [m[Kextra ‘[01m[K;[m[K’ [[01;35m[K-Wpedantic[m[K]
   }[01;35m[K;[m[K//namespace ysuga

    [01;35m[K^[m[K
In file included from [01m[K/home/turtlebot2/Desktop/turtlebot2_ros2/include/Kobuki_impl.h:5:0[m[K,
                 from [01m[K/home/turtlebot2/Desktop/turtlebot2_ros2/kobuki/Kobuki_impl.cpp:6[m[K:
[01m[K/home/turtlebot2/Desktop/turtlebot2_ros2/include/KobukiBase.h:[m[K In member function ‘[01m[Kvoid rt_net::KobukiBase::setLED(uint8_t, uint8_t, bool)[m[K’:
[01m[K/home/turtlebot2/Desktop/turtlebot2_ros2/include/KobukiBase.h:115:15:[m[K [01;35m[Kwarning: [m[Kunused variable ‘[01m[KNNNNXotemp[m[K’ [[01;35m[K-Wunused-variable[m[K]
       uint8_t [01;35m[KNNNNXotemp[m[K = m_LED;

               [01;35m[K^~~~~~~~~~[m[K
In file included from [01m[K/home/turtlebot2/Desktop/turtlebot2_ros2/include/KobukiBase.h:4:0[m[K,
                 from [01m[K/home/turtlebot2/Desktop/turtlebot2_ros2/kobuki/KobukiBase.cpp:3[m[K:
[01m[K/home/turtlebot2/Desktop/turtlebot2_ros2/include/Thread.h:109:3:[m[K [01;35m[Kwarning: [m[Kextra ‘[01m[K;[m[K’ [[01;35m[K-Wpedantic[m[K]
  }[01;35m[K;[m[K

   [01;35m[K^[m[K
[01m[K/home/turtlebot2/Desktop/turtlebot2_ros2/include/Thread.h:110:2:[m[K [01;35m[Kwarning: [m[Kextra ‘[01m[K;[m[K’ [[01;35m[K-Wpedantic[m[K]
 }[01;35m[K;[m[K

  [01;35m[K^[m[K
In file included from [01m[K/home/turtlebot2/Desktop/turtlebot2_ros2/include/Transport.h:3:0[m[K,
                 from [01m[K/home/turtlebot2/Desktop/turtlebot2_ros2/kobuki/Transport.cpp:2[m[K:
[01m[K/home/turtlebot2/Desktop/turtlebot2_ros2/include/SerialPort.h:165:4:[m[K [01;35m[Kwarning: [m[Kextra ‘[01m[K;[m[K’ [[01;35m[K-Wpedantic[m[K]
   }[01;35m[K;[m[K//namespace ysuga

    [01;35m[K^[m[K
In file included from [01m[K/home/turtlebot2/Desktop/turtlebot2_ros2/include/KobukiBase.h:6:0[m[K,
                 from [01m[K/home/turtlebot2/Desktop/turtlebot2_ros2/kobuki/KobukiBase.cpp:3[m[K:
[01m[K/home/turtlebot2/Desktop/turtlebot2_ros2/include/SerialPort.h:165:4:[m[K [01;35m[Kwarning: [m[Kextra ‘[01m[K;[m[K’ [[01;35m[K-Wpedantic[m[K]
   }[01;35m[K;[m[K//namespace ysuga

    [01;35m[K^[m[K
In file included from [01m[K/home/turtlebot2/Desktop/turtlebot2_ros2/kobuki/KobukiBase.cpp:3:0[m[K:
[01m[K/home/turtlebot2/Desktop/turtlebot2_ros2/include/KobukiBase.h:[m[K In member function ‘[01m[Kvoid rt_net::KobukiBase::setLED(uint8_t, uint8_t, bool)[m[K’:
[01m[K/home/turtlebot2/Desktop/turtlebot2_ros2/include/KobukiBase.h:115:15:[m[K [01;35m[Kwarning: [m[Kunused variable ‘[01m[KNNNNXotemp[m[K’ [[01;35m[K-Wunused-variable[m[K]
       uint8_t [01;35m[KNNNNXotemp[m[K = m_LED;

               [01;35m[K^~~~~~~~~~[m[K
In file included from [01m[K/home/turtlebot2/Desktop/turtlebot2_ros2/include/KobukiBase.h:4:0[m[K,
                 from [01m[K/home/turtlebot2/Desktop/turtlebot2_ros2/kobuki/Translator.cpp:2[m[K:
[01m[K/home/turtlebot2/Desktop/turtlebot2_ros2/include/Thread.h:109:3:[m[K [01;35m[Kwarning: [m[Kextra ‘[01m[K;[m[K’ [[01;35m[K-Wpedantic[m[K]
  }[01;35m[K;[m[K

   [01;35m[K^[m[K
[01m[K/home/turtlebot2/Desktop/turtlebot2_ros2/include/Thread.h:110:2:[m[K [01;35m[Kwarning: [m[Kextra ‘[01m[K;[m[K’ [[01;35m[K-Wpedantic[m[K]
 }[01;35m[K;[m[K

  [01;35m[K^[m[K
In file included from [01m[K/home/turtlebot2/Desktop/turtlebot2_ros2/include/KobukiBase.h:6:0[m[K,
                 from [01m[K/home/turtlebot2/Desktop/turtlebot2_ros2/kobuki/Translator.cpp:2[m[K:
[01m[K/home/turtlebot2/Desktop/turtlebot2_ros2/include/SerialPort.h:165:4:[m[K [01;35m[Kwarning: [m[Kextra ‘[01m[K;[m[K’ [[01;35m[K-Wpedantic[m[K]
   }[01;35m[K;[m[K//namespace ysuga

    [01;35m[K^[m[K
In file included from [01m[K/home/turtlebot2/Desktop/turtlebot2_ros2/kobuki/Translator.cpp:2:0[m[K:
[01m[K/home/turtlebot2/Desktop/turtlebot2_ros2/include/KobukiBase.h:[m[K In member function ‘[01m[Kvoid rt_net::KobukiBase::setLED(uint8_t, uint8_t, bool)[m[K’:
[01m[K/home/turtlebot2/Desktop/turtlebot2_ros2/include/KobukiBase.h:115:15:[m[K [01;35m[Kwarning: [m[Kunused variable ‘[01m[KNNNNXotemp[m[K’ [[01;35m[K-Wunused-variable[m[K]
       uint8_t [01;35m[KNNNNXotemp[m[K = m_LED;

               [01;35m[K^~~~~~~~~~[m[K
[01m[K/home/turtlebot2/Desktop/turtlebot2_ros2/kobuki/Translator.cpp:[m[K In member function ‘[01m[Kvoid rt_net::Translator::onBasicSensorData(const rt_net::Packet&)[m[K’:
[01m[K/home/turtlebot2/Desktop/turtlebot2_ros2/kobuki/Translator.cpp:74:11:[m[K [01;35m[Kwarning: [m[Kunused variable ‘[01m[Ksize[m[K’ [[01;35m[K-Wunused-variable[m[K]
   uint8_t [01;35m[Ksize[m[K = packet[1];

           [01;35m[K^~~~[m[K
[01m[K/home/turtlebot2/Desktop/turtlebot2_ros2/kobuki/Translator.cpp:75:12:[m[K [01;35m[Kwarning: [m[Kunused variable ‘[01m[Ktimestamp[m[K’ [[01;35m[K-Wunused-variable[m[K]
   uint16_t [01;35m[Ktimestamp[m[K = packet.ushort(2);

            [01;35m[K^~~~~~~~~[m[K
[01m[K/home/turtlebot2/Desktop/turtlebot2_ros2/kobuki/Translator.cpp:[m[K In member function ‘[01m[Kvoid rt_net::Translator::onCliff(const rt_net::Packet&)[m[K’:
[01m[K/home/turtlebot2/Desktop/turtlebot2_ros2/kobuki/Translator.cpp:117:40:[m[K [01;35m[Kwarning: [m[Kunused parameter ‘[01m[Kpacket[m[K’ [[01;35m[K-Wunused-parameter[m[K]
 void Translator::onCliff(const Packet& [01;35m[Kpacket[m[K)

                                        [01;35m[K^~~~~~[m[K
[01m[K/home/turtlebot2/Desktop/turtlebot2_ros2/kobuki/Translator.cpp:[m[K In member function ‘[01m[Kvoid rt_net::Translator::onRawDataOf3AxisGyro(const rt_net::Packet&)[m[K’:
[01m[K/home/turtlebot2/Desktop/turtlebot2_ros2/kobuki/Translator.cpp:127:53:[m[K [01;35m[Kwarning: [m[Kunused parameter ‘[01m[Kpacket[m[K’ [[01;35m[K-Wunused-parameter[m[K]
 void Translator::onRawDataOf3AxisGyro(const Packet& [01;35m[Kpacket[m[K)

                                                     [01;35m[K^~~~~~[m[K
In file included from [01m[K/home/turtlebot2/Desktop/turtlebot2_ros2/kobuki/Thread.cpp:2:0[m[K:
[01m[K/home/turtlebot2/Desktop/turtlebot2_ros2/include/Thread.h:109:3:[m[K [01;35m[Kwarning: [m[Kextra ‘[01m[K;[m[K’ [[01;35m[K-Wpedantic[m[K]
  }[01;35m[K;[m[K

   [01;35m[K^[m[K
[01m[K/home/turtlebot2/Desktop/turtlebot2_ros2/include/Thread.h:110:2:[m[K [01;35m[Kwarning: [m[Kextra ‘[01m[K;[m[K’ [[01;35m[K-Wpedantic[m[K]
 }[01;35m[K;[m[K

  [01;35m[K^[m[K
[01m[K/home/turtlebot2/Desktop/turtlebot2_ros2/kobuki/Thread.cpp:[m[K In member function ‘[01m[Kvoid net::ysuga::Thread::Exit(long unsigned int)[m[K’:
[01m[K/home/turtlebot2/Desktop/turtlebot2_ros2/kobuki/Thread.cpp:72:33:[m[K [01;35m[Kwarning: [m[Kunused parameter ‘[01m[KexitCode[m[K’ [[01;35m[K-Wunused-parameter[m[K]
 void Thread::Exit(unsigned long [01;35m[KexitCode[m[K) {

                                 [01;35m[K^~~~~~~~[m[K
In file included from [01m[K/home/turtlebot2/Desktop/turtlebot2_ros2/include/KobukiBase.h:4:0[m[K,
                 from [01m[K/home/turtlebot2/Desktop/turtlebot2_ros2/include/Kobuki_impl.h:5[m[K,
                 from [01m[K/home/turtlebot2/Desktop/turtlebot2_ros2/include/DockingController.h:4[m[K,
                 from [01m[K/home/turtlebot2/Desktop/turtlebot2_ros2/kobuki/DockingController.cpp:1[m[K:
[01m[K/home/turtlebot2/Desktop/turtlebot2_ros2/include/Thread.h:109:3:[m[K [01;35m[Kwarning: [m[Kextra ‘[01m[K;[m[K’ [[01;35m[K-Wpedantic[m[K]
  }[01;35m[K;[m[K

   [01;35m[K^[m[K
[01m[K/home/turtlebot2/Desktop/turtlebot2_ros2/include/Thread.h:110:2:[m[K [01;35m[Kwarning: [m[Kextra ‘[01m[K;[m[K’ [[01;35m[K-Wpedantic[m[K]
 }[01;35m[K;[m[K

  [01;35m[K^[m[K
In file included from [01m[K/home/turtlebot2/Desktop/turtlebot2_ros2/kobuki/SerialPort.cpp:31:0[m[K:
[01m[K/home/turtlebot2/Desktop/turtlebot2_ros2/include/SerialPort.h:165:4:[m[K [01;35m[Kwarning: [m[Kextra ‘[01m[K;[m[K’ [[01;35m[K-Wpedantic[m[K]
   }[01;35m[K;[m[K//namespace ysuga

    [01;35m[K^[m[K
In file included from [01m[K/home/turtlebot2/Desktop/turtlebot2_ros2/include/KobukiBase.h:6:0[m[K,
                 from [01m[K/home/turtlebot2/Desktop/turtlebot2_ros2/include/Kobuki_impl.h:5[m[K,
                 from [01m[K/home/turtlebot2/Desktop/turtlebot2_ros2/include/DockingController.h:4[m[K,
                 from [01m[K/home/turtlebot2/Desktop/turtlebot2_ros2/kobuki/DockingController.cpp:1[m[K:
[01m[K/home/turtlebot2/Desktop/turtlebot2_ros2/include/SerialPort.h:165:4:[m[K [01;35m[Kwarning: [m[Kextra ‘[01m[K;[m[K’ [[01;35m[K-Wpedantic[m[K]
   }[01;35m[K;[m[K//namespace ysuga

    [01;35m[K^[m[K
In file included from [01m[K/home/turtlebot2/Desktop/turtlebot2_ros2/include/Kobuki_impl.h:5:0[m[K,
                 from [01m[K/home/turtlebot2/Desktop/turtlebot2_ros2/include/DockingController.h:4[m[K,
                 from [01m[K/home/turtlebot2/Desktop/turtlebot2_ros2/kobuki/DockingController.cpp:1[m[K:
[01m[K/home/turtlebot2/Desktop/turtlebot2_ros2/include/KobukiBase.h:[m[K In member function ‘[01m[Kvoid rt_net::KobukiBase::setLED(uint8_t, uint8_t, bool)[m[K’:
[01m[K/home/turtlebot2/Desktop/turtlebot2_ros2/include/KobukiBase.h:115:15:[m[K [01;35m[Kwarning: [m[Kunused variable ‘[01m[KNNNNXotemp[m[K’ [[01;35m[K-Wunused-variable[m[K]
       uint8_t [01;35m[KNNNNXotemp[m[K = m_LED;

               [01;35m[K^~~~~~~~~~[m[K
In file included from [01m[K/home/turtlebot2/Desktop/turtlebot2_ros2/kobuki/DockingController.cpp:1:0[m[K:
[01m[K/home/turtlebot2/Desktop/turtlebot2_ros2/include/DockingController.h:[m[K In constructor ‘[01m[Krt_net::DockingController::DockingController(rt_net::Kobuki_impl*)[m[K’:
[01m[K/home/turtlebot2/Desktop/turtlebot2_ros2/include/DockingController.h:33:18:[m[K [01;35m[Kwarning: [m[K‘[01m[Krt_net::DockingController::m_pKobuki[m[K’ will be initialized after [[01;35m[K-Wreorder[m[K]
     Kobuki_impl *[01;35m[Km_pKobuki[m[K;

                  [01;35m[K^~~~~~~~~[m[K
[01m[K/home/turtlebot2/Desktop/turtlebot2_ros2/include/DockingController.h:29:10:[m[K [01;35m[Kwarning: [m[K  ‘[01m[Krt_net::DockingController::MODE rt_net::DockingController::m_Mode[m[K’ [[01;35m[K-Wreorder[m[K]
     MODE [01;35m[Km_Mode[m[K;

          [01;35m[K^~~~~~[m[K
[01m[K/home/turtlebot2/Desktop/turtlebot2_ros2/kobuki/DockingController.cpp:7:1:[m[K [01;35m[Kwarning: [m[K  when initialized here [[01;35m[K-Wreorder[m[K]
 [01;35m[KDockingController[m[K::DockingController(Kobuki_impl *pKobuki) :

 [01;35m[K^~~~~~~~~~~~~~~~~[m[K
In file included from [01m[K/home/turtlebot2/Desktop/turtlebot2_ros2/kobuki/DockingController.cpp:1:0[m[K:
[01m[K/home/turtlebot2/Desktop/turtlebot2_ros2/include/DockingController.h:31:13:[m[K [01;35m[Kwarning: [m[K‘[01m[Krt_net::DockingController::m_ApproachSide[m[K’ will be initialized after [[01;35m[K-Wreorder[m[K]
     int32_t [01;35m[Km_ApproachSide[m[K;

             [01;35m[K^~~~~~~~~~~~~~[m[K
[01m[K/home/turtlebot2/Desktop/turtlebot2_ros2/include/DockingController.h:27:13:[m[K [01;35m[Kwarning: [m[K  ‘[01m[Kint32_t rt_net::DockingController::m_BumpCount[m[K’ [[01;35m[K-Wreorder[m[K]
     int32_t [01;35m[Km_BumpCount[m[K;

             [01;35m[K^~~~~~~~~~~[m[K
[01m[K/home/turtlebot2/Desktop/turtlebot2_ros2/kobuki/DockingController.cpp:7:1:[m[K [01;35m[Kwarning: [m[K  when initialized here [[01;35m[K-Wreorder[m[K]
 [01;35m[KDockingController[m[K::DockingController(Kobuki_impl *pKobuki) :

 [01;35m[K^~~~~~~~~~~~~~~~~[m[K
In file included from [01m[K/home/turtlebot2/Desktop/turtlebot2_ros2/include/KobukiBase.h:4:0[m[K,
                 from [01m[K/home/turtlebot2/Desktop/turtlebot2_ros2/kobuki/KobukiBase.cpp:3[m[K:
[01m[K/home/turtlebot2/Desktop/turtlebot2_ros2/include/Thread.h:109:3:[m[K [01;35m[Kwarning: [m[Kextra ‘[01m[K;[m[K’ [[01;35m[K-Wpedantic[m[K]
  }[01;35m[K;[m[K

   [01;35m[K^[m[K
[01m[K/home/turtlebot2/Desktop/turtlebot2_ros2/include/Thread.h:110:2:[m[K [01;35m[Kwarning: [m[Kextra ‘[01m[K;[m[K’ [[01;35m[K-Wpedantic[m[K]
 }[01;35m[K;[m[K

  [01;35m[K^[m[K
In file included from [01m[K/home/turtlebot2/Desktop/turtlebot2_ros2/include/KobukiBase.h:6:0[m[K,
                 from [01m[K/home/turtlebot2/Desktop/turtlebot2_ros2/kobuki/KobukiBase.cpp:3[m[K:
[01m[K/home/turtlebot2/Desktop/turtlebot2_ros2/include/SerialPort.h:165:4:[m[K [01;35m[Kwarning: [m[Kextra ‘[01m[K;[m[K’ [[01;35m[K-Wpedantic[m[K]
   }[01;35m[K;[m[K//namespace ysuga

    [01;35m[K^[m[K
In file included from [01m[K/home/turtlebot2/Desktop/turtlebot2_ros2/kobuki/KobukiBase.cpp:3:0[m[K:
[01m[K/home/turtlebot2/Desktop/turtlebot2_ros2/include/KobukiBase.h:[m[K In member function ‘[01m[Kvoid rt_net::KobukiBase::setLED(uint8_t, uint8_t, bool)[m[K’:
[01m[K/home/turtlebot2/Desktop/turtlebot2_ros2/include/KobukiBase.h:115:15:[m[K [01;35m[Kwarning: [m[Kunused variable ‘[01m[KNNNNXotemp[m[K’ [[01;35m[K-Wunused-variable[m[K]
       uint8_t [01;35m[KNNNNXotemp[m[K = m_LED;

               [01;35m[K^~~~~~~~~~[m[K
In file included from [01m[K/home/turtlebot2/Desktop/turtlebot2_ros2/include/KobukiBase.h:4:0[m[K,
                 from [01m[K/home/turtlebot2/Desktop/turtlebot2_ros2/kobuki/Translator.cpp:2[m[K:
[01m[K/home/turtlebot2/Desktop/turtlebot2_ros2/include/Thread.h:109:3:[m[K [01;35m[Kwarning: [m[Kextra ‘[01m[K;[m[K’ [[01;35m[K-Wpedantic[m[K]
  }[01;35m[K;[m[K

   [01;35m[K^[m[K
[01m[K/home/turtlebot2/Desktop/turtlebot2_ros2/include/Thread.h:110:2:[m[K [01;35m[Kwarning: [m[Kextra ‘[01m[K;[m[K’ [[01;35m[K-Wpedantic[m[K]
 }[01;35m[K;[m[K

  [01;35m[K^[m[K
In file included from [01m[K/home/turtlebot2/Desktop/turtlebot2_ros2/include/KobukiBase.h:6:0[m[K,
                 from [01m[K/home/turtlebot2/Desktop/turtlebot2_ros2/kobuki/Translator.cpp:2[m[K:
[01m[K/home/turtlebot2/Desktop/turtlebot2_ros2/include/SerialPort.h:165:4:[m[K [01;35m[Kwarning: [m[Kextra ‘[01m[K;[m[K’ [[01;35m[K-Wpedantic[m[K]
   }[01;35m[K;[m[K//namespace ysuga

    [01;35m[K^[m[K
In file included from [01m[K/home/turtlebot2/Desktop/turtlebot2_ros2/kobuki/Translator.cpp:2:0[m[K:
[01m[K/home/turtlebot2/Desktop/turtlebot2_ros2/include/KobukiBase.h:[m[K In member function ‘[01m[Kvoid rt_net::KobukiBase::setLED(uint8_t, uint8_t, bool)[m[K’:
[01m[K/home/turtlebot2/Desktop/turtlebot2_ros2/include/KobukiBase.h:115:15:[m[K [01;35m[Kwarning: [m[Kunused variable ‘[01m[KNNNNXotemp[m[K’ [[01;35m[K-Wunused-variable[m[K]
       uint8_t [01;35m[KNNNNXotemp[m[K = m_LED;

               [01;35m[K^~~~~~~~~~[m[K
In file included from [01m[K/home/turtlebot2/Desktop/turtlebot2_ros2/include/KobukiBase.h:4:0[m[K,
                 from [01m[K/home/turtlebot2/Desktop/turtlebot2_ros2/kobuki/Translator.cpp:2[m[K:
[01m[K/home/turtlebot2/Desktop/turtlebot2_ros2/include/Thread.h:109:3:[m[K [01;35m[Kwarning: [m[Kextra ‘[01m[K;[m[K’ [[01;35m[K-Wpedantic[m[K]
  }[01;35m[K;[m[K

   [01;35m[K^[m[K
[01m[K/home/turtlebot2/Desktop/turtlebot2_ros2/include/Thread.h:110:2:[m[K [01;35m[Kwarning: [m[Kextra ‘[01m[K;[m[K’ [[01;35m[K-Wpedantic[m[K]
 }[01;35m[K;[m[K

  [01;35m[K^[m[K
[01m[K/home/turtlebot2/Desktop/turtlebot2_ros2/kobuki/Translator.cpp:[m[K In member function ‘[01m[Kvoid rt_net::Translator::onBasicSensorData(const rt_net::Packet&)[m[K’:
[01m[K/home/turtlebot2/Desktop/turtlebot2_ros2/kobuki/Translator.cpp:74:11:[m[K [01;35m[Kwarning: [m[Kunused variable ‘[01m[Ksize[m[K’ [[01;35m[K-Wunused-variable[m[K]
   uint8_t [01;35m[Ksize[m[K = packet[1];

           [01;35m[K^~~~[m[K
[01m[K/home/turtlebot2/Desktop/turtlebot2_ros2/kobuki/Translator.cpp:75:12:[m[K [01;35m[Kwarning: [m[Kunused variable ‘[01m[Ktimestamp[m[K’ [[01;35m[K-Wunused-variable[m[K]
   uint16_t [01;35m[Ktimestamp[m[K = packet.ushort(2);

            [01;35m[K^~~~~~~~~[m[K
[01m[K/home/turtlebot2/Desktop/turtlebot2_ros2/kobuki/Translator.cpp:[m[K In member function ‘[01m[Kvoid rt_net::Translator::onCliff(const rt_net::Packet&)[m[K’:
[01m[K/home/turtlebot2/Desktop/turtlebot2_ros2/kobuki/Translator.cpp:117:40:[m[K [01;35m[Kwarning: [m[Kunused parameter ‘[01m[Kpacket[m[K’ [[01;35m[K-Wunused-parameter[m[K]
 void Translator::onCliff(const Packet& [01;35m[Kpacket[m[K)

                                        [01;35m[K^~~~~~[m[K
[01m[K/home/turtlebot2/Desktop/turtlebot2_ros2/kobuki/Translator.cpp:[m[K In member function ‘[01m[Kvoid rt_net::Translator::onRawDataOf3AxisGyro(const rt_net::Packet&)[m[K’:
[01m[K/home/turtlebot2/Desktop/turtlebot2_ros2/kobuki/Translator.cpp:127:53:[m[K [01;35m[Kwarning: [m[Kunused parameter ‘[01m[Kpacket[m[K’ [[01;35m[K-Wunused-parameter[m[K]
 void Translator::onRawDataOf3AxisGyro(const Packet& [01;35m[Kpacket[m[K)

                                                     [01;35m[K^~~~~~[m[K
In file included from [01m[K/home/turtlebot2/Desktop/turtlebot2_ros2/include/KobukiBase.h:6:0[m[K,
                 from [01m[K/home/turtlebot2/Desktop/turtlebot2_ros2/kobuki/Translator.cpp:2[m[K:
[01m[K/home/turtlebot2/Desktop/turtlebot2_ros2/include/SerialPort.h:165:4:[m[K [01;35m[Kwarning: [m[Kextra ‘[01m[K;[m[K’ [[01;35m[K-Wpedantic[m[K]
   }[01;35m[K;[m[K//namespace ysuga

    [01;35m[K^[m[K
In file included from [01m[K/home/turtlebot2/Desktop/turtlebot2_ros2/kobuki/Translator.cpp:2:0[m[K:
[01m[K/home/turtlebot2/Desktop/turtlebot2_ros2/include/KobukiBase.h:[m[K In member function ‘[01m[Kvoid rt_net::KobukiBase::setLED(uint8_t, uint8_t, bool)[m[K’:
[01m[K/home/turtlebot2/Desktop/turtlebot2_ros2/include/KobukiBase.h:115:15:[m[K [01;35m[Kwarning: [m[Kunused variable ‘[01m[KNNNNXotemp[m[K’ [[01;35m[K-Wunused-variable[m[K]
       uint8_t [01;35m[KNNNNXotemp[m[K = m_LED;

               [01;35m[K^~~~~~~~~~[m[K
[01m[K/home/turtlebot2/Desktop/turtlebot2_ros2/kobuki/Translator.cpp:[m[K In member function ‘[01m[Kvoid rt_net::Translator::onBasicSensorData(const rt_net::Packet&)[m[K’:
[01m[K/home/turtlebot2/Desktop/turtlebot2_ros2/kobuki/Translator.cpp:74:11:[m[K [01;35m[Kwarning: [m[Kunused variable ‘[01m[Ksize[m[K’ [[01;35m[K-Wunused-variable[m[K]
   uint8_t [01;35m[Ksize[m[K = packet[1];

           [01;35m[K^~~~[m[K
[01m[K/home/turtlebot2/Desktop/turtlebot2_ros2/kobuki/Translator.cpp:75:12:[m[K [01;35m[Kwarning: [m[Kunused variable ‘[01m[Ktimestamp[m[K’ [[01;35m[K-Wunused-variable[m[K]
   uint16_t [01;35m[Ktimestamp[m[K = packet.ushort(2);

            [01;35m[K^~~~~~~~~[m[K
[01m[K/home/turtlebot2/Desktop/turtlebot2_ros2/kobuki/Translator.cpp:[m[K In member function ‘[01m[Kvoid rt_net::Translator::onCliff(const rt_net::Packet&)[m[K’:
[01m[K/home/turtlebot2/Desktop/turtlebot2_ros2/kobuki/Translator.cpp:117:40:[m[K [01;35m[Kwarning: [m[Kunused parameter ‘[01m[Kpacket[m[K’ [[01;35m[K-Wunused-parameter[m[K]
 void Translator::onCliff(const Packet& [01;35m[Kpacket[m[K)

                                        [01;35m[K^~~~~~[m[K
[01m[K/home/turtlebot2/Desktop/turtlebot2_ros2/kobuki/Translator.cpp:[m[K In member function ‘[01m[Kvoid rt_net::Translator::onRawDataOf3AxisGyro(const rt_net::Packet&)[m[K’:
[01m[K/home/turtlebot2/Desktop/turtlebot2_ros2/kobuki/Translator.cpp:127:53:[m[K [01;35m[Kwarning: [m[Kunused parameter ‘[01m[Kpacket[m[K’ [[01;35m[K-Wunused-parameter[m[K]
 void Translator::onRawDataOf3AxisGyro(const Packet& [01;35m[Kpacket[m[K)

                                                     [01;35m[K^~~~~~[m[K
In file included from [01m[K/home/turtlebot2/Desktop/turtlebot2_ros2/include/KobukiBase.h:4:0[m[K,
                 from [01m[K/home/turtlebot2/Desktop/turtlebot2_ros2/include/Kobuki_impl.h:5[m[K,
                 from [01m[K/home/turtlebot2/Desktop/turtlebot2_ros2/include/DockingController.h:4[m[K,
                 from [01m[K/home/turtlebot2/Desktop/turtlebot2_ros2/kobuki/DockingController.cpp:1[m[K:
[01m[K/home/turtlebot2/Desktop/turtlebot2_ros2/include/Thread.h:109:3:[m[K [01;35m[Kwarning: [m[Kextra ‘[01m[K;[m[K’ [[01;35m[K-Wpedantic[m[K]
  }[01;35m[K;[m[K

   [01;35m[K^[m[K
[01m[K/home/turtlebot2/Desktop/turtlebot2_ros2/include/Thread.h:110:2:[m[K [01;35m[Kwarning: [m[Kextra ‘[01m[K;[m[K’ [[01;35m[K-Wpedantic[m[K]
 }[01;35m[K;[m[K

  [01;35m[K^[m[K
In file included from [01m[K/home/turtlebot2/Desktop/turtlebot2_ros2/kobuki/SerialPort.cpp:31:0[m[K:
[01m[K/home/turtlebot2/Desktop/turtlebot2_ros2/include/SerialPort.h:165:4:[m[K [01;35m[Kwarning: [m[Kextra ‘[01m[K;[m[K’ [[01;35m[K-Wpedantic[m[K]
   }[01;35m[K;[m[K//namespace ysuga

    [01;35m[K^[m[K
In file included from [01m[K/home/turtlebot2/Desktop/turtlebot2_ros2/include/KobukiBase.h:6:0[m[K,
                 from [01m[K/home/turtlebot2/Desktop/turtlebot2_ros2/include/Kobuki_impl.h:5[m[K,
                 from [01m[K/home/turtlebot2/Desktop/turtlebot2_ros2/include/DockingController.h:4[m[K,
                 from [01m[K/home/turtlebot2/Desktop/turtlebot2_ros2/kobuki/DockingController.cpp:1[m[K:
[01m[K/home/turtlebot2/Desktop/turtlebot2_ros2/include/SerialPort.h:165:4:[m[K [01;35m[Kwarning: [m[Kextra ‘[01m[K;[m[K’ [[01;35m[K-Wpedantic[m[K]
   }[01;35m[K;[m[K//namespace ysuga

    [01;35m[K^[m[K
In file included from [01m[K/home/turtlebot2/Desktop/turtlebot2_ros2/include/Kobuki_impl.h:5:0[m[K,
                 from [01m[K/home/turtlebot2/Desktop/turtlebot2_ros2/include/DockingController.h:4[m[K,
                 from [01m[K/home/turtlebot2/Desktop/turtlebot2_ros2/kobuki/DockingController.cpp:1[m[K:
[01m[K/home/turtlebot2/Desktop/turtlebot2_ros2/include/KobukiBase.h:[m[K In member function ‘[01m[Kvoid rt_net::KobukiBase::setLED(uint8_t, uint8_t, bool)[m[K’:
[01m[K/home/turtlebot2/Desktop/turtlebot2_ros2/include/KobukiBase.h:115:15:[m[K [01;35m[Kwarning: [m[Kunused variable ‘[01m[KNNNNXotemp[m[K’ [[01;35m[K-Wunused-variable[m[K]
       uint8_t [01;35m[KNNNNXotemp[m[K = m_LED;

               [01;35m[K^~~~~~~~~~[m[K
In file included from [01m[K/home/turtlebot2/Desktop/turtlebot2_ros2/kobuki/DockingController.cpp:1:0[m[K:
[01m[K/home/turtlebot2/Desktop/turtlebot2_ros2/include/DockingController.h:[m[K In constructor ‘[01m[Krt_net::DockingController::DockingController(rt_net::Kobuki_impl*)[m[K’:
[01m[K/home/turtlebot2/Desktop/turtlebot2_ros2/include/DockingController.h:33:18:[m[K [01;35m[Kwarning: [m[K‘[01m[Krt_net::DockingController::m_pKobuki[m[K’ will be initialized after [[01;35m[K-Wreorder[m[K]
     Kobuki_impl *[01;35m[Km_pKobuki[m[K;

                  [01;35m[K^~~~~~~~~[m[K
[01m[K/home/turtlebot2/Desktop/turtlebot2_ros2/include/DockingController.h:29:10:[m[K [01;35m[Kwarning: [m[K  ‘[01m[Krt_net::DockingController::MODE rt_net::DockingController::m_Mode[m[K’ [[01;35m[K-Wreorder[m[K]
     MODE [01;35m[Km_Mode[m[K;

          [01;35m[K^~~~~~[m[K
[01m[K/home/turtlebot2/Desktop/turtlebot2_ros2/kobuki/DockingController.cpp:7:1:[m[K [01;35m[Kwarning: [m[K  when initialized here [[01;35m[K-Wreorder[m[K]
 [01;35m[KDockingController[m[K::DockingController(Kobuki_impl *pKobuki) :

 [01;35m[K^~~~~~~~~~~~~~~~~[m[K
In file included from [01m[K/home/turtlebot2/Desktop/turtlebot2_ros2/kobuki/DockingController.cpp:1:0[m[K:
[01m[K/home/turtlebot2/Desktop/turtlebot2_ros2/include/DockingController.h:31:13:[m[K [01;35m[Kwarning: [m[K‘[01m[Krt_net::DockingController::m_ApproachSide[m[K’ will be initialized after [[01;35m[K-Wreorder[m[K]
     int32_t [01;35m[Km_ApproachSide[m[K;

             [01;35m[K^~~~~~~~~~~~~~[m[K
[01m[K/home/turtlebot2/Desktop/turtlebot2_ros2/include/DockingController.h:27:13:[m[K [01;35m[Kwarning: [m[K  ‘[01m[Kint32_t rt_net::DockingController::m_BumpCount[m[K’ [[01;35m[K-Wreorder[m[K]
     int32_t [01;35m[Km_BumpCount[m[K;

             [01;35m[K^~~~~~~~~~~[m[K
[01m[K/home/turtlebot2/Desktop/turtlebot2_ros2/kobuki/DockingController.cpp:7:1:[m[K [01;35m[Kwarning: [m[K  when initialized here [[01;35m[K-Wreorder[m[K]
 [01;35m[KDockingController[m[K::DockingController(Kobuki_impl *pKobuki) :

 [01;35m[K^~~~~~~~~~~~~~~~~[m[K
In file included from [01m[K/home/turtlebot2/Desktop/turtlebot2_ros2/include/Transport.h:3:0[m[K,
                 from [01m[K/home/turtlebot2/Desktop/turtlebot2_ros2/kobuki/Transport.cpp:2[m[K:
[01m[K/home/turtlebot2/Desktop/turtlebot2_ros2/include/SerialPort.h:165:4:[m[K [01;35m[Kwarning: [m[Kextra ‘[01m[K;[m[K’ [[01;35m[K-Wpedantic[m[K]
   }[01;35m[K;[m[K//namespace ysuga

    [01;35m[K^[m[K
In file included from [01m[K/home/turtlebot2/Desktop/turtlebot2_ros2/include/KobukiBase.h:4:0[m[K,
                 from [01m[K/home/turtlebot2/Desktop/turtlebot2_ros2/kobuki/Translator.cpp:2[m[K:
[01m[K/home/turtlebot2/Desktop/turtlebot2_ros2/include/Thread.h:109:3:[m[K [01;35m[Kwarning: [m[Kextra ‘[01m[K;[m[K’ [[01;35m[K-Wpedantic[m[K]
  }[01;35m[K;[m[K

   [01;35m[K^[m[K
[01m[K/home/turtlebot2/Desktop/turtlebot2_ros2/include/Thread.h:110:2:[m[K [01;35m[Kwarning: [m[Kextra ‘[01m[K;[m[K’ [[01;35m[K-Wpedantic[m[K]
 }[01;35m[K;[m[K

  [01;35m[K^[m[K
In file included from [01m[K/home/turtlebot2/Desktop/turtlebot2_ros2/include/KobukiBase.h:6:0[m[K,
                 from [01m[K/home/turtlebot2/Desktop/turtlebot2_ros2/kobuki/Translator.cpp:2[m[K:
[01m[K/home/turtlebot2/Desktop/turtlebot2_ros2/include/SerialPort.h:165:4:[m[K [01;35m[Kwarning: [m[Kextra ‘[01m[K;[m[K’ [[01;35m[K-Wpedantic[m[K]
   }[01;35m[K;[m[K//namespace ysuga

    [01;35m[K^[m[K
In file included from [01m[K/home/turtlebot2/Desktop/turtlebot2_ros2/kobuki/Translator.cpp:2:0[m[K:
[01m[K/home/turtlebot2/Desktop/turtlebot2_ros2/include/KobukiBase.h:[m[K In member function ‘[01m[Kvoid rt_net::KobukiBase::setLED(uint8_t, uint8_t, bool)[m[K’:
[01m[K/home/turtlebot2/Desktop/turtlebot2_ros2/include/KobukiBase.h:115:15:[m[K [01;35m[Kwarning: [m[Kunused variable ‘[01m[KNNNNXotemp[m[K’ [[01;35m[K-Wunused-variable[m[K]
       uint8_t [01;35m[KNNNNXotemp[m[K = m_LED;

               [01;35m[K^~~~~~~~~~[m[K
[01m[K/home/turtlebot2/Desktop/turtlebot2_ros2/kobuki/kobukicwrapper.cpp:[m[K In function ‘[01m[KRETVAL Kobuki_getDockState(H_KOBUKI, bool, int32_t*)[m[K’:
[01m[K/home/turtlebot2/Desktop/turtlebot2_ros2/kobuki/kobukicwrapper.cpp:674:69:[m[K [01;35m[Kwarning: [m[Kunused parameter ‘[01m[Kblock[m[K’ [[01;35m[K-Wunused-parameter[m[K]
 LIBKOBUKI_API RETVAL Kobuki_getDockState(H_KOBUKI kobuki,const bool [01;35m[Kblock[m[K, int32_t *retval){

                                                                     [01;35m[K^~~~~[m[K
[01m[K/home/turtlebot2/Desktop/turtlebot2_ros2/kobuki/Translator.cpp:[m[K In member function ‘[01m[Kvoid rt_net::Translator::onBasicSensorData(const rt_net::Packet&)[m[K’:
[01m[K/home/turtlebot2/Desktop/turtlebot2_ros2/kobuki/Translator.cpp:74:11:[m[K [01;35m[Kwarning: [m[Kunused variable ‘[01m[Ksize[m[K’ [[01;35m[K-Wunused-variable[m[K]
   uint8_t [01;35m[Ksize[m[K = packet[1];

           [01;35m[K^~~~[m[K
[01m[K/home/turtlebot2/Desktop/turtlebot2_ros2/kobuki/Translator.cpp:75:12:[m[K [01;35m[Kwarning: [m[Kunused variable ‘[01m[Ktimestamp[m[K’ [[01;35m[K-Wunused-variable[m[K]
   uint16_t [01;35m[Ktimestamp[m[K = packet.ushort(2);

            [01;35m[K^~~~~~~~~[m[K
[01m[K/home/turtlebot2/Desktop/turtlebot2_ros2/kobuki/Translator.cpp:[m[K In member function ‘[01m[Kvoid rt_net::Translator::onCliff(const rt_net::Packet&)[m[K’:
[01m[K/home/turtlebot2/Desktop/turtlebot2_ros2/kobuki/Translator.cpp:117:40:[m[K [01;35m[Kwarning: [m[Kunused parameter ‘[01m[Kpacket[m[K’ [[01;35m[K-Wunused-parameter[m[K]
 void Translator::onCliff(const Packet& [01;35m[Kpacket[m[K)

                                        [01;35m[K^~~~~~[m[K
[01m[K/home/turtlebot2/Desktop/turtlebot2_ros2/kobuki/Translator.cpp:[m[K In member function ‘[01m[Kvoid rt_net::Translator::onRawDataOf3AxisGyro(const rt_net::Packet&)[m[K’:
[01m[K/home/turtlebot2/Desktop/turtlebot2_ros2/kobuki/Translator.cpp:127:53:[m[K [01;35m[Kwarning: [m[Kunused parameter ‘[01m[Kpacket[m[K’ [[01;35m[K-Wunused-parameter[m[K]
 void Translator::onRawDataOf3AxisGyro(const Packet& [01;35m[Kpacket[m[K)

                                                     [01;35m[K^~~~~~[m[K
In file included from [01m[K/home/turtlebot2/Desktop/turtlebot2_ros2/include/KobukiBase.h:4:0[m[K,
                 from [01m[K/home/turtlebot2/Desktop/turtlebot2_ros2/include/Kobuki_impl.h:5[m[K,
                 from [01m[K/home/turtlebot2/Desktop/turtlebot2_ros2/kobuki/Kobuki_impl.cpp:6[m[K:
[01m[K/home/turtlebot2/Desktop/turtlebot2_ros2/include/Thread.h:109:3:[m[K [01;35m[Kwarning: [m[Kextra ‘[01m[K;[m[K’ [[01;35m[K-Wpedantic[m[K]
  }[01;35m[K;[m[K

   [01;35m[K^[m[K
[01m[K/home/turtlebot2/Desktop/turtlebot2_ros2/include/Thread.h:110:2:[m[K [01;35m[Kwarning: [m[Kextra ‘[01m[K;[m[K’ [[01;35m[K-Wpedantic[m[K]
 }[01;35m[K;[m[K

  [01;35m[K^[m[K
In file included from [01m[K/home/turtlebot2/Desktop/turtlebot2_ros2/include/KobukiBase.h:6:0[m[K,
                 from [01m[K/home/turtlebot2/Desktop/turtlebot2_ros2/include/Kobuki_impl.h:5[m[K,
                 from [01m[K/home/turtlebot2/Desktop/turtlebot2_ros2/kobuki/Kobuki_impl.cpp:6[m[K:
[01m[K/home/turtlebot2/Desktop/turtlebot2_ros2/include/SerialPort.h:165:4:[m[K [01;35m[Kwarning: [m[Kextra ‘[01m[K;[m[K’ [[01;35m[K-Wpedantic[m[K]
   }[01;35m[K;[m[K//namespace ysuga

    [01;35m[K^[m[K
In file included from [01m[K/home/turtlebot2/Desktop/turtlebot2_ros2/include/Kobuki_impl.h:5:0[m[K,
                 from [01m[K/home/turtlebot2/Desktop/turtlebot2_ros2/kobuki/Kobuki_impl.cpp:6[m[K:
[01m[K/home/turtlebot2/Desktop/turtlebot2_ros2/include/KobukiBase.h:[m[K In member function ‘[01m[Kvoid rt_net::KobukiBase::setLED(uint8_t, uint8_t, bool)[m[K’:
[01m[K/home/turtlebot2/Desktop/turtlebot2_ros2/include/KobukiBase.h:115:15:[m[K [01;35m[Kwarning: [m[Kunused variable ‘[01m[KNNNNXotemp[m[K’ [[01;35m[K-Wunused-variable[m[K]
       uint8_t [01;35m[KNNNNXotemp[m[K = m_LED;

               [01;35m[K^~~~~~~~~~[m[K
In file included from [01m[K/home/turtlebot2/Desktop/turtlebot2_ros2/kobuki/Thread.cpp:2:0[m[K:
[01m[K/home/turtlebot2/Desktop/turtlebot2_ros2/include/Thread.h:109:3:[m[K [01;35m[Kwarning: [m[Kextra ‘[01m[K;[m[K’ [[01;35m[K-Wpedantic[m[K]
  }[01;35m[K;[m[K

   [01;35m[K^[m[K
[01m[K/home/turtlebot2/Desktop/turtlebot2_ros2/include/Thread.h:110:2:[m[K [01;35m[Kwarning: [m[Kextra ‘[01m[K;[m[K’ [[01;35m[K-Wpedantic[m[K]
 }[01;35m[K;[m[K

  [01;35m[K^[m[K
[01m[K/home/turtlebot2/Desktop/turtlebot2_ros2/kobuki/Thread.cpp:[m[K In member function ‘[01m[Kvoid net::ysuga::Thread::Exit(long unsigned int)[m[K’:
[01m[K/home/turtlebot2/Desktop/turtlebot2_ros2/kobuki/Thread.cpp:72:33:[m[K [01;35m[Kwarning: [m[Kunused parameter ‘[01m[KexitCode[m[K’ [[01;35m[K-Wunused-parameter[m[K]
 void Thread::Exit(unsigned long [01;35m[KexitCode[m[K) {

                                 [01;35m[K^~~~~~~~[m[K
In file included from [01m[K/home/turtlebot2/Desktop/turtlebot2_ros2/include/Transport.h:3:0[m[K,
                 from [01m[K/home/turtlebot2/Desktop/turtlebot2_ros2/kobuki/Transport.cpp:2[m[K:
[01m[K/home/turtlebot2/Desktop/turtlebot2_ros2/include/SerialPort.h:165:4:[m[K [01;35m[Kwarning: [m[Kextra ‘[01m[K;[m[K’ [[01;35m[K-Wpedantic[m[K]
   }[01;35m[K;[m[K//namespace ysuga

    [01;35m[K^[m[K
In file included from [01m[K/home/turtlebot2/Desktop/turtlebot2_ros2/include/KobukiBase.h:4:0[m[K,
                 from [01m[K/home/turtlebot2/Desktop/turtlebot2_ros2/include/Kobuki_impl.h:5[m[K,
                 from [01m[K/home/turtlebot2/Desktop/turtlebot2_ros2/kobuki/libkobuki.cpp:2[m[K:
[01m[K/home/turtlebot2/Desktop/turtlebot2_ros2/include/Thread.h:109:3:[m[K [01;35m[Kwarning: [m[Kextra ‘[01m[K;[m[K’ [[01;35m[K-Wpedantic[m[K]
  }[01;35m[K;[m[K

   [01;35m[K^[m[K
[01m[K/home/turtlebot2/Desktop/turtlebot2_ros2/include/Thread.h:110:2:[m[K [01;35m[Kwarning: [m[Kextra ‘[01m[K;[m[K’ [[01;35m[K-Wpedantic[m[K]
 }[01;35m[K;[m[K

  [01;35m[K^[m[K
In file included from [01m[K/home/turtlebot2/Desktop/turtlebot2_ros2/include/KobukiBase.h:6:0[m[K,
                 from [01m[K/home/turtlebot2/Desktop/turtlebot2_ros2/include/Kobuki_impl.h:5[m[K,
                 from [01m[K/home/turtlebot2/Desktop/turtlebot2_ros2/kobuki/libkobuki.cpp:2[m[K:
[01m[K/home/turtlebot2/Desktop/turtlebot2_ros2/include/SerialPort.h:165:4:[m[K [01;35m[Kwarning: [m[Kextra ‘[01m[K;[m[K’ [[01;35m[K-Wpedantic[m[K]
   }[01;35m[K;[m[K//namespace ysuga

    [01;35m[K^[m[K
In file included from [01m[K/home/turtlebot2/Desktop/turtlebot2_ros2/include/Kobuki_impl.h:5:0[m[K,
                 from [01m[K/home/turtlebot2/Desktop/turtlebot2_ros2/kobuki/libkobuki.cpp:2[m[K:
[01m[K/home/turtlebot2/Desktop/turtlebot2_ros2/include/KobukiBase.h:[m[K In member function ‘[01m[Kvoid rt_net::KobukiBase::setLED(uint8_t, uint8_t, bool)[m[K’:
[01m[K/home/turtlebot2/Desktop/turtlebot2_ros2/include/KobukiBase.h:115:15:[m[K [01;35m[Kwarning: [m[Kunused variable ‘[01m[KNNNNXotemp[m[K’ [[01;35m[K-Wunused-variable[m[K]
       uint8_t [01;35m[KNNNNXotemp[m[K = m_LED;

               [01;35m[K^~~~~~~~~~[m[K
In file included from [01m[K/home/turtlebot2/Desktop/turtlebot2_ros2/include/KobukiBase.h:4:0[m[K,
                 from [01m[K/home/turtlebot2/Desktop/turtlebot2_ros2/include/Kobuki_impl.h:5[m[K,
                 from [01m[K/home/turtlebot2/Desktop/turtlebot2_ros2/include/DockingController.h:4[m[K,
                 from [01m[K/home/turtlebot2/Desktop/turtlebot2_ros2/kobuki/DockingController.cpp:1[m[K:
[01m[K/home/turtlebot2/Desktop/turtlebot2_ros2/include/Thread.h:109:3:[m[K [01;35m[Kwarning: [m[Kextra ‘[01m[K;[m[K’ [[01;35m[K-Wpedantic[m[K]
  }[01;35m[K;[m[K

   [01;35m[K^[m[K
[01m[K/home/turtlebot2/Desktop/turtlebot2_ros2/include/Thread.h:110:2:[m[K [01;35m[Kwarning: [m[Kextra ‘[01m[K;[m[K’ [[01;35m[K-Wpedantic[m[K]
 }[01;35m[K;[m[K

  [01;35m[K^[m[K
In file included from [01m[K/home/turtlebot2/Desktop/turtlebot2_ros2/include/KobukiBase.h:6:0[m[K,
                 from [01m[K/home/turtlebot2/Desktop/turtlebot2_ros2/include/Kobuki_impl.h:5[m[K,
                 from [01m[K/home/turtlebot2/Desktop/turtlebot2_ros2/include/DockingController.h:4[m[K,
                 from [01m[K/home/turtlebot2/Desktop/turtlebot2_ros2/kobuki/DockingController.cpp:1[m[K:
[01m[K/home/turtlebot2/Desktop/turtlebot2_ros2/include/SerialPort.h:165:4:[m[K [01;35m[Kwarning: [m[Kextra ‘[01m[K;[m[K’ [[01;35m[K-Wpedantic[m[K]
   }[01;35m[K;[m[K//namespace ysuga

    [01;35m[K^[m[K
In file included from [01m[K/home/turtlebot2/Desktop/turtlebot2_ros2/include/Kobuki_impl.h:5:0[m[K,
                 from [01m[K/home/turtlebot2/Desktop/turtlebot2_ros2/include/DockingController.h:4[m[K,
                 from [01m[K/home/turtlebot2/Desktop/turtlebot2_ros2/kobuki/DockingController.cpp:1[m[K:
[01m[K/home/turtlebot2/Desktop/turtlebot2_ros2/include/KobukiBase.h:[m[K In member function ‘[01m[Kvoid rt_net::KobukiBase::setLED(uint8_t, uint8_t, bool)[m[K’:
[01m[K/home/turtlebot2/Desktop/turtlebot2_ros2/include/KobukiBase.h:115:15:[m[K [01;35m[Kwarning: [m[Kunused variable ‘[01m[KNNNNXotemp[m[K’ [[01;35m[K-Wunused-variable[m[K]
       uint8_t [01;35m[KNNNNXotemp[m[K = m_LED;

               [01;35m[K^~~~~~~~~~[m[K
In file included from [01m[K/home/turtlebot2/Desktop/turtlebot2_ros2/kobuki/DockingController.cpp:1:0[m[K:
[01m[K/home/turtlebot2/Desktop/turtlebot2_ros2/include/DockingController.h:[m[K In constructor ‘[01m[Krt_net::DockingController::DockingController(rt_net::Kobuki_impl*)[m[K’:
[01m[K/home/turtlebot2/Desktop/turtlebot2_ros2/include/DockingController.h:33:18:[m[K [01;35m[Kwarning: [m[K‘[01m[Krt_net::DockingController::m_pKobuki[m[K’ will be initialized after [[01;35m[K-Wreorder[m[K]
     Kobuki_impl *[01;35m[Km_pKobuki[m[K;

                  [01;35m[K^~~~~~~~~[m[K
[01m[K/home/turtlebot2/Desktop/turtlebot2_ros2/include/DockingController.h:29:10:[m[K [01;35m[Kwarning: [m[K  ‘[01m[Krt_net::DockingController::MODE rt_net::DockingController::m_Mode[m[K’ [[01;35m[K-Wreorder[m[K]
     MODE [01;35m[Km_Mode[m[K;

          [01;35m[K^~~~~~[m[K
[01m[K/home/turtlebot2/Desktop/turtlebot2_ros2/kobuki/DockingController.cpp:7:1:[m[K [01;35m[Kwarning: [m[K  when initialized here [[01;35m[K-Wreorder[m[K]
 [01;35m[KDockingController[m[K::DockingController(Kobuki_impl *pKobuki) :

 [01;35m[K^~~~~~~~~~~~~~~~~[m[K
In file included from [01m[K/home/turtlebot2/Desktop/turtlebot2_ros2/kobuki/DockingController.cpp:1:0[m[K:
[01m[K/home/turtlebot2/Desktop/turtlebot2_ros2/include/DockingController.h:31:13:[m[K [01;35m[Kwarning: [m[K‘[01m[Krt_net::DockingController::m_ApproachSide[m[K’ will be initialized after [[01;35m[K-Wreorder[m[K]
     int32_t [01;35m[Km_ApproachSide[m[K;

             [01;35m[K^~~~~~~~~~~~~~[m[K
[01m[K/home/turtlebot2/Desktop/turtlebot2_ros2/include/DockingController.h:27:13:[m[K [01;35m[Kwarning: [m[K  ‘[01m[Kint32_t rt_net::DockingController::m_BumpCount[m[K’ [[01;35m[K-Wreorder[m[K]
     int32_t [01;35m[Km_BumpCount[m[K;

             [01;35m[K^~~~~~~~~~~[m[K
[01m[K/home/turtlebot2/Desktop/turtlebot2_ros2/kobuki/DockingController.cpp:7:1:[m[K [01;35m[Kwarning: [m[K  when initialized here [[01;35m[K-Wreorder[m[K]
 [01;35m[KDockingController[m[K::DockingController(Kobuki_impl *pKobuki) :

 [01;35m[K^~~~~~~~~~~~~~~~~[m[K
In file included from [01m[K/home/turtlebot2/Desktop/turtlebot2_ros2/include/KobukiBase.h:4:0[m[K,
                 from [01m[K/home/turtlebot2/Desktop/turtlebot2_ros2/kobuki/KobukiBase.cpp:3[m[K:
[01m[K/home/turtlebot2/Desktop/turtlebot2_ros2/include/Thread.h:109:3:[m[K [01;35m[Kwarning: [m[Kextra ‘[01m[K;[m[K’ [[01;35m[K-Wpedantic[m[K]
  }[01;35m[K;[m[K

   [01;35m[K^[m[K
[01m[K/home/turtlebot2/Desktop/turtlebot2_ros2/include/Thread.h:110:2:[m[K [01;35m[Kwarning: [m[Kextra ‘[01m[K;[m[K’ [[01;35m[K-Wpedantic[m[K]
 }[01;35m[K;[m[K

  [01;35m[K^[m[K
In file included from [01m[K/home/turtlebot2/Desktop/turtlebot2_ros2/include/KobukiBase.h:6:0[m[K,
                 from [01m[K/home/turtlebot2/Desktop/turtlebot2_ros2/kobuki/KobukiBase.cpp:3[m[K:
[01m[K/home/turtlebot2/Desktop/turtlebot2_ros2/include/SerialPort.h:165:4:[m[K [01;35m[Kwarning: [m[Kextra ‘[01m[K;[m[K’ [[01;35m[K-Wpedantic[m[K]
   }[01;35m[K;[m[K//namespace ysuga

    [01;35m[K^[m[K
In file included from [01m[K/home/turtlebot2/Desktop/turtlebot2_ros2/kobuki/KobukiBase.cpp:3:0[m[K:
[01m[K/home/turtlebot2/Desktop/turtlebot2_ros2/include/KobukiBase.h:[m[K In member function ‘[01m[Kvoid rt_net::KobukiBase::setLED(uint8_t, uint8_t, bool)[m[K’:
[01m[K/home/turtlebot2/Desktop/turtlebot2_ros2/include/KobukiBase.h:115:15:[m[K [01;35m[Kwarning: [m[Kunused variable ‘[01m[KNNNNXotemp[m[K’ [[01;35m[K-Wunused-variable[m[K]
       uint8_t [01;35m[KNNNNXotemp[m[K = m_LED;

               [01;35m[K^~~~~~~~~~[m[K
In file included from [01m[K/home/turtlebot2/Desktop/turtlebot2_ros2/kobuki/SerialPort.cpp:31:0[m[K:
[01m[K/home/turtlebot2/Desktop/turtlebot2_ros2/include/SerialPort.h:165:4:[m[K [01;35m[Kwarning: [m[Kextra ‘[01m[K;[m[K’ [[01;35m[K-Wpedantic[m[K]
   }[01;35m[K;[m[K//namespace ysuga

    [01;35m[K^[m[K
In file included from [01m[K/home/turtlebot2/Desktop/turtlebot2_ros2/include/Transport.h:3:0[m[K,
                 from [01m[K/home/turtlebot2/Desktop/turtlebot2_ros2/kobuki/Transport.cpp:2[m[K:
[01m[K/home/turtlebot2/Desktop/turtlebot2_ros2/include/SerialPort.h:165:4:[m[K [01;35m[Kwarning: [m[Kextra ‘[01m[K;[m[K’ [[01;35m[K-Wpedantic[m[K]
   }[01;35m[K;[m[K//namespace ysuga

    [01;35m[K^[m[K
In file included from [01m[K/home/turtlebot2/Desktop/turtlebot2_ros2/include/KobukiBase.h:4:0[m[K,
                 from [01m[K/home/turtlebot2/Desktop/turtlebot2_ros2/kobuki/Translator.cpp:2[m[K:
[01m[K/home/turtlebot2/Desktop/turtlebot2_ros2/include/Thread.h:109:3:[m[K [01;35m[Kwarning: [m[Kextra ‘[01m[K;[m[K’ [[01;35m[K-Wpedantic[m[K]
  }[01;35m[K;[m[K

   [01;35m[K^[m[K
[01m[K/home/turtlebot2/Desktop/turtlebot2_ros2/include/Thread.h:110:2:[m[K [01;35m[Kwarning: [m[Kextra ‘[01m[K;[m[K’ [[01;35m[K-Wpedantic[m[K]
 }[01;35m[K;[m[K

  [01;35m[K^[m[K
In file included from [01m[K/home/turtlebot2/Desktop/turtlebot2_ros2/include/KobukiBase.h:6:0[m[K,
                 from [01m[K/home/turtlebot2/Desktop/turtlebot2_ros2/kobuki/Translator.cpp:2[m[K:
[01m[K/home/turtlebot2/Desktop/turtlebot2_ros2/include/SerialPort.h:165:4:[m[K [01;35m[Kwarning: [m[Kextra ‘[01m[K;[m[K’ [[01;35m[K-Wpedantic[m[K]
   }[01;35m[K;[m[K//namespace ysuga

    [01;35m[K^[m[K
In file included from [01m[K/home/turtlebot2/Desktop/turtlebot2_ros2/kobuki/Translator.cpp:2:0[m[K:
[01m[K/home/turtlebot2/Desktop/turtlebot2_ros2/include/KobukiBase.h:[m[K In member function ‘[01m[Kvoid rt_net::KobukiBase::setLED(uint8_t, uint8_t, bool)[m[K’:
[01m[K/home/turtlebot2/Desktop/turtlebot2_ros2/include/KobukiBase.h:115:15:[m[K [01;35m[Kwarning: [m[Kunused variable ‘[01m[KNNNNXotemp[m[K’ [[01;35m[K-Wunused-variable[m[K]
       uint8_t [01;35m[KNNNNXotemp[m[K = m_LED;

               [01;35m[K^~~~~~~~~~[m[K
[01m[K/home/turtlebot2/Desktop/turtlebot2_ros2/kobuki/Translator.cpp:[m[K In member function ‘[01m[Kvoid rt_net::Translator::onBasicSensorData(const rt_net::Packet&)[m[K’:
[01m[K/home/turtlebot2/Desktop/turtlebot2_ros2/kobuki/Translator.cpp:74:11:[m[K [01;35m[Kwarning: [m[Kunused variable ‘[01m[Ksize[m[K’ [[01;35m[K-Wunused-variable[m[K]
   uint8_t [01;35m[Ksize[m[K = packet[1];

           [01;35m[K^~~~[m[K
[01m[K/home/turtlebot2/Desktop/turtlebot2_ros2/kobuki/Translator.cpp:75:12:[m[K [01;35m[Kwarning: [m[Kunused variable ‘[01m[Ktimestamp[m[K’ [[01;35m[K-Wunused-variable[m[K]
   uint16_t [01;35m[Ktimestamp[m[K = packet.ushort(2);

            [01;35m[K^~~~~~~~~[m[K
[01m[K/home/turtlebot2/Desktop/turtlebot2_ros2/kobuki/Translator.cpp:[m[K In member function ‘[01m[Kvoid rt_net::Translator::onCliff(const rt_net::Packet&)[m[K’:
[01m[K/home/turtlebot2/Desktop/turtlebot2_ros2/kobuki/Translator.cpp:117:40:[m[K [01;35m[Kwarning: [m[Kunused parameter ‘[01m[Kpacket[m[K’ [[01;35m[K-Wunused-parameter[m[K]
 void Translator::onCliff(const Packet& [01;35m[Kpacket[m[K)

                                        [01;35m[K^~~~~~[m[K
[01m[K/home/turtlebot2/Desktop/turtlebot2_ros2/kobuki/Translator.cpp:[m[K In member function ‘[01m[Kvoid rt_net::Translator::onRawDataOf3AxisGyro(const rt_net::Packet&)[m[K’:
[01m[K/home/turtlebot2/Desktop/turtlebot2_ros2/kobuki/Translator.cpp:127:53:[m[K [01;35m[Kwarning: [m[Kunused parameter ‘[01m[Kpacket[m[K’ [[01;35m[K-Wunused-parameter[m[K]
 void Translator::onRawDataOf3AxisGyro(const Packet& [01;35m[Kpacket[m[K)

                                                     [01;35m[K^~~~~~[m[K
In file included from [01m[K/home/turtlebot2/Desktop/turtlebot2_ros2/src/Turtlebot.cpp:3:0[m[K:
[01m[K/home/turtlebot2/Desktop/turtlebot2_ros2/src/Turtlebot.hpp:[m[K In constructor ‘[01m[KTurtlebot::Turtlebot()[m[K’:
[01m[K/home/turtlebot2/Desktop/turtlebot2_ros2/src/Turtlebot.hpp:96:5:[m[K [01;35m[Kwarning: [m[K‘[01m[Kstd::shared_ptr<SubscriptionT> rclcpp::Node::create_subscription(const string&, CallbackT&&, const rmw_qos_profile_t&, rclcpp::callback_group::CallbackGroup::SharedPtr, bool, typename rclcpp::message_memory_strategy::MessageMemoryStrategy<typename rclcpp::subscription_traits::has_message_type<CallbackT>::type, AllocatorT>::SharedPtr, std::shared_ptr<PublisherT>) [with MessageT = geometry_msgs::msg::Twist_<std::allocator<void> >; CallbackT = Turtlebot::Turtlebot()::<lambda(geometry_msgs::msg::Twist_<std::allocator<void> >::SharedPtr)>; Alloc = std::allocator<void>; SubscriptionT = rclcpp::Subscription<geometry_msgs::msg::Twist_<std::allocator<void> > >; std::__cxx11::string = std::__cxx11::basic_string<char>; rmw_qos_profile_t = rmw_qos_profile_t; rclcpp::callback_group::CallbackGroup::SharedPtr = std::shared_ptr<rclcpp::callback_group::CallbackGroup>; typename rclcpp::message_memory_strategy::MessageMemoryStrategy<typename rclcpp::subscription_traits::has_message_type<CallbackT>::type, AllocatorT>::SharedPtr = std::shared_ptr<rclcpp::message_memory_strategy::MessageMemoryStrategy<geometry_msgs::msg::Twist_<std::allocator<void> >, std::allocator<void> > >][m[K’ is deprecated: use create_subscription(const std::string &, const rclcpp::QoS &, CallbackT, ...) instead [[01;35m[K-Wdeprecated-declarations[m[K]
     [01;35m[K)[m[K;
     [01;35m[K^[m[K
In file included from [01m[K/home/turtlebot2/ros2_ws/install/rclcpp/include/rclcpp/node.hpp:1206:0[m[K,
                 from [01m[K/home/turtlebot2/ros2_ws/install/rclcpp/include/rclcpp/executors/single_threaded_executor.hpp:28[m[K,
                 from [01m[K/home/turtlebot2/ros2_ws/install/rclcpp/include/rclcpp/executors.hpp:22[m[K,
                 from [01m[K/home/turtlebot2/ros2_ws/install/rclcpp/include/rclcpp/rclcpp.hpp:144[m[K,
                 from [01m[K/home/turtlebot2/Desktop/turtlebot2_ros2/src/Turtlebot.hpp:2[m[K,
                 from [01m[K/home/turtlebot2/Desktop/turtlebot2_ros2/src/Turtlebot.cpp:3[m[K:
[01m[K/home/turtlebot2/ros2_ws/install/rclcpp/include/rclcpp/node_impl.hpp:139:1:[m[K [01;36m[Knote: [m[Kdeclared here
 [01;36m[KNode[m[K::create_subscription(
 [01;36m[K^~~~[m[K
In file included from [01m[K/home/turtlebot2/Desktop/turtlebot2_ros2/src/Turtlebot.cpp:3:0[m[K:
[01m[K/home/turtlebot2/Desktop/turtlebot2_ros2/src/Turtlebot.hpp:98:66:[m[K [01;35m[Kwarning: [m[K‘[01m[Kstd::shared_ptr<PublisherT> rclcpp::Node::create_publisher(const string&, const rmw_qos_profile_t&, std::shared_ptr<_Up>) [with MessageT = nav_msgs::msg::Odometry_<std::allocator<void> >; AllocatorT = std::allocator<void>; PublisherT = rclcpp::Publisher<nav_msgs::msg::Odometry_<std::allocator<void> > >; std::__cxx11::string = std::__cxx11::basic_string<char>; rmw_qos_profile_t = rmw_qos_profile_t][m[K’ is deprecated: use create_publisher(const std::string &, const rclcpp::QoS &, ...) instead [[01;35m[K-Wdeprecated-declarations[m[K]
     odom = this->create_publisher<nav_msgs::msg::Odometry>("odom"[01;35m[K)[m[K;
                                                                  [01;35m[K^[m[K
In file included from [01m[K/home/turtlebot2/ros2_ws/install/rclcpp/include/rclcpp/node.hpp:1206:0[m[K,
                 from [01m[K/home/turtlebot2/ros2_ws/install/rclcpp/include/rclcpp/executors/single_threaded_executor.hpp:28[m[K,
                 from [01m[K/home/turtlebot2/ros2_ws/install/rclcpp/include/rclcpp/executors.hpp:22[m[K,
                 from [01m[K/home/turtlebot2/ros2_ws/install/rclcpp/include/rclcpp/rclcpp.hpp:144[m[K,
                 from [01m[K/home/turtlebot2/Desktop/turtlebot2_ros2/src/Turtlebot.hpp:2[m[K,
                 from [01m[K/home/turtlebot2/Desktop/turtlebot2_ros2/src/Turtlebot.cpp:3[m[K:
[01m[K/home/turtlebot2/ros2_ws/install/rclcpp/include/rclcpp/node_impl.hpp:96:1:[m[K [01;36m[Knote: [m[Kdeclared here
 [01;36m[KNode[m[K::create_publisher(
 [01;36m[K^~~~[m[K
In file included from [01m[K/home/turtlebot2/Desktop/turtlebot2_ros2/src/Turtlebot.cpp:3:0[m[K:
[01m[K/home/turtlebot2/Desktop/turtlebot2_ros2/src/Turtlebot.hpp:101:67:[m[K [01;35m[Kwarning: [m[K‘[01m[Kstd::shared_ptr<PublisherT> rclcpp::Node::create_publisher(const string&, const rmw_qos_profile_t&, std::shared_ptr<_Up>) [with MessageT = sensor_msgs::msg::Imu_<std::allocator<void> >; AllocatorT = std::allocator<void>; PublisherT = rclcpp::Publisher<sensor_msgs::msg::Imu_<std::allocator<void> > >; std::__cxx11::string = std::__cxx11::basic_string<char>; rmw_qos_profile_t = rmw_qos_profile_t][m[K’ is deprecated: use create_publisher(const std::string &, const rclcpp::QoS &, ...) instead [[01;35m[K-Wdeprecated-declarations[m[K]
     inertial = this->create_publisher<sensor_msgs::msg::Imu>("imu"[01;35m[K)[m[K;
                                                                   [01;35m[K^[m[K
In file included from [01m[K/home/turtlebot2/ros2_ws/install/rclcpp/include/rclcpp/node.hpp:1206:0[m[K,
                 from [01m[K/home/turtlebot2/ros2_ws/install/rclcpp/include/rclcpp/executors/single_threaded_executor.hpp:28[m[K,
                 from [01m[K/home/turtlebot2/ros2_ws/install/rclcpp/include/rclcpp/executors.hpp:22[m[K,
                 from [01m[K/home/turtlebot2/ros2_ws/install/rclcpp/include/rclcpp/rclcpp.hpp:144[m[K,
                 from [01m[K/home/turtlebot2/Desktop/turtlebot2_ros2/src/Turtlebot.hpp:2[m[K,
                 from [01m[K/home/turtlebot2/Desktop/turtlebot2_ros2/src/Turtlebot.cpp:3[m[K:
[01m[K/home/turtlebot2/ros2_ws/install/rclcpp/include/rclcpp/node_impl.hpp:96:1:[m[K [01;36m[Knote: [m[Kdeclared here
 [01;36m[KNode[m[K::create_publisher(
 [01;36m[K^~~~[m[K
In file included from [01m[K/home/turtlebot2/Desktop/turtlebot2_ros2/src/Turtlebot.cpp:3:0[m[K:
[01m[K/home/turtlebot2/Desktop/turtlebot2_ros2/src/Turtlebot.hpp:104:91:[m[K [01;35m[Kwarning: [m[K‘[01m[Kstd::shared_ptr<PublisherT> rclcpp::Node::create_publisher(const string&, const rmw_qos_profile_t&, std::shared_ptr<_Up>) [with MessageT = sensor_msgs::msg::BatteryState_<std::allocator<void> >; AllocatorT = std::allocator<void>; PublisherT = rclcpp::Publisher<sensor_msgs::msg::BatteryState_<std::allocator<void> > >; std::__cxx11::string = std::__cxx11::basic_string<char>; rmw_qos_profile_t = rmw_qos_profile_t][m[K’ is deprecated: use create_publisher(const std::string &, const rclcpp::QoS &, ...) instead [[01;35m[K-Wdeprecated-declarations[m[K]
 tate = this->create_publisher<sensor_msgs::msg::BatteryState>("battery_state"[01;35m[K)[m[K;
                                                                              [01;35m[K^[m[K
In file included from [01m[K/home/turtlebot2/ros2_ws/install/rclcpp/include/rclcpp/node.hpp:1206:0[m[K,
                 from [01m[K/home/turtlebot2/ros2_ws/install/rclcpp/include/rclcpp/executors/single_threaded_executor.hpp:28[m[K,
                 from [01m[K/home/turtlebot2/ros2_ws/install/rclcpp/include/rclcpp/executors.hpp:22[m[K,
                 from [01m[K/home/turtlebot2/ros2_ws/install/rclcpp/include/rclcpp/rclcpp.hpp:144[m[K,
                 from [01m[K/home/turtlebot2/Desktop/turtlebot2_ros2/src/Turtlebot.hpp:2[m[K,
                 from [01m[K/home/turtlebot2/Desktop/turtlebot2_ros2/src/Turtlebot.cpp:3[m[K:
[01m[K/home/turtlebot2/ros2_ws/install/rclcpp/include/rclcpp/node_impl.hpp:96:1:[m[K [01;36m[Knote: [m[Kdeclared here
 [01;36m[KNode[m[K::create_publisher(
 [01;36m[K^~~~[m[K
[01m[K/home/turtlebot2/Desktop/turtlebot2_ros2/src/Turtlebot.cpp:[m[K In member function ‘[01m[Kvoid Turtlebot::publishInertial()[m[K’:
[01m[K/home/turtlebot2/Desktop/turtlebot2_ros2/src/Turtlebot.cpp:121:7:[m[K [01;35m[Kwarning: [m[Kunused variable ‘[01m[Kflag[m[K’ [[01;35m[K-Wunused-variable[m[K]
  bool [01;35m[Kflag[m[K = (int)InertialAngleRate;
       [01;35m[K^~~~[m[K
In file included from [01m[K/home/turtlebot2/Desktop/turtlebot2_ros2/include/KobukiBase.h:4:0[m[K,
                 from [01m[K/home/turtlebot2/Desktop/turtlebot2_ros2/include/Kobuki_impl.h:5[m[K,
                 from [01m[K/home/turtlebot2/Desktop/turtlebot2_ros2/include/DockingController.h:4[m[K,
                 from [01m[K/home/turtlebot2/Desktop/turtlebot2_ros2/kobuki/DockingController.cpp:1[m[K:
[01m[K/home/turtlebot2/Desktop/turtlebot2_ros2/include/Thread.h:109:3:[m[K [01;35m[Kwarning: [m[Kextra ‘[01m[K;[m[K’ [[01;35m[K-Wpedantic[m[K]
  }[01;35m[K;[m[K

   [01;35m[K^[m[K
[01m[K/home/turtlebot2/Desktop/turtlebot2_ros2/include/Thread.h:110:2:[m[K [01;35m[Kwarning: [m[Kextra ‘[01m[K;[m[K’ [[01;35m[K-Wpedantic[m[K]
 }[01;35m[K;[m[K

  [01;35m[K^[m[K
In file included from [01m[K/home/turtlebot2/Desktop/turtlebot2_ros2/include/KobukiBase.h:6:0[m[K,
                 from [01m[K/home/turtlebot2/Desktop/turtlebot2_ros2/include/Kobuki_impl.h:5[m[K,
                 from [01m[K/home/turtlebot2/Desktop/turtlebot2_ros2/include/DockingController.h:4[m[K,
                 from [01m[K/home/turtlebot2/Desktop/turtlebot2_ros2/kobuki/DockingController.cpp:1[m[K:
[01m[K/home/turtlebot2/Desktop/turtlebot2_ros2/include/SerialPort.h:165:4:[m[K [01;35m[Kwarning: [m[Kextra ‘[01m[K;[m[K’ [[01;35m[K-Wpedantic[m[K]
   }[01;35m[K;[m[K//namespace ysuga

    [01;35m[K^[m[K
In file included from [01m[K/home/turtlebot2/Desktop/turtlebot2_ros2/include/Kobuki_impl.h:5:0[m[K,
                 from [01m[K/home/turtlebot2/Desktop/turtlebot2_ros2/include/DockingController.h:4[m[K,
                 from [01m[K/home/turtlebot2/Desktop/turtlebot2_ros2/kobuki/DockingController.cpp:1[m[K:
[01m[K/home/turtlebot2/Desktop/turtlebot2_ros2/include/KobukiBase.h:[m[K In member function ‘[01m[Kvoid rt_net::KobukiBase::setLED(uint8_t, uint8_t, bool)[m[K’:
[01m[K/home/turtlebot2/Desktop/turtlebot2_ros2/include/KobukiBase.h:115:15:[m[K [01;35m[Kwarning: [m[Kunused variable ‘[01m[KNNNNXotemp[m[K’ [[01;35m[K-Wunused-variable[m[K]
       uint8_t [01;35m[KNNNNXotemp[m[K = m_LED;

               [01;35m[K^~~~~~~~~~[m[K
In file included from [01m[K/home/turtlebot2/Desktop/turtlebot2_ros2/kobuki/DockingController.cpp:1:0[m[K:
[01m[K/home/turtlebot2/Desktop/turtlebot2_ros2/include/DockingController.h:[m[K In constructor ‘[01m[Krt_net::DockingController::DockingController(rt_net::Kobuki_impl*)[m[K’:
[01m[K/home/turtlebot2/Desktop/turtlebot2_ros2/include/DockingController.h:33:18:[m[K [01;35m[Kwarning: [m[K‘[01m[Krt_net::DockingController::m_pKobuki[m[K’ will be initialized after [[01;35m[K-Wreorder[m[K]
     Kobuki_impl *[01;35m[Km_pKobuki[m[K;

                  [01;35m[K^~~~~~~~~[m[K
[01m[K/home/turtlebot2/Desktop/turtlebot2_ros2/include/DockingController.h:29:10:[m[K [01;35m[Kwarning: [m[K  ‘[01m[Krt_net::DockingController::MODE rt_net::DockingController::m_Mode[m[K’ [[01;35m[K-Wreorder[m[K]
     MODE [01;35m[Km_Mode[m[K;

          [01;35m[K^~~~~~[m[K
[01m[K/home/turtlebot2/Desktop/turtlebot2_ros2/kobuki/DockingController.cpp:7:1:[m[K [01;35m[Kwarning: [m[K  when initialized here [[01;35m[K-Wreorder[m[K]
 [01;35m[KDockingController[m[K::DockingController(Kobuki_impl *pKobuki) :

 [01;35m[K^~~~~~~~~~~~~~~~~[m[K
In file included from [01m[K/home/turtlebot2/Desktop/turtlebot2_ros2/kobuki/DockingController.cpp:1:0[m[K:
[01m[K/home/turtlebot2/Desktop/turtlebot2_ros2/include/DockingController.h:31:13:[m[K [01;35m[Kwarning: [m[K‘[01m[Krt_net::DockingController::m_ApproachSide[m[K’ will be initialized after [[01;35m[K-Wreorder[m[K]
     int32_t [01;35m[Km_ApproachSide[m[K;

             [01;35m[K^~~~~~~~~~~~~~[m[K
[01m[K/home/turtlebot2/Desktop/turtlebot2_ros2/include/DockingController.h:27:13:[m[K [01;35m[Kwarning: [m[K  ‘[01m[Kint32_t rt_net::DockingController::m_BumpCount[m[K’ [[01;35m[K-Wreorder[m[K]
     int32_t [01;35m[Km_BumpCount[m[K;

             [01;35m[K^~~~~~~~~~~[m[K
[01m[K/home/turtlebot2/Desktop/turtlebot2_ros2/kobuki/DockingController.cpp:7:1:[m[K [01;35m[Kwarning: [m[K  when initialized here [[01;35m[K-Wreorder[m[K]
 [01;35m[KDockingController[m[K::DockingController(Kobuki_impl *pKobuki) :

 [01;35m[K^~~~~~~~~~~~~~~~~[m[K
In file included from [01m[K/home/turtlebot2/Desktop/turtlebot2_ros2/src/turtlebot2.cpp:1:0[m[K:
[01m[K/home/turtlebot2/Desktop/turtlebot2_ros2/src/Turtlebot.hpp:[m[K In constructor ‘[01m[KTurtlebot::Turtlebot()[m[K’:
[01m[K/home/turtlebot2/Desktop/turtlebot2_ros2/src/Turtlebot.hpp:96:5:[m[K [01;35m[Kwarning: [m[K‘[01m[Kstd::shared_ptr<SubscriptionT> rclcpp::Node::create_subscription(const string&, CallbackT&&, const rmw_qos_profile_t&, rclcpp::callback_group::CallbackGroup::SharedPtr, bool, typename rclcpp::message_memory_strategy::MessageMemoryStrategy<typename rclcpp::subscription_traits::has_message_type<CallbackT>::type, AllocatorT>::SharedPtr, std::shared_ptr<PublisherT>) [with MessageT = geometry_msgs::msg::Twist_<std::allocator<void> >; CallbackT = Turtlebot::Turtlebot()::<lambda(geometry_msgs::msg::Twist_<std::allocator<void> >::SharedPtr)>; Alloc = std::allocator<void>; SubscriptionT = rclcpp::Subscription<geometry_msgs::msg::Twist_<std::allocator<void> > >; std::__cxx11::string = std::__cxx11::basic_string<char>; rmw_qos_profile_t = rmw_qos_profile_t; rclcpp::callback_group::CallbackGroup::SharedPtr = std::shared_ptr<rclcpp::callback_group::CallbackGroup>; typename rclcpp::message_memory_strategy::MessageMemoryStrategy<typename rclcpp::subscription_traits::has_message_type<CallbackT>::type, AllocatorT>::SharedPtr = std::shared_ptr<rclcpp::message_memory_strategy::MessageMemoryStrategy<geometry_msgs::msg::Twist_<std::allocator<void> >, std::allocator<void> > >][m[K’ is deprecated: use create_subscription(const std::string &, const rclcpp::QoS &, CallbackT, ...) instead [[01;35m[K-Wdeprecated-declarations[m[K]
     [01;35m[K)[m[K;
     [01;35m[K^[m[K
In file included from [01m[K/home/turtlebot2/ros2_ws/install/rclcpp/include/rclcpp/node.hpp:1206:0[m[K,
                 from [01m[K/home/turtlebot2/ros2_ws/install/rclcpp/include/rclcpp/executors/single_threaded_executor.hpp:28[m[K,
                 from [01m[K/home/turtlebot2/ros2_ws/install/rclcpp/include/rclcpp/executors.hpp:22[m[K,
                 from [01m[K/home/turtlebot2/ros2_ws/install/rclcpp/include/rclcpp/rclcpp.hpp:144[m[K,
                 from [01m[K/home/turtlebot2/Desktop/turtlebot2_ros2/src/Turtlebot.hpp:2[m[K,
                 from [01m[K/home/turtlebot2/Desktop/turtlebot2_ros2/src/turtlebot2.cpp:1[m[K:
[01m[K/home/turtlebot2/ros2_ws/install/rclcpp/include/rclcpp/node_impl.hpp:139:1:[m[K [01;36m[Knote: [m[Kdeclared here
 [01;36m[KNode[m[K::create_subscription(
 [01;36m[K^~~~[m[K
In file included from [01m[K/home/turtlebot2/Desktop/turtlebot2_ros2/src/turtlebot2.cpp:1:0[m[K:
[01m[K/home/turtlebot2/Desktop/turtlebot2_ros2/src/Turtlebot.hpp:98:66:[m[K [01;35m[Kwarning: [m[K‘[01m[Kstd::shared_ptr<PublisherT> rclcpp::Node::create_publisher(const string&, const rmw_qos_profile_t&, std::shared_ptr<_Up>) [with MessageT = nav_msgs::msg::Odometry_<std::allocator<void> >; AllocatorT = std::allocator<void>; PublisherT = rclcpp::Publisher<nav_msgs::msg::Odometry_<std::allocator<void> > >; std::__cxx11::string = std::__cxx11::basic_string<char>; rmw_qos_profile_t = rmw_qos_profile_t][m[K’ is deprecated: use create_publisher(const std::string &, const rclcpp::QoS &, ...) instead [[01;35m[K-Wdeprecated-declarations[m[K]
     odom = this->create_publisher<nav_msgs::msg::Odometry>("odom"[01;35m[K)[m[K;
                                                                  [01;35m[K^[m[K
In file included from [01m[K/home/turtlebot2/ros2_ws/install/rclcpp/include/rclcpp/node.hpp:1206:0[m[K,
                 from [01m[K/home/turtlebot2/ros2_ws/install/rclcpp/include/rclcpp/executors/single_threaded_executor.hpp:28[m[K,
                 from [01m[K/home/turtlebot2/ros2_ws/install/rclcpp/include/rclcpp/executors.hpp:22[m[K,
                 from [01m[K/home/turtlebot2/ros2_ws/install/rclcpp/include/rclcpp/rclcpp.hpp:144[m[K,
                 from [01m[K/home/turtlebot2/Desktop/turtlebot2_ros2/src/Turtlebot.hpp:2[m[K,
                 from [01m[K/home/turtlebot2/Desktop/turtlebot2_ros2/src/turtlebot2.cpp:1[m[K:
[01m[K/home/turtlebot2/ros2_ws/install/rclcpp/include/rclcpp/node_impl.hpp:96:1:[m[K [01;36m[Knote: [m[Kdeclared here
 [01;36m[KNode[m[K::create_publisher(
 [01;36m[K^~~~[m[K
In file included from [01m[K/home/turtlebot2/Desktop/turtlebot2_ros2/src/turtlebot2.cpp:1:0[m[K:
[01m[K/home/turtlebot2/Desktop/turtlebot2_ros2/src/Turtlebot.hpp:101:67:[m[K [01;35m[Kwarning: [m[K‘[01m[Kstd::shared_ptr<PublisherT> rclcpp::Node::create_publisher(const string&, const rmw_qos_profile_t&, std::shared_ptr<_Up>) [with MessageT = sensor_msgs::msg::Imu_<std::allocator<void> >; AllocatorT = std::allocator<void>; PublisherT = rclcpp::Publisher<sensor_msgs::msg::Imu_<std::allocator<void> > >; std::__cxx11::string = std::__cxx11::basic_string<char>; rmw_qos_profile_t = rmw_qos_profile_t][m[K’ is deprecated: use create_publisher(const std::string &, const rclcpp::QoS &, ...) instead [[01;35m[K-Wdeprecated-declarations[m[K]
     inertial = this->create_publisher<sensor_msgs::msg::Imu>("imu"[01;35m[K)[m[K;
                                                                   [01;35m[K^[m[K
In file included from [01m[K/home/turtlebot2/ros2_ws/install/rclcpp/include/rclcpp/node.hpp:1206:0[m[K,
                 from [01m[K/home/turtlebot2/ros2_ws/install/rclcpp/include/rclcpp/executors/single_threaded_executor.hpp:28[m[K,
                 from [01m[K/home/turtlebot2/ros2_ws/install/rclcpp/include/rclcpp/executors.hpp:22[m[K,
                 from [01m[K/home/turtlebot2/ros2_ws/install/rclcpp/include/rclcpp/rclcpp.hpp:144[m[K,
                 from [01m[K/home/turtlebot2/Desktop/turtlebot2_ros2/src/Turtlebot.hpp:2[m[K,
                 from [01m[K/home/turtlebot2/Desktop/turtlebot2_ros2/src/turtlebot2.cpp:1[m[K:
[01m[K/home/turtlebot2/ros2_ws/install/rclcpp/include/rclcpp/node_impl.hpp:96:1:[m[K [01;36m[Knote: [m[Kdeclared here
 [01;36m[KNode[m[K::create_publisher(
 [01;36m[K^~~~[m[K
In file included from [01m[K/home/turtlebot2/Desktop/turtlebot2_ros2/src/turtlebot2.cpp:1:0[m[K:
[01m[K/home/turtlebot2/Desktop/turtlebot2_ros2/src/Turtlebot.hpp:104:91:[m[K [01;35m[Kwarning: [m[K‘[01m[Kstd::shared_ptr<PublisherT> rclcpp::Node::create_publisher(const string&, const rmw_qos_profile_t&, std::shared_ptr<_Up>) [with MessageT = sensor_msgs::msg::BatteryState_<std::allocator<void> >; AllocatorT = std::allocator<void>; PublisherT = rclcpp::Publisher<sensor_msgs::msg::BatteryState_<std::allocator<void> > >; std::__cxx11::string = std::__cxx11::basic_string<char>; rmw_qos_profile_t = rmw_qos_profile_t][m[K’ is deprecated: use create_publisher(const std::string &, const rclcpp::QoS &, ...) instead [[01;35m[K-Wdeprecated-declarations[m[K]
     battery_state = this->create_publisher<sensor_msgs::msg::BatteryState>("battery_state"[01;35m[K)[m[K;
                                                                                           [01;35m[K^[m[K
In file included from [01m[K/home/turtlebot2/ros2_ws/install/rclcpp/include/rclcpp/node.hpp:1206:0[m[K,
                 from [01m[K/home/turtlebot2/ros2_ws/install/rclcpp/include/rclcpp/executors/single_threaded_executor.hpp:28[m[K,
                 from [01m[K/home/turtlebot2/ros2_ws/install/rclcpp/include/rclcpp/executors.hpp:22[m[K,
                 from [01m[K/home/turtlebot2/ros2_ws/install/rclcpp/include/rclcpp/rclcpp.hpp:144[m[K,
                 from [01m[K/home/turtlebot2/Desktop/turtlebot2_ros2/src/Turtlebot.hpp:2[m[K,
                 from [01m[K/home/turtlebot2/Desktop/turtlebot2_ros2/src/turtlebot2.cpp:1[m[K:
[01m[K/home/turtlebot2/ros2_ws/install/rclcpp/include/rclcpp/node_impl.hpp:96:1:[m[K [01;36m[Knote: [m[Kdeclared here
 [01;36m[KNode[m[K::create_publisher(
 [01;36m[K^~~~[m[K
In file included from [01m[K/home/turtlebot2/Desktop/turtlebot2_ros2/include/KobukiBase.h:4:0[m[K,
                 from [01m[K/home/turtlebot2/Desktop/turtlebot2_ros2/include/Kobuki_impl.h:5[m[K,
                 from [01m[K/home/turtlebot2/Desktop/turtlebot2_ros2/kobuki/Kobuki_impl.cpp:6[m[K:
[01m[K/home/turtlebot2/Desktop/turtlebot2_ros2/include/Thread.h:109:3:[m[K [01;35m[Kwarning: [m[Kextra ‘[01m[K;[m[K’ [[01;35m[K-Wpedantic[m[K]
  }[01;35m[K;[m[K

   [01;35m[K^[m[K
[01m[K/home/turtlebot2/Desktop/turtlebot2_ros2/include/Thread.h:110:2:[m[K [01;35m[Kwarning: [m[Kextra ‘[01m[K;[m[K’ [[01;35m[K-Wpedantic[m[K]
 }[01;35m[K;[m[K

  [01;35m[K^[m[K
In file included from [01m[K/home/turtlebot2/Desktop/turtlebot2_ros2/include/KobukiBase.h:6:0[m[K,
                 from [01m[K/home/turtlebot2/Desktop/turtlebot2_ros2/include/Kobuki_impl.h:5[m[K,
                 from [01m[K/home/turtlebot2/Desktop/turtlebot2_ros2/kobuki/Kobuki_impl.cpp:6[m[K:
[01m[K/home/turtlebot2/Desktop/turtlebot2_ros2/include/SerialPort.h:165:4:[m[K [01;35m[Kwarning: [m[Kextra ‘[01m[K;[m[K’ [[01;35m[K-Wpedantic[m[K]
   }[01;35m[K;[m[K//namespace ysuga

    [01;35m[K^[m[K
In file included from [01m[K/home/turtlebot2/Desktop/turtlebot2_ros2/include/Kobuki_impl.h:5:0[m[K,
                 from [01m[K/home/turtlebot2/Desktop/turtlebot2_ros2/kobuki/Kobuki_impl.cpp:6[m[K:
[01m[K/home/turtlebot2/Desktop/turtlebot2_ros2/include/KobukiBase.h:[m[K In member function ‘[01m[Kvoid rt_net::KobukiBase::setLED(uint8_t, uint8_t, bool)[m[K’:
[01m[K/home/turtlebot2/Desktop/turtlebot2_ros2/include/KobukiBase.h:115:15:[m[K [01;35m[Kwarning: [m[Kunused variable ‘[01m[KNNNNXotemp[m[K’ [[01;35m[K-Wunused-variable[m[K]
       uint8_t [01;35m[KNNNNXotemp[m[K = m_LED;

               [01;35m[K^~~~~~~~~~[m[K
In file included from [01m[K/home/turtlebot2/Desktop/turtlebot2_ros2/src/Turtlebot.cpp:3:0[m[K:
[01m[K/home/turtlebot2/Desktop/turtlebot2_ros2/src/Turtlebot.hpp:[m[K In constructor ‘[01m[KTurtlebot::Turtlebot()[m[K’:
[01m[K/home/turtlebot2/Desktop/turtlebot2_ros2/src/Turtlebot.hpp:96:5:[m[K [01;35m[Kwarning: [m[K‘[01m[Kstd::shared_ptr<SubscriptionT> rclcpp::Node::create_subscription(const string&, CallbackT&&, const rmw_qos_profile_t&, rclcpp::callback_group::CallbackGroup::SharedPtr, bool, typename rclcpp::message_memory_strategy::MessageMemoryStrategy<typename rclcpp::subscription_traits::has_message_type<CallbackT>::type, AllocatorT>::SharedPtr, std::shared_ptr<PublisherT>) [with MessageT = geometry_msgs::msg::Twist_<std::allocator<void> >; CallbackT = Turtlebot::Turtlebot()::<lambda(geometry_msgs::msg::Twist_<std::allocator<void> >::SharedPtr)>; Alloc = std::allocator<void>; SubscriptionT = rclcpp::Subscription<geometry_msgs::msg::Twist_<std::allocator<void> > >; std::__cxx11::string = std::__cxx11::basic_string<char>; rmw_qos_profile_t = rmw_qos_profile_t; rclcpp::callback_group::CallbackGroup::SharedPtr = std::shared_ptr<rclcpp::callback_group::CallbackGroup>; typename rclcpp::message_memory_strategy::MessageMemoryStrategy<typename rclcpp::subscription_traits::has_message_type<CallbackT>::type, AllocatorT>::SharedPtr = std::shared_ptr<rclcpp::message_memory_strategy::MessageMemoryStrategy<geometry_msgs::msg::Twist_<std::allocator<void> >, std::allocator<void> > >][m[K’ is deprecated: use create_subscription(const std::string &, const rclcpp::QoS &, CallbackT, ...) instead [[01;35m[K-Wdeprecated-declarations[m[K]
     [01;35m[K)[m[K;
     [01;35m[K^[m[K
In file included from [01m[K/home/turtlebot2/ros2_ws/install/rclcpp/include/rclcpp/node.hpp:1206:0[m[K,
                 from [01m[K/home/turtlebot2/ros2_ws/install/rclcpp/include/rclcpp/executors/single_threaded_executor.hpp:28[m[K,
                 from [01m[K/home/turtlebot2/ros2_ws/install/rclcpp/include/rclcpp/executors.hpp:22[m[K,
                 from [01m[K/home/turtlebot2/ros2_ws/install/rclcpp/include/rclcpp/rclcpp.hpp:144[m[K,
                 from [01m[K/home/turtlebot2/Desktop/turtlebot2_ros2/src/Turtlebot.hpp:2[m[K,
                 from [01m[K/home/turtlebot2/Desktop/turtlebot2_ros2/src/Turtlebot.cpp:3[m[K:
[01m[K/home/turtlebot2/ros2_ws/install/rclcpp/include/rclcpp/node_impl.hpp:139:1:[m[K [01;36m[Knote: [m[Kdeclared here
 [01;36m[KNode[m[K::create_subscription(
 [01;36m[K^~~~[m[K
In file included from [01m[K/home/turtlebot2/Desktop/turtlebot2_ros2/src/Turtlebot.cpp:3:0[m[K:
[01m[K/home/turtlebot2/Desktop/turtlebot2_ros2/src/Turtlebot.hpp:98:66:[m[K [01;35m[Kwarning: [m[K‘[01m[Kstd::shared_ptr<PublisherT> rclcpp::Node::create_publisher(const string&, const rmw_qos_profile_t&, std::shared_ptr<_Up>) [with MessageT = nav_msgs::msg::Odometry_<std::allocator<void> >; AllocatorT = std::allocator<void>; PublisherT = rclcpp::Publisher<nav_msgs::msg::Odometry_<std::allocator<void> > >; std::__cxx11::string = std::__cxx11::basic_string<char>; rmw_qos_profile_t = rmw_qos_profile_t][m[K’ is deprecated: use create_publisher(const std::string &, const rclcpp::QoS &, ...) instead [[01;35m[K-Wdeprecated-declarations[m[K]
     odom = this->create_publisher<nav_msgs::msg::Odometry>("odom"[01;35m[K)[m[K;
                                                                  [01;35m[K^[m[K
In file included from [01m[K/home/turtlebot2/ros2_ws/install/rclcpp/include/rclcpp/node.hpp:1206:0[m[K,
                 from [01m[K/home/turtlebot2/ros2_ws/install/rclcpp/include/rclcpp/executors/single_threaded_executor.hpp:28[m[K,
                 from [01m[K/home/turtlebot2/ros2_ws/install/rclcpp/include/rclcpp/executors.hpp:22[m[K,
                 from [01m[K/home/turtlebot2/ros2_ws/install/rclcpp/include/rclcpp/rclcpp.hpp:144[m[K,
                 from [01m[K/home/turtlebot2/Desktop/turtlebot2_ros2/src/Turtlebot.hpp:2[m[K,
                 from [01m[K/home/turtlebot2/Desktop/turtlebot2_ros2/src/Turtlebot.cpp:3[m[K:
[01m[K/home/turtlebot2/ros2_ws/install/rclcpp/include/rclcpp/node_impl.hpp:96:1:[m[K [01;36m[Knote: [m[Kdeclared here
 [01;36m[KNode[m[K::create_publisher(
 [01;36m[K^~~~[m[K
In file included from [01m[K/home/turtlebot2/Desktop/turtlebot2_ros2/src/Turtlebot.cpp:3:0[m[K:
[01m[K/home/turtlebot2/Desktop/turtlebot2_ros2/src/Turtlebot.hpp:101:67:[m[K [01;35m[Kwarning: [m[K‘[01m[Kstd::shared_ptr<PublisherT> rclcpp::Node::create_publisher(const string&, const rmw_qos_profile_t&, std::shared_ptr<_Up>) [with MessageT = sensor_msgs::msg::Imu_<std::allocator<void> >; AllocatorT = std::allocator<void>; PublisherT = rclcpp::Publisher<sensor_msgs::msg::Imu_<std::allocator<void> > >; std::__cxx11::string = std::__cxx11::basic_string<char>; rmw_qos_profile_t = rmw_qos_profile_t][m[K’ is deprecated: use create_publisher(const std::string &, const rclcpp::QoS &, ...) instead [[01;35m[K-Wdeprecated-declarations[m[K]
     inertial = this->create_publisher<sensor_msgs::msg::Imu>("imu"[01;35m[K)[m[K;
                                                                   [01;35m[K^[m[K
In file included from [01m[K/home/turtlebot2/ros2_ws/install/rclcpp/include/rclcpp/node.hpp:1206:0[m[K,
                 from [01m[K/home/turtlebot2/ros2_ws/install/rclcpp/include/rclcpp/executors/single_threaded_executor.hpp:28[m[K,
                 from [01m[K/home/turtlebot2/ros2_ws/install/rclcpp/include/rclcpp/executors.hpp:22[m[K,
                 from [01m[K/home/turtlebot2/ros2_ws/install/rclcpp/include/rclcpp/rclcpp.hpp:144[m[K,
                 from [01m[K/home/turtlebot2/Desktop/turtlebot2_ros2/src/Turtlebot.hpp:2[m[K,
                 from [01m[K/home/turtlebot2/Desktop/turtlebot2_ros2/src/Turtlebot.cpp:3[m[K:
[01m[K/home/turtlebot2/ros2_ws/install/rclcpp/include/rclcpp/node_impl.hpp:96:1:[m[K [01;36m[Knote: [m[Kdeclared here
 [01;36m[KNode[m[K::create_publisher(
 [01;36m[K^~~~[m[K
In file included from [01m[K/home/turtlebot2/Desktop/turtlebot2_ros2/src/Turtlebot.cpp:3:0[m[K:
[01m[K/home/turtlebot2/Desktop/turtlebot2_ros2/src/Turtlebot.hpp:104:91:[m[K [01;35m[Kwarning: [m[K‘[01m[Kstd::shared_ptr<PublisherT> rclcpp::Node::create_publisher(const string&, const rmw_qos_profile_t&, std::shared_ptr<_Up>) [with MessageT = sensor_msgs::msg::BatteryState_<std::allocator<void> >; AllocatorT = std::allocator<void>; PublisherT = rclcpp::Publisher<sensor_msgs::msg::BatteryState_<std::allocator<void> > >; std::__cxx11::string = std::__cxx11::basic_string<char>; rmw_qos_profile_t = rmw_qos_profile_t][m[K’ is deprecated: use create_publisher(const std::string &, const rclcpp::QoS &, ...) instead [[01;35m[K-Wdeprecated-declarations[m[K]
     battery_state = this->create_publisher<sensor_msgs::msg::BatteryState>("battery_state"[01;35m[K)[m[K;
                                                                                           [01;35m[K^[m[K
In file included from [01m[K/home/turtlebot2/ros2_ws/install/rclcpp/include/rclcpp/node.hpp:1206:0[m[K,
                 from [01m[K/home/turtlebot2/ros2_ws/install/rclcpp/include/rclcpp/executors/single_threaded_executor.hpp:28[m[K,
                 from [01m[K/home/turtlebot2/ros2_ws/install/rclcpp/include/rclcpp/executors.hpp:22[m[K,
                 from [01m[K/home/turtlebot2/ros2_ws/install/rclcpp/include/rclcpp/rclcpp.hpp:144[m[K,
                 from [01m[K/home/turtlebot2/Desktop/turtlebot2_ros2/src/Turtlebot.hpp:2[m[K,
                 from [01m[K/home/turtlebot2/Desktop/turtlebot2_ros2/src/Turtlebot.cpp:3[m[K:
[01m[K/home/turtlebot2/ros2_ws/install/rclcpp/include/rclcpp/node_impl.hpp:96:1:[m[K [01;36m[Knote: [m[Kdeclared here
 [01;36m[KNode[m[K::create_publisher(
 [01;36m[K^~~~[m[K
[01m[K/home/turtlebot2/Desktop/turtlebot2_ros2/src/Turtlebot.cpp:[m[K In member function ‘[01m[Kvoid Turtlebot::publishInertial()[m[K’:
[01m[K/home/turtlebot2/Desktop/turtlebot2_ros2/src/Turtlebot.cpp:121:7:[m[K [01;35m[Kwarning: [m[Kunused variable ‘[01m[Kflag[m[K’ [[01;35m[K-Wunused-variable[m[K]
  bool [01;35m[Kflag[m[K = (int)InertialAngleRate;
       [01;35m[K^~~~[m[K
In file included from [01m[K/home/turtlebot2/Desktop/turtlebot2_ros2/kobuki/Thread.cpp:2:0[m[K:
[01m[K/home/turtlebot2/Desktop/turtlebot2_ros2/include/Thread.h:109:3:[m[K [01;35m[Kwarning: [m[Kextra ‘[01m[K;[m[K’ [[01;35m[K-Wpedantic[m[K]
  }[01;35m[K;[m[K

   [01;35m[K^[m[K
[01m[K/home/turtlebot2/Desktop/turtlebot2_ros2/include/Thread.h:110:2:[m[K [01;35m[Kwarning: [m[Kextra ‘[01m[K;[m[K’ [[01;35m[K-Wpedantic[m[K]
 }[01;35m[K;[m[K

  [01;35m[K^[m[K
[01m[K/home/turtlebot2/Desktop/turtlebot2_ros2/kobuki/Thread.cpp:[m[K In member function ‘[01m[Kvoid net::ysuga::Thread::Exit(long unsigned int)[m[K’:
[01m[K/home/turtlebot2/Desktop/turtlebot2_ros2/kobuki/Thread.cpp:72:33:[m[K [01;35m[Kwarning: [m[Kunused parameter ‘[01m[KexitCode[m[K’ [[01;35m[K-Wunused-parameter[m[K]
 void Thread::Exit(unsigned long [01;35m[KexitCode[m[K) {

                                 [01;35m[K^~~~~~~~[m[K
In file included from [01m[K/home/turtlebot2/Desktop/turtlebot2_ros2/include/Transport.h:3:0[m[K,
                 from [01m[K/home/turtlebot2/Desktop/turtlebot2_ros2/kobuki/Transport.cpp:2[m[K:
[01m[K/home/turtlebot2/Desktop/turtlebot2_ros2/include/SerialPort.h:165:4:[m[K [01;35m[Kwarning: [m[Kextra ‘[01m[K;[m[K’ [[01;35m[K-Wpedantic[m[K]
   }[01;35m[K;[m[K//namespace ysuga

    [01;35m[K^[m[K
In file included from [01m[K/home/turtlebot2/Desktop/turtlebot2_ros2/include/KobukiBase.h:4:0[m[K,
                 from [01m[K/home/turtlebot2/Desktop/turtlebot2_ros2/include/Kobuki_impl.h:5[m[K,
                 from [01m[K/home/turtlebot2/Desktop/turtlebot2_ros2/kobuki/libkobuki.cpp:2[m[K:
[01m[K/home/turtlebot2/Desktop/turtlebot2_ros2/include/Thread.h:109:3:[m[K [01;35m[Kwarning: [m[Kextra ‘[01m[K;[m[K’ [[01;35m[K-Wpedantic[m[K]
  }[01;35m[K;[m[K

   [01;35m[K^[m[K
[01m[K/home/turtlebot2/Desktop/turtlebot2_ros2/include/Thread.h:110:2:[m[K [01;35m[Kwarning: [m[Kextra ‘[01m[K;[m[K’ [[01;35m[K-Wpedantic[m[K]
 }[01;35m[K;[m[K

  [01;35m[K^[m[K
In file included from [01m[K/home/turtlebot2/Desktop/turtlebot2_ros2/include/KobukiBase.h:6:0[m[K,
                 from [01m[K/home/turtlebot2/Desktop/turtlebot2_ros2/include/Kobuki_impl.h:5[m[K,
                 from [01m[K/home/turtlebot2/Desktop/turtlebot2_ros2/kobuki/libkobuki.cpp:2[m[K:
[01m[K/home/turtlebot2/Desktop/turtlebot2_ros2/include/SerialPort.h:165:4:[m[K [01;35m[Kwarning: [m[Kextra ‘[01m[K;[m[K’ [[01;35m[K-Wpedantic[m[K]
   }[01;35m[K;[m[K//namespace ysuga

    [01;35m[K^[m[K
In file included from [01m[K/home/turtlebot2/Desktop/turtlebot2_ros2/include/Kobuki_impl.h:5:0[m[K,
                 from [01m[K/home/turtlebot2/Desktop/turtlebot2_ros2/kobuki/libkobuki.cpp:2[m[K:
[01m[K/home/turtlebot2/Desktop/turtlebot2_ros2/include/KobukiBase.h:[m[K In member function ‘[01m[Kvoid rt_net::KobukiBase::setLED(uint8_t, uint8_t, bool)[m[K’:
[01m[K/home/turtlebot2/Desktop/turtlebot2_ros2/include/KobukiBase.h:115:15:[m[K [01;35m[Kwarning: [m[Kunused variable ‘[01m[KNNNNXotemp[m[K’ [[01;35m[K-Wunused-variable[m[K]
       uint8_t [01;35m[KNNNNXotemp[m[K = m_LED;

               [01;35m[K^~~~~~~~~~[m[K
In file included from [01m[K/home/turtlebot2/Desktop/turtlebot2_ros2/include/KobukiBase.h:4:0[m[K,
                 from [01m[K/home/turtlebot2/Desktop/turtlebot2_ros2/kobuki/KobukiBase.cpp:3[m[K:
[01m[K/home/turtlebot2/Desktop/turtlebot2_ros2/include/Thread.h:109:3:[m[K [01;35m[Kwarning: [m[Kextra ‘[01m[K;[m[K’ [[01;35m[K-Wpedantic[m[K]
  }[01;35m[K;[m[K

   [01;35m[K^[m[K
[01m[K/home/turtlebot2/Desktop/turtlebot2_ros2/include/Thread.h:110:2:[m[K [01;35m[Kwarning: [m[Kextra ‘[01m[K;[m[K’ [[01;35m[K-Wpedantic[m[K]
 }[01;35m[K;[m[K

  [01;35m[K^[m[K
In file included from [01m[K/home/turtlebot2/Desktop/turtlebot2_ros2/include/KobukiBase.h:6:0[m[K,
                 from [01m[K/home/turtlebot2/Desktop/turtlebot2_ros2/kobuki/KobukiBase.cpp:3[m[K:
[01m[K/home/turtlebot2/Desktop/turtlebot2_ros2/include/SerialPort.h:165:4:[m[K [01;35m[Kwarning: [m[Kextra ‘[01m[K;[m[K’ [[01;35m[K-Wpedantic[m[K]
   }[01;35m[K;[m[K//namespace ysuga

    [01;35m[K^[m[K
In file included from [01m[K/home/turtlebot2/Desktop/turtlebot2_ros2/kobuki/KobukiBase.cpp:3:0[m[K:
[01m[K/home/turtlebot2/Desktop/turtlebot2_ros2/include/KobukiBase.h:[m[K In member function ‘[01m[Kvoid rt_net::KobukiBase::setLED(uint8_t, uint8_t, bool)[m[K’:
[01m[K/home/turtlebot2/Desktop/turtlebot2_ros2/include/KobukiBase.h:115:15:[m[K [01;35m[Kwarning: [m[Kunused variable ‘[01m[KNNNNXotemp[m[K’ [[01;35m[K-Wunused-variable[m[K]
       uint8_t [01;35m[KNNNNXotemp[m[K = m_LED;

               [01;35m[K^~~~~~~~~~[m[K
In file included from [01m[K/home/turtlebot2/Desktop/turtlebot2_ros2/kobuki/SerialPort.cpp:31:0[m[K:
[01m[K/home/turtlebot2/Desktop/turtlebot2_ros2/include/SerialPort.h:165:4:[m[K [01;35m[Kwarning: [m[Kextra ‘[01m[K;[m[K’ [[01;35m[K-Wpedantic[m[K]
   }[01;35m[K;[m[K//namespace ysuga

    [01;35m[K^[m[K
In file included from [01m[K/home/turtlebot2/Desktop/turtlebot2_ros2/include/KobukiBase.h:4:0[m[K,
                 from [01m[K/home/turtlebot2/Desktop/turtlebot2_ros2/kobuki/Translator.cpp:2[m[K:
[01m[K/home/turtlebot2/Desktop/turtlebot2_ros2/include/Thread.h:109:3:[m[K [01;35m[Kwarning: [m[Kextra ‘[01m[K;[m[K’ [[01;35m[K-Wpedantic[m[K]
  }[01;35m[K;[m[K

   [01;35m[K^[m[K
[01m[K/home/turtlebot2/Desktop/turtlebot2_ros2/include/Thread.h:110:2:[m[K [01;35m[Kwarning: [m[Kextra ‘[01m[K;[m[K’ [[01;35m[K-Wpedantic[m[K]
 }[01;35m[K;[m[K

  [01;35m[K^[m[K
In file included from [01m[K/home/turtlebot2/Desktop/turtlebot2_ros2/include/KobukiBase.h:6:0[m[K,
                 from [01m[K/home/turtlebot2/Desktop/turtlebot2_ros2/kobuki/Translator.cpp:2[m[K:
[01m[K/home/turtlebot2/Desktop/turtlebot2_ros2/include/SerialPort.h:165:4:[m[K [01;35m[Kwarning: [m[Kextra ‘[01m[K;[m[K’ [[01;35m[K-Wpedantic[m[K]
   }[01;35m[K;[m[K//namespace ysuga

    [01;35m[K^[m[K
In file included from [01m[K/home/turtlebot2/Desktop/turtlebot2_ros2/kobuki/Translator.cpp:2:0[m[K:
[01m[K/home/turtlebot2/Desktop/turtlebot2_ros2/include/KobukiBase.h:[m[K In member function ‘[01m[Kvoid rt_net::KobukiBase::setLED(uint8_t, uint8_t, bool)[m[K’:
[01m[K/home/turtlebot2/Desktop/turtlebot2_ros2/include/KobukiBase.h:115:15:[m[K [01;35m[Kwarning: [m[Kunused variable ‘[01m[KNNNNXotemp[m[K’ [[01;35m[K-Wunused-variable[m[K]
       uint8_t [01;35m[KNNNNXotemp[m[K = m_LED;

               [01;35m[K^~~~~~~~~~[m[K
[01m[K/home/turtlebot2/Desktop/turtlebot2_ros2/kobuki/Translator.cpp:[m[K In member function ‘[01m[Kvoid rt_net::Translator::onBasicSensorData(const rt_net::Packet&)[m[K’:
[01m[K/home/turtlebot2/Desktop/turtlebot2_ros2/kobuki/Translator.cpp:74:11:[m[K [01;35m[Kwarning: [m[Kunused variable ‘[01m[Ksize[m[K’ [[01;35m[K-Wunused-variable[m[K]
   uint8_t [01;35m[Ksize[m[K = packet[1];

           [01;35m[K^~~~[m[K
[01m[K/home/turtlebot2/Desktop/turtlebot2_ros2/kobuki/Translator.cpp:75:12:[m[K [01;35m[Kwarning: [m[Kunused variable ‘[01m[Ktimestamp[m[K’ [[01;35m[K-Wunused-variable[m[K]
   uint16_t [01;35m[Ktimestamp[m[K = packet.ushort(2);

            [01;35m[K^~~~~~~~~[m[K
[01m[K/home/turtlebot2/Desktop/turtlebot2_ros2/kobuki/Translator.cpp:[m[K In member function ‘[01m[Kvoid rt_net::Translator::onCliff(const rt_net::Packet&)[m[K’:
[01m[K/home/turtlebot2/Desktop/turtlebot2_ros2/kobuki/Translator.cpp:117:40:[m[K [01;35m[Kwarning: [m[Kunused parameter ‘[01m[Kpacket[m[K’ [[01;35m[K-Wunused-parameter[m[K]
 void Translator::onCliff(const Packet& [01;35m[Kpacket[m[K)

                                        [01;35m[K^~~~~~[m[K
[01m[K/home/turtlebot2/Desktop/turtlebot2_ros2/kobuki/Translator.cpp:[m[K In member function ‘[01m[Kvoid rt_net::Translator::onRawDataOf3AxisGyro(const rt_net::Packet&)[m[K’:
[01m[K/home/turtlebot2/Desktop/turtlebot2_ros2/kobuki/Translator.cpp:127:53:[m[K [01;35m[Kwarning: [m[Kunused parameter ‘[01m[Kpacket[m[K’ [[01;35m[K-Wunused-parameter[m[K]
 void Translator::onRawDataOf3AxisGyro(const Packet& [01;35m[Kpacket[m[K)

                                                     [01;35m[K^~~~~~[m[K
