-- Found ament_cmake: 0.7.3 (/home/turtlebot2/ros2_ws/install/ament_cmake/share/ament_cmake/cmake)
-- Using PYTHON_EXECUTABLE: /usr/bin/python3
-- Found geometry_msgs: 0.7.0 (/home/turtlebot2/ros2_ws/install/geometry_msgs/share/geometry_msgs/cmake)
-- Found rosidl_adapter: 0.7.6 (/home/turtlebot2/ros2_ws/install/rosidl_adapter/share/rosidl_adapter/cmake)
-- Found rclcpp: 0.7.10 (/home/turtlebot2/ros2_ws/install/rclcpp/share/rclcpp/cmake)
-- Found rmw_implementation_cmake: 0.7.2 (/home/turtlebot2/ros2_ws/install/rmw_implementation_cmake/share/rmw_implementation_cmake/cmake)
-- Found nav_msgs: 0.7.0 (/home/turtlebot2/ros2_ws/install/nav_msgs/share/nav_msgs/cmake)
-- Found sensor_msgs: 0.7.0 (/home/turtlebot2/ros2_ws/install/sensor_msgs/share/sensor_msgs/cmake)
-- Found ament_lint_auto: 0.7.10 (/home/turtlebot2/ros2_ws/install/ament_lint_auto/share/ament_lint_auto/cmake)
-- Added test 'copyright' to check for copyright in CMake / C / C++ / Python code
-- Added test 'cppcheck' to perform static code analysis on C / C++ code
-- Configured cppcheck include dirs: /home/turtlebot2/Desktop/turtlebot2_ros2/include;/home/turtlebot2/Desktop/turtlebot2_ros2/src;$<BUILD_INTERFACE:/home/turtlebot2/Desktop/turtlebot2_ros2/include>
-- Added test 'cpplint' to check C / C++ code against the Google style
-- Added test 'flake8' to check Python code syntax and style conventions
-- Added test 'lint_cmake' to check CMake code style
-- Added test 'pep257' to check Python code against some of the style conventions in PEP 257
-- Added test 'uncrustify' to check C / C++ code style
-- Added test 'xmllint' to check XML markup files
-- Configuring done
-- Generating done
-- Build files have been written to: /home/turtlebot2/Desktop/turtlebot2_ros2/build/turtlebot_bringup
[35m[1mScanning dependencies of target DockingController[0m
[35m[1mScanning dependencies of target Thread[0m
[35m[1mScanning dependencies of target kobuki[0m
[35m[1mScanning dependencies of target Transport[0m
[  3%] [32mBuilding CXX object CMakeFiles/Transport.dir/kobuki/Transport.cpp.o[0m
[  3%] [32mBuilding CXX object CMakeFiles/DockingController.dir/kobuki/DockingController.cpp.o[0m
[  5%] [32mBuilding CXX object CMakeFiles/kobuki.dir/kobuki/libkobuki.cpp.o[0m
[  7%] [32mBuilding CXX object CMakeFiles/Thread.dir/kobuki/Thread.cpp.o[0m
[  8%] [32m[1mLinking CXX shared library lib/libThread.so[0m
[  8%] Built target Thread
[35m[1mScanning dependencies of target KobukiBase[0m
[ 10%] [32mBuilding CXX object CMakeFiles/KobukiBase.dir/kobuki/KobukiBase.cpp.o[0m
[ 12%] [32mBuilding CXX object CMakeFiles/Transport.dir/kobuki/SerialPort.cpp.o[0m
[ 14%] [32mBuilding CXX object CMakeFiles/kobuki.dir/kobuki/Kobuki_impl.cpp.o[0m
[ 15%] [32m[1mLinking CXX shared library lib/libDockingController.so[0m
[ 17%] [32mBuilding CXX object CMakeFiles/KobukiBase.dir/kobuki/SerialPort.cpp.o[0m
[ 17%] Built target DockingController
[35m[1mScanning dependencies of target SerialPort[0m
[ 19%] [32mBuilding CXX object CMakeFiles/SerialPort.dir/kobuki/SerialPort.cpp.o[0m
[ 21%] [32m[1mLinking CXX shared library lib/libTransport.so[0m
[ 21%] Built target Transport
[35m[1mScanning dependencies of target Kobuki_impl[0m
[ 22%] [32mBuilding CXX object CMakeFiles/Kobuki_impl.dir/kobuki/Kobuki_impl.cpp.o[0m
[ 24%] [32mBuilding CXX object CMakeFiles/kobuki.dir/kobuki/Thread.cpp.o[0m
[ 26%] [32mBuilding CXX object CMakeFiles/KobukiBase.dir/kobuki/Thread.cpp.o[0m
[ 29%] [32m[1mLinking CXX shared library lib/libSerialPort.so[0m
[ 29%] [32mBuilding CXX object CMakeFiles/kobuki.dir/kobuki/KobukiBase.cpp.o[0m
[ 31%] [32mBuilding CXX object CMakeFiles/KobukiBase.dir/kobuki/Transport.cpp.o[0m
[ 31%] Built target SerialPort
[ 33%] [32mBuilding CXX object CMakeFiles/KobukiBase.dir/kobuki/Translator.cpp.o[0m
[ 35%] [32mBuilding CXX object CMakeFiles/Kobuki_impl.dir/kobuki/Thread.cpp.o[0m
[ 36%] [32mBuilding CXX object CMakeFiles/kobuki.dir/kobuki/DockingController.cpp.o[0m
[ 38%] [32mBuilding CXX object CMakeFiles/kobuki.dir/kobuki/SerialPort.cpp.o[0m
[ 40%] [32mBuilding CXX object CMakeFiles/Kobuki_impl.dir/kobuki/KobukiBase.cpp.o[0m
[ 42%] [32m[1mLinking CXX shared library lib/libKobukiBase.so[0m
[ 42%] Built target KobukiBase
[35m[1mScanning dependencies of target Translator[0m
[ 43%] [32mBuilding CXX object CMakeFiles/Translator.dir/kobuki/Translator.cpp.o[0m
[ 45%] [32mBuilding CXX object CMakeFiles/kobuki.dir/kobuki/Translator.cpp.o[0m
[ 47%] [32mBuilding CXX object CMakeFiles/Kobuki_impl.dir/kobuki/DockingController.cpp.o[0m
[ 49%] [32mBuilding CXX object CMakeFiles/Kobuki_impl.dir/kobuki/SerialPort.cpp.o[0m
[ 50%] [32m[1mLinking CXX shared library lib/libTranslator.so[0m
[ 52%] [32mBuilding CXX object CMakeFiles/kobuki.dir/kobuki/Transport.cpp.o[0m
[ 54%] [32mBuilding CXX object CMakeFiles/Kobuki_impl.dir/kobuki/Translator.cpp.o[0m
[ 54%] Built target Translator
[35m[1mScanning dependencies of target kobukicwrapper[0m
[ 56%] [32mBuilding CXX object CMakeFiles/kobukicwrapper.dir/kobuki/kobukicwrapper.cpp.o[0m
[ 57%] [32mBuilding CXX object CMakeFiles/kobukicwrapper.dir/kobuki/Kobuki_impl.cpp.o[0m
[ 59%] [32m[1mLinking CXX shared library lib/libkobuki.so[0m
[ 59%] Built target kobuki
[35m[1mScanning dependencies of target Turtlebot[0m
[ 61%] [32mBuilding CXX object CMakeFiles/Kobuki_impl.dir/kobuki/Transport.cpp.o[0m
[ 63%] [32mBuilding CXX object CMakeFiles/Turtlebot.dir/src/Turtlebot.cpp.o[0m
[ 64%] [32mBuilding CXX object CMakeFiles/kobukicwrapper.dir/kobuki/Thread.cpp.o[0m
[ 66%] [32mBuilding CXX object CMakeFiles/kobukicwrapper.dir/kobuki/libkobuki.cpp.o[0m
[ 68%] [32mBuilding CXX object CMakeFiles/kobukicwrapper.dir/kobuki/DockingController.cpp.o[0m
[ 70%] [32m[1mLinking CXX shared library lib/libKobuki_impl.so[0m
[ 70%] Built target Kobuki_impl
[ 71%] [32mBuilding CXX object CMakeFiles/kobukicwrapper.dir/kobuki/KobukiBase.cpp.o[0m
[ 73%] [32mBuilding CXX object CMakeFiles/kobukicwrapper.dir/kobuki/SerialPort.cpp.o[0m
[ 75%] [32mBuilding CXX object CMakeFiles/kobukicwrapper.dir/kobuki/Transport.cpp.o[0m
[ 77%] [32mBuilding CXX object CMakeFiles/kobukicwrapper.dir/kobuki/Translator.cpp.o[0m
[35m[1mScanning dependencies of target turtlebot2[0m
[ 78%] [32mBuilding CXX object CMakeFiles/turtlebot2.dir/src/turtlebot2.cpp.o[0m
[ 80%] [32mBuilding CXX object CMakeFiles/turtlebot2.dir/src/Turtlebot.cpp.o[0m
[ 82%] [32m[1mLinking CXX shared library lib/libkobukicwrapper.so[0m
[ 82%] Built target kobukicwrapper
[ 84%] [32mBuilding CXX object CMakeFiles/turtlebot2.dir/kobuki/DockingController.cpp.o[0m
[ 85%] [32mBuilding CXX object CMakeFiles/turtlebot2.dir/kobuki/Kobuki_impl.cpp.o[0m
[ 87%] [32mBuilding CXX object CMakeFiles/turtlebot2.dir/kobuki/Thread.cpp.o[0m
[ 89%] [32mBuilding CXX object CMakeFiles/turtlebot2.dir/kobuki/Transport.cpp.o[0m
[ 91%] [32mBuilding CXX object CMakeFiles/turtlebot2.dir/kobuki/libkobuki.cpp.o[0m
[ 92%] [32m[1mLinking CXX shared library lib/libTurtlebot.so[0m
[ 94%] [32mBuilding CXX object CMakeFiles/turtlebot2.dir/kobuki/KobukiBase.cpp.o[0m
[ 94%] Built target Turtlebot
[ 96%] [32mBuilding CXX object CMakeFiles/turtlebot2.dir/kobuki/SerialPort.cpp.o[0m
[ 98%] [32mBuilding CXX object CMakeFiles/turtlebot2.dir/kobuki/Translator.cpp.o[0m
[100%] [32m[1mLinking CXX executable bin/turtlebot2[0m
[100%] Built target turtlebot2
[ 15%] Built target kobuki
[ 21%] Built target Transport
[ 24%] Built target Thread
[ 28%] Built target DockingController
[ 38%] Built target KobukiBase
[ 42%] Built target SerialPort
[ 56%] Built target Kobuki_impl
[ 59%] Built target Translator
[ 77%] Built target kobukicwrapper
[ 80%] Built target Turtlebot
[100%] Built target turtlebot2
[36mInstall the project...[0m
-- Install configuration: ""
-- Installing: /home/turtlebot2/Desktop/turtlebot2_ros2/install/turtlebot_bringup/lib/turtlebot_bringup/turtlebot2
-- Set runtime path of "/home/turtlebot2/Desktop/turtlebot2_ros2/install/turtlebot_bringup/lib/turtlebot_bringup/turtlebot2" to ""
-- Installing: /home/turtlebot2/Desktop/turtlebot2_ros2/install/turtlebot_bringup/share/turtlebot_bringup/launch
-- Installing: /home/turtlebot2/Desktop/turtlebot2_ros2/install/turtlebot_bringup/share/turtlebot_bringup/launch/minimal.launch.py
-- Installing: /home/turtlebot2/Desktop/turtlebot2_ros2/install/turtlebot_bringup/share/ament_index/resource_index/package_run_dependencies/turtlebot_bringup
-- Installing: /home/turtlebot2/Desktop/turtlebot2_ros2/install/turtlebot_bringup/share/ament_index/resource_index/parent_prefix_path/turtlebot_bringup
-- Installing: /home/turtlebot2/Desktop/turtlebot2_ros2/install/turtlebot_bringup/share/turtlebot_bringup/environment/ament_prefix_path.sh
-- Installing: /home/turtlebot2/Desktop/turtlebot2_ros2/install/turtlebot_bringup/share/turtlebot_bringup/environment/path.sh
-- Installing: /home/turtlebot2/Desktop/turtlebot2_ros2/install/turtlebot_bringup/share/turtlebot_bringup/local_setup.bash
-- Installing: /home/turtlebot2/Desktop/turtlebot2_ros2/install/turtlebot_bringup/share/turtlebot_bringup/local_setup.sh
-- Installing: /home/turtlebot2/Desktop/turtlebot2_ros2/install/turtlebot_bringup/share/turtlebot_bringup/local_setup.zsh
-- Installing: /home/turtlebot2/Desktop/turtlebot2_ros2/install/turtlebot_bringup/share/ament_index/resource_index/packages/turtlebot_bringup
-- Installing: /home/turtlebot2/Desktop/turtlebot2_ros2/install/turtlebot_bringup/share/turtlebot_bringup/cmake/turtlebot_bringupConfig.cmake
-- Installing: /home/turtlebot2/Desktop/turtlebot2_ros2/install/turtlebot_bringup/share/turtlebot_bringup/cmake/turtlebot_bringupConfig-version.cmake
-- Installing: /home/turtlebot2/Desktop/turtlebot2_ros2/install/turtlebot_bringup/share/turtlebot_bringup/package.xml
